preview of orig and new R1 file names...
ZdA1000111B_CKDL240013780-1A_2277W2LT4_L2_1.fq.gz Zdi-ADup_001-Ex1-11B-lcwgs-1-1.1.fq.gz
ZdA1000209G_CKDL240013780-1A_2277W2LT4_L2_1.fq.gz Zdi-ADup_002-Ex1-9G-lcwgs-1-1.1.fq.gz
ZdA1000309H_CKDL240013780-1A_2277W2LT4_L2_1.fq.gz Zdi-ADup_003-Ex1-9H-lcwgs-1-1.1.fq.gz
ZdA1000410A_CKDL240013780-1A_2277W2LT4_L2_1.fq.gz Zdi-ADup_004-Ex1-10A-lcwgs-1-1.1.fq.gz
ZdA1000510B_CKDL240013780-1A_2277W2LT4_L2_1.fq.gz Zdi-ADup_005-Ex1-10B-lcwgs-1-1.1.fq.gz
ZdA1000610C_CKDL240013780-1A_2277W2LT4_L2_1.fq.gz Zdi-ADup_006-Ex1-10C-lcwgs-1-1.1.fq.gz
ZdA1000710D_CKDL240013780-1A_2277W2LT4_L2_1.fq.gz Zdi-ADup_007-Ex1-10D-lcwgs-1-1.1.fq.gz
ZdA1000810E_CKDL240013780-1A_2277W2LT4_L2_1.fq.gz Zdi-ADup_008-Ex1-10E-lcwgs-1-1.1.fq.gz
ZdA1000910F_CKDL240013780-1A_2277W2LT4_L2_1.fq.gz Zdi-ADup_009-Ex1-10F-lcwgs-1-1.1.fq.gz
ZdA1001010G_CKDL240013780-1A_2277W2LT4_L2_1.fq.gz Zdi-ADup_010-Ex1-10G-lcwgs-1-1.1.fq.gz
ZdA1001110H_CKDL240013780-1A_2277W2LT4_L2_1.fq.gz Zdi-ADup_011-Ex1-10H-lcwgs-1-1.1.fq.gz
ZdA1001211A_CKDL240013780-1A_2277W2LT4_L2_1.fq.gz Zdi-ADup_012-Ex1-11A-lcwgs-1-1.1.fq.gz
ZdA1001312F_CKDL240013780-1A_2277W2LT4_L2_1.fq.gz Zdi-ADup_013-Ex1-12F-lcwgs-1-1.1.fq.gz
ZdA1001411C_CKDL240013780-1A_2277W2LT4_L2_1.fq.gz Zdi-ADup_014-Ex1-11C-lcwgs-1-1.1.fq.gz
ZdA1001511D_CKDL240013780-1A_2277W2LT4_L2_1.fq.gz Zdi-ADup_015-Ex1-11D-lcwgs-1-1.1.fq.gz
ZdA1001611E_CKDL240013780-1A_2277W2LT4_L2_1.fq.gz Zdi-ADup_016-Ex1-11E-lcwgs-1-1.1.fq.gz
ZdA1001711F_CKDL240013780-1A_2277W2LT4_L2_1.fq.gz Zdi-ADup_017-Ex1-11F-lcwgs-1-1.1.fq.gz
ZdA1001811G_CKDL240013780-1A_2277W2LT4_L2_1.fq.gz Zdi-ADup_018-Ex1-11G-lcwgs-1-1.1.fq.gz
ZdA1001911H_CKDL240013780-1A_2277W2LT4_L2_1.fq.gz Zdi-ADup_019-Ex1-11H-lcwgs-1-1.1.fq.gz
ZdA1002012A_CKDL240013780-1A_2277W2LT4_L2_1.fq.gz Zdi-ADup_020-Ex1-12A-lcwgs-1-1.1.fq.gz
ZdA1002112B_CKDL240013780-1A_2277W2LT4_L2_1.fq.gz Zdi-ADup_021-Ex1-12B-lcwgs-1-1.1.fq.gz
ZdA1002212C_CKDL240013780-1A_2277W2LT4_L2_1.fq.gz Zdi-ADup_022-Ex1-12C-lcwgs-1-1.1.fq.gz
ZdA1002312D_CKDL240013780-1A_2277W2LT4_L2_1.fq.gz Zdi-ADup_023-Ex1-12D-lcwgs-1-1.1.fq.gz
ZdA1002412E_CKDL240013780-1A_2277W2LT4_L2_1.fq.gz Zdi-ADup_024-Ex1-12E-lcwgs-1-1.1.fq.gz
ZdA1002502A_CKDL240013780-1A_2277W2LT4_L2_1.fq.gz Zdi-ADup_025-Ex1-2A-lcwgs-1-1.1.fq.gz
ZdA1002612G_CKDL240013780-1A_2277W2LT4_L2_1.fq.gz Zdi-ADup_026-Ex1-12G-lcwgs-1-1.1.fq.gz
ZdA1002712H_CKDL240013780-1A_2277W2LT4_L2_1.fq.gz Zdi-ADup_027-Ex1-12H-lcwgs-1-1.1.fq.gz
ZdA1002809F_CKDL240013780-1A_2277W2LT4_L2_1.fq.gz Zdi-ADup_028-Ex1-9F-lcwgs-1-1.1.fq.gz
ZdA1002901A_CKDL240013780-1A_2277W2LT4_L2_1.fq.gz Zdi-ADup_029-Ex1-1A-lcwgs-1-1.1.fq.gz
ZdA1003001B_CKDL240013780-1A_2277W2LT4_L2_1.fq.gz Zdi-ADup_030-Ex1-1B-lcwgs-1-1.1.fq.gz
ZdA1003101C_CKDL240013780-1A_2277W2LT4_L2_1.fq.gz Zdi-ADup_031-Ex1-1C-lcwgs-1-1.1.fq.gz
ZdA1003201D_CKDL240013780-1A_2277W2LT4_L2_1.fq.gz Zdi-ADup_032-Ex1-1D-lcwgs-1-1.1.fq.gz
ZdA1003301E_CKDL240013780-1A_2277W2LT4_L2_1.fq.gz Zdi-ADup_033-Ex1-1E-lcwgs-1-1.1.fq.gz
ZdA1003401F_CKDL240013780-1A_2277W2LT4_L2_1.fq.gz Zdi-ADup_034-Ex1-1F-lcwgs-1-1.1.fq.gz
ZdA1003501G_CKDL240013780-1A_2277W2LT4_L2_1.fq.gz Zdi-ADup_035-Ex1-1G-lcwgs-1-1.1.fq.gz
ZdA1003601H_CKDL240013780-1A_2277W2LT4_L2_1.fq.gz Zdi-ADup_036-Ex1-1H-lcwgs-1-1.1.fq.gz
ZdA1003703D_CKDL240013780-1A_2277W2LT4_L2_1.fq.gz Zdi-ADup_037-Ex1-3D-lcwgs-1-1.1.fq.gz
ZdA1003802B_CKDL240013780-1A_2277W2LT4_L2_1.fq.gz Zdi-ADup_038-Ex1-2B-lcwgs-1-1.1.fq.gz
ZdA1003902C_CKDL240013780-1A_2277W2LT4_L2_1.fq.gz Zdi-ADup_039-Ex1-2C-lcwgs-1-1.1.fq.gz
ZdA1004002D_CKDL240013780-1A_2277W2LT4_L2_1.fq.gz Zdi-ADup_040-Ex1-2D-lcwgs-1-1.1.fq.gz
ZdA1004102E_CKDL240013780-1A_2277W2LT4_L2_1.fq.gz Zdi-ADup_041-Ex1-2E-lcwgs-1-1.1.fq.gz
ZdA1004202F_CKDL240013780-1A_2277W2LT4_L2_1.fq.gz Zdi-ADup_042-Ex1-2F-lcwgs-1-1.1.fq.gz
ZdA1004302G_CKDL240013780-1A_2277W2LT4_L2_1.fq.gz Zdi-ADup_043-Ex1-2G-lcwgs-1-1.1.fq.gz
ZdA1004402H_CKDL240013780-1A_2277W2LT4_L2_1.fq.gz Zdi-ADup_044-Ex1-2H-lcwgs-1-1.1.fq.gz
ZdA1004503A_CKDL240013780-1A_2277W2LT4_L2_1.fq.gz Zdi-ADup_045-Ex1-3A-lcwgs-1-1.1.fq.gz
ZdA1004603B_CKDL240013780-1A_2277W2LT4_L2_1.fq.gz Zdi-ADup_046-Ex1-3B-lcwgs-1-1.1.fq.gz
ZdA1004703C_CKDL240013780-1A_2277W2LT4_L2_1.fq.gz Zdi-ADup_047-Ex1-3C-lcwgs-1-1.1.fq.gz
ZdC0100105D_CKDL240013780-1A_2277W2LT4_L2_1.fq.gz Zdi-CDup_001-Ex1-5D-lcwgs-1-1.1.fq.gz
ZdC0100205E_CKDL240013780-1A_2277W2LT4_L2_1.fq.gz Zdi-CDup_002-Ex1-5E-lcwgs-1-1.1.fq.gz
ZdC0100305F_CKDL240013780-1A_2277W2LT4_L2_1.fq.gz Zdi-CDup_003-Ex1-5F-lcwgs-1-1.1.fq.gz
ZdC0100405G_CKDL240013780-1A_2277W2LT4_L2_1.fq.gz Zdi-CDup_004-Ex1-5G-lcwgs-1-1.1.fq.gz
ZdC0100505H_CKDL240013780-1A_2277W2LT4_L2_1.fq.gz Zdi-CDup_005-Ex1-5H-lcwgs-1-1.1.fq.gz
ZdC0100606A_CKDL240013780-1A_2277W2LT4_L2_1.fq.gz Zdi-CDup_006-Ex1-6A-lcwgs-1-1.1.fq.gz
ZdC0100706B_CKDL240013780-1A_2277W2LT4_L2_1.fq.gz Zdi-CDup_007-Ex1-6B-lcwgs-1-1.1.fq.gz
ZdC0100806C_CKDL240013780-1A_2277W2LT4_L2_1.fq.gz Zdi-CDup_008-Ex1-6C-lcwgs-1-1.1.fq.gz
ZdC0101006D_CKDL240013780-1A_2277W2LT4_L2_1.fq.gz Zdi-CDup_010-Ex1-6D-lcwgs-1-1.1.fq.gz
ZdC0101106E_CKDL240013780-1A_2277W2LT4_L2_1.fq.gz Zdi-CDup_011-Ex1-6E-lcwgs-1-1.1.fq.gz
ZdC0101206F_CKDL240013780-1A_2277W2LT4_L2_1.fq.gz Zdi-CDup_012-Ex1-6F-lcwgs-1-1.1.fq.gz
ZdC0101306G_CKDL240013780-1A_2277W2LT4_L2_1.fq.gz Zdi-CDup_013-Ex1-6G-lcwgs-1-1.1.fq.gz
ZdC0101406H_CKDL240013780-1A_2277W2LT4_L2_1.fq.gz Zdi-CDup_014-Ex1-6H-lcwgs-1-1.1.fq.gz
ZdC0101507A_CKDL240013780-1A_2277W2LT4_L2_1.fq.gz Zdi-CDup_015-Ex1-7A-lcwgs-1-1.1.fq.gz
ZdC0101607B_CKDL240013780-1A_2277W2LT4_L2_1.fq.gz Zdi-CDup_016-Ex1-7B-lcwgs-1-1.1.fq.gz
ZdC0101707C_CKDL240013780-1A_2277W2LT4_L2_1.fq.gz Zdi-CDup_017-Ex1-7C-lcwgs-1-1.1.fq.gz
ZdC0101807D_CKDL240013780-1A_2277W2LT4_L2_1.fq.gz Zdi-CDup_018-Ex1-7D-lcwgs-1-1.1.fq.gz
ZdC0101907E_CKDL240013780-1A_2277W2LT4_L2_1.fq.gz Zdi-CDup_019-Ex1-7E-lcwgs-1-1.1.fq.gz
ZdC0102007F_CKDL240013780-1A_2277W2LT4_L2_1.fq.gz Zdi-CDup_020-Ex1-7F-lcwgs-1-1.1.fq.gz
ZdC0102107G_CKDL240013780-1A_2277W2LT4_L2_1.fq.gz Zdi-CDup_021-Ex1-7G-lcwgs-1-1.1.fq.gz
ZdC0102207H_CKDL240013780-1A_2277W2LT4_L2_1.fq.gz Zdi-CDup_022-Ex1-7H-lcwgs-1-1.1.fq.gz
ZdC0102308A_CKDL240013780-1A_2277W2LT4_L2_1.fq.gz Zdi-CDup_023-Ex1-8A-lcwgs-1-1.1.fq.gz
ZdC0102408B_CKDL240013780-1A_2277W2LT4_L2_1.fq.gz Zdi-CDup_024-Ex1-8B-lcwgs-1-1.1.fq.gz
ZdC0102508C_CKDL240013780-1A_2277W2LT4_L2_1.fq.gz Zdi-CDup_025-Ex1-8C-lcwgs-1-1.1.fq.gz
ZdC0102608D_CKDL240013780-1A_2277W2LT4_L2_1.fq.gz Zdi-CDup_026-Ex1-8D-lcwgs-1-1.1.fq.gz
ZdC0102708E_CKDL240013780-1A_2277W2LT4_L2_1.fq.gz Zdi-CDup_027-Ex1-8E-lcwgs-1-1.1.fq.gz
ZdC0102808F_CKDL240013780-1A_2277W2LT4_L2_1.fq.gz Zdi-CDup_028-Ex1-8F-lcwgs-1-1.1.fq.gz
ZdC0102908G_CKDL240013780-1A_2277W2LT4_L2_1.fq.gz Zdi-CDup_029-Ex1-8G-lcwgs-1-1.1.fq.gz
ZdC0103008H_CKDL240013780-1A_2277W2LT4_L2_1.fq.gz Zdi-CDup_030-Ex1-8H-lcwgs-1-1.1.fq.gz
ZdC0103109A_CKDL240013780-1A_2277W2LT4_L2_1.fq.gz Zdi-CDup_031-Ex1-9A-lcwgs-1-1.1.fq.gz
ZdC0103209B_CKDL240013780-1A_2277W2LT4_L2_1.fq.gz Zdi-CDup_032-Ex1-9B-lcwgs-1-1.1.fq.gz
ZdC0103309C_CKDL240013780-1A_2277W2LT4_L2_1.fq.gz Zdi-CDup_033-Ex1-9C-lcwgs-1-1.1.fq.gz
ZdC0103409D_CKDL240013780-1A_2277W2LT4_L2_1.fq.gz Zdi-CDup_034-Ex1-9D-lcwgs-1-1.1.fq.gz
ZdC0103509E_CKDL240013780-1A_2277W2LT4_L2_1.fq.gz Zdi-CDup_035-Ex1-9E-lcwgs-1-1.1.fq.gz
ZdC0103609F_CKDL240013780-1A_2277W2LT4_L2_1.fq.gz Zdi-CDup_036-Ex1-9F-lcwgs-1-1.1.fq.gz
ZdC0103709G_CKDL240013780-1A_2277W2LT4_L2_1.fq.gz Zdi-CDup_037-Ex1-9G-lcwgs-1-1.1.fq.gz
ZdC0103809H_CKDL240013780-1A_2277W2LT4_L2_1.fq.gz Zdi-CDup_038-Ex1-9H-lcwgs-1-1.1.fq.gz
ZdC0103910A_CKDL240013780-1A_2277W2LT4_L2_1.fq.gz Zdi-CDup_039-Ex1-10A-lcwgs-1-1.1.fq.gz
ZdC0104010B_CKDL240013780-1A_2277W2LT4_L2_1.fq.gz Zdi-CDup_040-Ex1-10B-lcwgs-1-1.1.fq.gz
ZdC0104110C_CKDL240013780-1A_2277W2LT4_L2_1.fq.gz Zdi-CDup_041-Ex1-10C-lcwgs-1-1.1.fq.gz
ZdC0104210D_CKDL240013780-1A_2277W2LT4_L2_1.fq.gz Zdi-CDup_042-Ex1-10D-lcwgs-1-1.1.fq.gz
ZdC0104310E_CKDL240013780-1A_2277W2LT4_L2_1.fq.gz Zdi-CDup_043-Ex1-10E-lcwgs-1-1.1.fq.gz
ZdC0104410F_CKDL240013780-1A_2277W2LT4_L2_1.fq.gz Zdi-CDup_044-Ex1-10F-lcwgs-1-1.1.fq.gz
ZdC0104510G_CKDL240013780-1A_2277W2LT4_L2_1.fq.gz Zdi-CDup_045-Ex1-10G-lcwgs-1-1.1.fq.gz
ZdC0104610H_CKDL240013780-1A_2277W2LT4_L2_1.fq.gz Zdi-CDup_046-Ex1-10H-lcwgs-1-1.1.fq.gz
ZdC0104711A_CKDL240013780-1A_2277W2LT4_L2_1.fq.gz Zdi-CDup_047-Ex1-11A-lcwgs-1-1.1.fq.gz
ZdC0104811B_CKDL240013780-1A_2277W2LT4_L2_1.fq.gz Zdi-CDup_048-Ex1-11B-lcwgs-1-1.1.fq.gz
ZdC0104911C_CKDL240013780-1A_2277W2LT4_L2_1.fq.gz Zdi-CDup_049-Ex1-11C-lcwgs-1-1.1.fq.gz
ZdC0105011D_CKDL240013780-1A_2277W2LT4_L2_1.fq.gz Zdi-CDup_050-Ex1-11D-lcwgs-1-1.1.fq.gz
ZdC0105111E_CKDL240013780-1A_2277W2LT4_L2_1.fq.gz Zdi-CDup_051-Ex1-11E-lcwgs-1-1.1.fq.gz
ZdC0105311F_CKDL240013780-1A_2277W2LT4_L2_1.fq.gz Zdi-CDup_053-Ex1-11F-lcwgs-1-1.1.fq.gz
ZdC0105411G_CKDL240013780-1A_2277W2LT4_L2_1.fq.gz Zdi-CDup_054-Ex1-11G-lcwgs-1-1.1.fq.gz
ZdC0105511H_CKDL240013780-1A_2277W2LT4_L2_1.fq.gz Zdi-CDup_055-Ex1-11H-lcwgs-1-1.1.fq.gz
ZdC0105612A_CKDL240013780-1A_2277W2LT4_L2_1.fq.gz Zdi-CDup_056-Ex1-12A-lcwgs-1-1.1.fq.gz
ZdC0105712B_CKDL240013780-1A_2277W2LT4_L2_1.fq.gz Zdi-CDup_057-Ex1-12B-lcwgs-1-1.1.fq.gz
ZdC0105812C_CKDL240013780-1A_2277W2LT4_L2_1.fq.gz Zdi-CDup_058-Ex1-12C-lcwgs-1-1.1.fq.gz
ZdC0105912D_CKDL240013780-1A_2277W2LT4_L2_1.fq.gz Zdi-CDup_059-Ex1-12D-lcwgs-1-1.1.fq.gz
ZdC0106012E_CKDL240013780-1A_2277W2LT4_L2_1.fq.gz Zdi-CDup_060-Ex1-12E-lcwgs-1-1.1.fq.gz
ZdC0106112F_CKDL240013780-1A_2277W2LT4_L2_1.fq.gz Zdi-CDup_061-Ex1-12F-lcwgs-1-1.1.fq.gz
ZdC0106212G_CKDL240013780-1A_2277W2LT4_L2_1.fq.gz Zdi-CDup_062-Ex1-12G-lcwgs-1-1.1.fq.gz
ZdC0106405A_CKDL240013780-1A_2277W2LT4_L2_1.fq.gz Zdi-CDup_064-Ex1-5A-lcwgs-1-1.1.fq.gz
ZdC0106505B_CKDL240013780-1A_2277W2LT4_L2_1.fq.gz Zdi-CDup_065-Ex1-5B-lcwgs-1-1.1.fq.gz
ZdC0106605C_CKDL240013780-1A_2277W2LT4_L2_1.fq.gz Zdi-CDup_066-Ex1-5C-lcwgs-1-1.1.fq.gz
ZdC0107112H_CKDL240013780-1A_2277W2LT4_L2_1.fq.gz Zdi-CDup_071-Ex1-12H-lcwgs-1-1.1.fq.gz
preview of orig and new R2 file names...
ZdA1000111B_CKDL240013780-1A_2277W2LT4_L2_2.fq.gz Zdi-ADup_001-Ex1-11B-lcwgs-1-1.2.fq.gz
ZdA1000209G_CKDL240013780-1A_2277W2LT4_L2_2.fq.gz Zdi-ADup_002-Ex1-9G-lcwgs-1-1.2.fq.gz
ZdA1000309H_CKDL240013780-1A_2277W2LT4_L2_2.fq.gz Zdi-ADup_003-Ex1-9H-lcwgs-1-1.2.fq.gz
ZdA1000410A_CKDL240013780-1A_2277W2LT4_L2_2.fq.gz Zdi-ADup_004-Ex1-10A-lcwgs-1-1.2.fq.gz
ZdA1000510B_CKDL240013780-1A_2277W2LT4_L2_2.fq.gz Zdi-ADup_005-Ex1-10B-lcwgs-1-1.2.fq.gz
ZdA1000610C_CKDL240013780-1A_2277W2LT4_L2_2.fq.gz Zdi-ADup_006-Ex1-10C-lcwgs-1-1.2.fq.gz
ZdA1000710D_CKDL240013780-1A_2277W2LT4_L2_2.fq.gz Zdi-ADup_007-Ex1-10D-lcwgs-1-1.2.fq.gz
ZdA1000810E_CKDL240013780-1A_2277W2LT4_L2_2.fq.gz Zdi-ADup_008-Ex1-10E-lcwgs-1-1.2.fq.gz
ZdA1000910F_CKDL240013780-1A_2277W2LT4_L2_2.fq.gz Zdi-ADup_009-Ex1-10F-lcwgs-1-1.2.fq.gz
ZdA1001010G_CKDL240013780-1A_2277W2LT4_L2_2.fq.gz Zdi-ADup_010-Ex1-10G-lcwgs-1-1.2.fq.gz
ZdA1001110H_CKDL240013780-1A_2277W2LT4_L2_2.fq.gz Zdi-ADup_011-Ex1-10H-lcwgs-1-1.2.fq.gz
ZdA1001211A_CKDL240013780-1A_2277W2LT4_L2_2.fq.gz Zdi-ADup_012-Ex1-11A-lcwgs-1-1.2.fq.gz
ZdA1001312F_CKDL240013780-1A_2277W2LT4_L2_2.fq.gz Zdi-ADup_013-Ex1-12F-lcwgs-1-1.2.fq.gz
ZdA1001411C_CKDL240013780-1A_2277W2LT4_L2_2.fq.gz Zdi-ADup_014-Ex1-11C-lcwgs-1-1.2.fq.gz
ZdA1001511D_CKDL240013780-1A_2277W2LT4_L2_2.fq.gz Zdi-ADup_015-Ex1-11D-lcwgs-1-1.2.fq.gz
ZdA1001611E_CKDL240013780-1A_2277W2LT4_L2_2.fq.gz Zdi-ADup_016-Ex1-11E-lcwgs-1-1.2.fq.gz
ZdA1001711F_CKDL240013780-1A_2277W2LT4_L2_2.fq.gz Zdi-ADup_017-Ex1-11F-lcwgs-1-1.2.fq.gz
ZdA1001811G_CKDL240013780-1A_2277W2LT4_L2_2.fq.gz Zdi-ADup_018-Ex1-11G-lcwgs-1-1.2.fq.gz
ZdA1001911H_CKDL240013780-1A_2277W2LT4_L2_2.fq.gz Zdi-ADup_019-Ex1-11H-lcwgs-1-1.2.fq.gz
ZdA1002012A_CKDL240013780-1A_2277W2LT4_L2_2.fq.gz Zdi-ADup_020-Ex1-12A-lcwgs-1-1.2.fq.gz
ZdA1002112B_CKDL240013780-1A_2277W2LT4_L2_2.fq.gz Zdi-ADup_021-Ex1-12B-lcwgs-1-1.2.fq.gz
ZdA1002212C_CKDL240013780-1A_2277W2LT4_L2_2.fq.gz Zdi-ADup_022-Ex1-12C-lcwgs-1-1.2.fq.gz
ZdA1002312D_CKDL240013780-1A_2277W2LT4_L2_2.fq.gz Zdi-ADup_023-Ex1-12D-lcwgs-1-1.2.fq.gz
ZdA1002412E_CKDL240013780-1A_2277W2LT4_L2_2.fq.gz Zdi-ADup_024-Ex1-12E-lcwgs-1-1.2.fq.gz
ZdA1002502A_CKDL240013780-1A_2277W2LT4_L2_2.fq.gz Zdi-ADup_025-Ex1-2A-lcwgs-1-1.2.fq.gz
ZdA1002612G_CKDL240013780-1A_2277W2LT4_L2_2.fq.gz Zdi-ADup_026-Ex1-12G-lcwgs-1-1.2.fq.gz
ZdA1002712H_CKDL240013780-1A_2277W2LT4_L2_2.fq.gz Zdi-ADup_027-Ex1-12H-lcwgs-1-1.2.fq.gz
ZdA1002809F_CKDL240013780-1A_2277W2LT4_L2_2.fq.gz Zdi-ADup_028-Ex1-9F-lcwgs-1-1.2.fq.gz
ZdA1002901A_CKDL240013780-1A_2277W2LT4_L2_2.fq.gz Zdi-ADup_029-Ex1-1A-lcwgs-1-1.2.fq.gz
ZdA1003001B_CKDL240013780-1A_2277W2LT4_L2_2.fq.gz Zdi-ADup_030-Ex1-1B-lcwgs-1-1.2.fq.gz
ZdA1003101C_CKDL240013780-1A_2277W2LT4_L2_2.fq.gz Zdi-ADup_031-Ex1-1C-lcwgs-1-1.2.fq.gz
ZdA1003201D_CKDL240013780-1A_2277W2LT4_L2_2.fq.gz Zdi-ADup_032-Ex1-1D-lcwgs-1-1.2.fq.gz
ZdA1003301E_CKDL240013780-1A_2277W2LT4_L2_2.fq.gz Zdi-ADup_033-Ex1-1E-lcwgs-1-1.2.fq.gz
ZdA1003401F_CKDL240013780-1A_2277W2LT4_L2_2.fq.gz Zdi-ADup_034-Ex1-1F-lcwgs-1-1.2.fq.gz
ZdA1003501G_CKDL240013780-1A_2277W2LT4_L2_2.fq.gz Zdi-ADup_035-Ex1-1G-lcwgs-1-1.2.fq.gz
ZdA1003601H_CKDL240013780-1A_2277W2LT4_L2_2.fq.gz Zdi-ADup_036-Ex1-1H-lcwgs-1-1.2.fq.gz
ZdA1003703D_CKDL240013780-1A_2277W2LT4_L2_2.fq.gz Zdi-ADup_037-Ex1-3D-lcwgs-1-1.2.fq.gz
ZdA1003802B_CKDL240013780-1A_2277W2LT4_L2_2.fq.gz Zdi-ADup_038-Ex1-2B-lcwgs-1-1.2.fq.gz
ZdA1003902C_CKDL240013780-1A_2277W2LT4_L2_2.fq.gz Zdi-ADup_039-Ex1-2C-lcwgs-1-1.2.fq.gz
ZdA1004002D_CKDL240013780-1A_2277W2LT4_L2_2.fq.gz Zdi-ADup_040-Ex1-2D-lcwgs-1-1.2.fq.gz
ZdA1004102E_CKDL240013780-1A_2277W2LT4_L2_2.fq.gz Zdi-ADup_041-Ex1-2E-lcwgs-1-1.2.fq.gz
ZdA1004202F_CKDL240013780-1A_2277W2LT4_L2_2.fq.gz Zdi-ADup_042-Ex1-2F-lcwgs-1-1.2.fq.gz
ZdA1004302G_CKDL240013780-1A_2277W2LT4_L2_2.fq.gz Zdi-ADup_043-Ex1-2G-lcwgs-1-1.2.fq.gz
ZdA1004402H_CKDL240013780-1A_2277W2LT4_L2_2.fq.gz Zdi-ADup_044-Ex1-2H-lcwgs-1-1.2.fq.gz
ZdA1004503A_CKDL240013780-1A_2277W2LT4_L2_2.fq.gz Zdi-ADup_045-Ex1-3A-lcwgs-1-1.2.fq.gz
ZdA1004603B_CKDL240013780-1A_2277W2LT4_L2_2.fq.gz Zdi-ADup_046-Ex1-3B-lcwgs-1-1.2.fq.gz
ZdA1004703C_CKDL240013780-1A_2277W2LT4_L2_2.fq.gz Zdi-ADup_047-Ex1-3C-lcwgs-1-1.2.fq.gz
ZdC0100105D_CKDL240013780-1A_2277W2LT4_L2_2.fq.gz Zdi-CDup_001-Ex1-5D-lcwgs-1-1.2.fq.gz
ZdC0100205E_CKDL240013780-1A_2277W2LT4_L2_2.fq.gz Zdi-CDup_002-Ex1-5E-lcwgs-1-1.2.fq.gz
ZdC0100305F_CKDL240013780-1A_2277W2LT4_L2_2.fq.gz Zdi-CDup_003-Ex1-5F-lcwgs-1-1.2.fq.gz
ZdC0100405G_CKDL240013780-1A_2277W2LT4_L2_2.fq.gz Zdi-CDup_004-Ex1-5G-lcwgs-1-1.2.fq.gz
ZdC0100505H_CKDL240013780-1A_2277W2LT4_L2_2.fq.gz Zdi-CDup_005-Ex1-5H-lcwgs-1-1.2.fq.gz
ZdC0100606A_CKDL240013780-1A_2277W2LT4_L2_2.fq.gz Zdi-CDup_006-Ex1-6A-lcwgs-1-1.2.fq.gz
ZdC0100706B_CKDL240013780-1A_2277W2LT4_L2_2.fq.gz Zdi-CDup_007-Ex1-6B-lcwgs-1-1.2.fq.gz
ZdC0100806C_CKDL240013780-1A_2277W2LT4_L2_2.fq.gz Zdi-CDup_008-Ex1-6C-lcwgs-1-1.2.fq.gz
ZdC0101006D_CKDL240013780-1A_2277W2LT4_L2_2.fq.gz Zdi-CDup_010-Ex1-6D-lcwgs-1-1.2.fq.gz
ZdC0101106E_CKDL240013780-1A_2277W2LT4_L2_2.fq.gz Zdi-CDup_011-Ex1-6E-lcwgs-1-1.2.fq.gz
ZdC0101206F_CKDL240013780-1A_2277W2LT4_L2_2.fq.gz Zdi-CDup_012-Ex1-6F-lcwgs-1-1.2.fq.gz
ZdC0101306G_CKDL240013780-1A_2277W2LT4_L2_2.fq.gz Zdi-CDup_013-Ex1-6G-lcwgs-1-1.2.fq.gz
ZdC0101406H_CKDL240013780-1A_2277W2LT4_L2_2.fq.gz Zdi-CDup_014-Ex1-6H-lcwgs-1-1.2.fq.gz
ZdC0101507A_CKDL240013780-1A_2277W2LT4_L2_2.fq.gz Zdi-CDup_015-Ex1-7A-lcwgs-1-1.2.fq.gz
ZdC0101607B_CKDL240013780-1A_2277W2LT4_L2_2.fq.gz Zdi-CDup_016-Ex1-7B-lcwgs-1-1.2.fq.gz
ZdC0101707C_CKDL240013780-1A_2277W2LT4_L2_2.fq.gz Zdi-CDup_017-Ex1-7C-lcwgs-1-1.2.fq.gz
ZdC0101807D_CKDL240013780-1A_2277W2LT4_L2_2.fq.gz Zdi-CDup_018-Ex1-7D-lcwgs-1-1.2.fq.gz
ZdC0101907E_CKDL240013780-1A_2277W2LT4_L2_2.fq.gz Zdi-CDup_019-Ex1-7E-lcwgs-1-1.2.fq.gz
ZdC0102007F_CKDL240013780-1A_2277W2LT4_L2_2.fq.gz Zdi-CDup_020-Ex1-7F-lcwgs-1-1.2.fq.gz
ZdC0102107G_CKDL240013780-1A_2277W2LT4_L2_2.fq.gz Zdi-CDup_021-Ex1-7G-lcwgs-1-1.2.fq.gz
ZdC0102207H_CKDL240013780-1A_2277W2LT4_L2_2.fq.gz Zdi-CDup_022-Ex1-7H-lcwgs-1-1.2.fq.gz
ZdC0102308A_CKDL240013780-1A_2277W2LT4_L2_2.fq.gz Zdi-CDup_023-Ex1-8A-lcwgs-1-1.2.fq.gz
ZdC0102408B_CKDL240013780-1A_2277W2LT4_L2_2.fq.gz Zdi-CDup_024-Ex1-8B-lcwgs-1-1.2.fq.gz
ZdC0102508C_CKDL240013780-1A_2277W2LT4_L2_2.fq.gz Zdi-CDup_025-Ex1-8C-lcwgs-1-1.2.fq.gz
ZdC0102608D_CKDL240013780-1A_2277W2LT4_L2_2.fq.gz Zdi-CDup_026-Ex1-8D-lcwgs-1-1.2.fq.gz
ZdC0102708E_CKDL240013780-1A_2277W2LT4_L2_2.fq.gz Zdi-CDup_027-Ex1-8E-lcwgs-1-1.2.fq.gz
ZdC0102808F_CKDL240013780-1A_2277W2LT4_L2_2.fq.gz Zdi-CDup_028-Ex1-8F-lcwgs-1-1.2.fq.gz
ZdC0102908G_CKDL240013780-1A_2277W2LT4_L2_2.fq.gz Zdi-CDup_029-Ex1-8G-lcwgs-1-1.2.fq.gz
ZdC0103008H_CKDL240013780-1A_2277W2LT4_L2_2.fq.gz Zdi-CDup_030-Ex1-8H-lcwgs-1-1.2.fq.gz
ZdC0103109A_CKDL240013780-1A_2277W2LT4_L2_2.fq.gz Zdi-CDup_031-Ex1-9A-lcwgs-1-1.2.fq.gz
ZdC0103209B_CKDL240013780-1A_2277W2LT4_L2_2.fq.gz Zdi-CDup_032-Ex1-9B-lcwgs-1-1.2.fq.gz
ZdC0103309C_CKDL240013780-1A_2277W2LT4_L2_2.fq.gz Zdi-CDup_033-Ex1-9C-lcwgs-1-1.2.fq.gz
ZdC0103409D_CKDL240013780-1A_2277W2LT4_L2_2.fq.gz Zdi-CDup_034-Ex1-9D-lcwgs-1-1.2.fq.gz
ZdC0103509E_CKDL240013780-1A_2277W2LT4_L2_2.fq.gz Zdi-CDup_035-Ex1-9E-lcwgs-1-1.2.fq.gz
ZdC0103609F_CKDL240013780-1A_2277W2LT4_L2_2.fq.gz Zdi-CDup_036-Ex1-9F-lcwgs-1-1.2.fq.gz
ZdC0103709G_CKDL240013780-1A_2277W2LT4_L2_2.fq.gz Zdi-CDup_037-Ex1-9G-lcwgs-1-1.2.fq.gz
ZdC0103809H_CKDL240013780-1A_2277W2LT4_L2_2.fq.gz Zdi-CDup_038-Ex1-9H-lcwgs-1-1.2.fq.gz
ZdC0103910A_CKDL240013780-1A_2277W2LT4_L2_2.fq.gz Zdi-CDup_039-Ex1-10A-lcwgs-1-1.2.fq.gz
ZdC0104010B_CKDL240013780-1A_2277W2LT4_L2_2.fq.gz Zdi-CDup_040-Ex1-10B-lcwgs-1-1.2.fq.gz
ZdC0104110C_CKDL240013780-1A_2277W2LT4_L2_2.fq.gz Zdi-CDup_041-Ex1-10C-lcwgs-1-1.2.fq.gz
ZdC0104210D_CKDL240013780-1A_2277W2LT4_L2_2.fq.gz Zdi-CDup_042-Ex1-10D-lcwgs-1-1.2.fq.gz
ZdC0104310E_CKDL240013780-1A_2277W2LT4_L2_2.fq.gz Zdi-CDup_043-Ex1-10E-lcwgs-1-1.2.fq.gz
ZdC0104410F_CKDL240013780-1A_2277W2LT4_L2_2.fq.gz Zdi-CDup_044-Ex1-10F-lcwgs-1-1.2.fq.gz
ZdC0104510G_CKDL240013780-1A_2277W2LT4_L2_2.fq.gz Zdi-CDup_045-Ex1-10G-lcwgs-1-1.2.fq.gz
ZdC0104610H_CKDL240013780-1A_2277W2LT4_L2_2.fq.gz Zdi-CDup_046-Ex1-10H-lcwgs-1-1.2.fq.gz
ZdC0104711A_CKDL240013780-1A_2277W2LT4_L2_2.fq.gz Zdi-CDup_047-Ex1-11A-lcwgs-1-1.2.fq.gz
ZdC0104811B_CKDL240013780-1A_2277W2LT4_L2_2.fq.gz Zdi-CDup_048-Ex1-11B-lcwgs-1-1.2.fq.gz
ZdC0104911C_CKDL240013780-1A_2277W2LT4_L2_2.fq.gz Zdi-CDup_049-Ex1-11C-lcwgs-1-1.2.fq.gz
ZdC0105011D_CKDL240013780-1A_2277W2LT4_L2_2.fq.gz Zdi-CDup_050-Ex1-11D-lcwgs-1-1.2.fq.gz
ZdC0105111E_CKDL240013780-1A_2277W2LT4_L2_2.fq.gz Zdi-CDup_051-Ex1-11E-lcwgs-1-1.2.fq.gz
ZdC0105311F_CKDL240013780-1A_2277W2LT4_L2_2.fq.gz Zdi-CDup_053-Ex1-11F-lcwgs-1-1.2.fq.gz
ZdC0105411G_CKDL240013780-1A_2277W2LT4_L2_2.fq.gz Zdi-CDup_054-Ex1-11G-lcwgs-1-1.2.fq.gz
ZdC0105511H_CKDL240013780-1A_2277W2LT4_L2_2.fq.gz Zdi-CDup_055-Ex1-11H-lcwgs-1-1.2.fq.gz
ZdC0105612A_CKDL240013780-1A_2277W2LT4_L2_2.fq.gz Zdi-CDup_056-Ex1-12A-lcwgs-1-1.2.fq.gz
ZdC0105712B_CKDL240013780-1A_2277W2LT4_L2_2.fq.gz Zdi-CDup_057-Ex1-12B-lcwgs-1-1.2.fq.gz
ZdC0105812C_CKDL240013780-1A_2277W2LT4_L2_2.fq.gz Zdi-CDup_058-Ex1-12C-lcwgs-1-1.2.fq.gz
ZdC0105912D_CKDL240013780-1A_2277W2LT4_L2_2.fq.gz Zdi-CDup_059-Ex1-12D-lcwgs-1-1.2.fq.gz
ZdC0106012E_CKDL240013780-1A_2277W2LT4_L2_2.fq.gz Zdi-CDup_060-Ex1-12E-lcwgs-1-1.2.fq.gz
ZdC0106112F_CKDL240013780-1A_2277W2LT4_L2_2.fq.gz Zdi-CDup_061-Ex1-12F-lcwgs-1-1.2.fq.gz
ZdC0106212G_CKDL240013780-1A_2277W2LT4_L2_2.fq.gz Zdi-CDup_062-Ex1-12G-lcwgs-1-1.2.fq.gz
ZdC0106405A_CKDL240013780-1A_2277W2LT4_L2_2.fq.gz Zdi-CDup_064-Ex1-5A-lcwgs-1-1.2.fq.gz
ZdC0106505B_CKDL240013780-1A_2277W2LT4_L2_2.fq.gz Zdi-CDup_065-Ex1-5B-lcwgs-1-1.2.fq.gz
ZdC0106605C_CKDL240013780-1A_2277W2LT4_L2_2.fq.gz Zdi-CDup_066-Ex1-5C-lcwgs-1-1.2.fq.gz
ZdC0107112H_CKDL240013780-1A_2277W2LT4_L2_2.fq.gz Zdi-CDup_071-Ex1-12H-lcwgs-1-1.2.fq.gz
