[2024-05-23 12:55:04,120] multiqc                                            [DEBUG  ]  This is MultiQC v1.13
[2024-05-23 12:55:04,123] multiqc                                            [DEBUG  ]  Found command line config: {'max_table_rows': 3000}
[2024-05-23 12:55:04,123] multiqc                                            [DEBUG  ]  New config: {'max_table_rows': 3000}
[2024-05-23 12:55:04,123] multiqc                                            [DEBUG  ]  Command used: /opt/conda/bin/multiqc -v -p -ip -f --data-dir --data-format tsv --cl-config max_table_rows: 3000 --filename fastq_screen_report --outdir fq_fp1_clmp_fp2_fqscrn fq_fp1_clmp_fp2_fqscrn
[2024-05-23 12:55:04,622] multiqc                                            [WARNING]  MultiQC Version v1.22.1 now available!
[2024-05-23 12:55:04,622] multiqc                                            [DEBUG  ]  Working dir : /home/hpc-0356/pire_zenarchopterus_dispar_lcwgs/1st_sequencing_run
[2024-05-23 12:55:04,623] multiqc                                            [DEBUG  ]  Template    : default
[2024-05-23 12:55:04,623] multiqc                                            [DEBUG  ]  Running Python 3.9.12 (main, Aug 29 2022, 00:54:58)  [GCC 11.2.0]
[2024-05-23 12:55:04,624] multiqc                                            [DEBUG  ]  Analysing modules: custom_content, ccs, ngsderive, purple, conpair, lima, peddy, somalier, methylQA, mosdepth, phantompeakqualtools, qualimap, preseq, quast, qorts, rna_seqc, rockhopper, rsem, rseqc, busco, bustools, goleft_indexcov, gffcompare, disambiguate, supernova, deeptools, sargasso, verifybamid, mirtrace, happy, mirtop, sambamba, homer, hops, macs2, theta2, snpeff, gatk, htseq, bcftools, featureCounts, fgbio, dragen, dedup, pbmarkdup, damageprofiler, biobambam2, jcvi, mtnucratio, picard, vep, sentieon, prokka, qc3C, nanostat, samblaster, samtools, sexdeterrmine, eigenstratdatabasetools, bamtools, jellyfish, vcftools, longranger, stacks, varscan2, snippy, bbmap, bismark, biscuit, hicexplorer, hicup, hicpro, salmon, kallisto, slamdunk, star, hisat2, tophat, bowtie2, bowtie1, snpsplit, odgi, pangolin, kat, leehom, adapterRemoval, clipandmerge, cutadapt, flexbar, kaiju, kraken, malt, trimmomatic, sickle, skewer, sortmerna, biobloomtools, fastq_screen, afterqc, fastp, fastqc, pychopper, pycoqc, minionqc, multivcfanalyzer, clusterflow, checkqc, bcl2fastq, bclconvert, interop, ivar, flash, seqyclean, optitype, whatshap
[2024-05-23 12:55:04,624] multiqc                                            [DEBUG  ]  Using temporary directory for creating report: /tmp/tmplytgno1p
[2024-05-23 12:55:04,852] multiqc                                            [INFO   ]  Search path : /home/hpc-0356/pire_zenarchopterus_dispar_lcwgs/1st_sequencing_run/fq_fp1_clmp_fp2_fqscrn
[2024-05-23 12:55:24,556] multiqc                                            [DEBUG  ]  Summary of files that were skipped by the search: [skipped_module_specific_max_filesize: 416] // [skipped_no_match: 130] // [skipped_ignore_pattern: 66]
[2024-05-23 12:55:25,970] multiqc.plots.bargraph                             [DEBUG  ]  Using matplotlib version 3.1.2
[2024-05-23 12:55:25,971] multiqc.plots.linegraph                            [DEBUG  ]  Using matplotlib version 3.1.2
[2024-05-23 12:55:25,974] multiqc                                            [DEBUG  ]  No samples found: custom_content
[2024-05-23 12:55:26,074] multiqc.modules.fastq_screen.fastq_screen          [INFO   ]  Found 32 reports
[2024-05-23 12:55:32,769] multiqc                                            [INFO   ]  Compressing plot data
[2024-05-23 12:55:32,783] multiqc                                            [INFO   ]  Report      : fq_fp1_clmp_fp2_fqscrn/fastq_screen_report.html
[2024-05-23 12:55:32,783] multiqc                                            [INFO   ]  Data        : fq_fp1_clmp_fp2_fqscrn/fastq_screen_report_data
[2024-05-23 12:55:32,783] multiqc                                            [DEBUG  ]  Moving data file from '/tmp/tmplytgno1p/multiqc_data' to 'fq_fp1_clmp_fp2_fqscrn/fastq_screen_report_data'
[2024-05-23 12:55:32,807] multiqc                                            [INFO   ]  Plots       : fq_fp1_clmp_fp2_fqscrn/fastq_screen_report_plots
[2024-05-23 12:55:32,807] multiqc                                            [DEBUG  ]  Moving plots directory from '/tmp/tmplytgno1p/multiqc_plots' to 'fq_fp1_clmp_fp2_fqscrn/fastq_screen_report_plots'
[2024-05-23 12:55:33,059] multiqc                                            [INFO   ]  MultiQC complete
