[2024-05-17 22:41:54,969] multiqc                                            [DEBUG  ]  This is MultiQC v1.13
[2024-05-17 22:41:54,971] multiqc                                            [DEBUG  ]  Found command line config: {'max_table_rows': 3000}
[2024-05-17 22:41:54,972] multiqc                                            [DEBUG  ]  New config: {'max_table_rows': 3000}
[2024-05-17 22:41:54,972] multiqc                                            [DEBUG  ]  Command used: /opt/conda/bin/multiqc -v -p -ip -f --data-dir --data-format tsv --cl-config max_table_rows: 3000 --filename 2nd_fastp_report --outdir fq_fp1_clmp_fp2 fq_fp1_clmp_fp2
[2024-05-17 22:41:55,477] multiqc                                            [WARNING]  MultiQC Version v1.22.1 now available!
[2024-05-17 22:41:55,478] multiqc                                            [DEBUG  ]  Working dir : /home/hpc-0356/pire_zenarchopterus_dispar_lcwgs/1st_sequencing_run
[2024-05-17 22:41:55,478] multiqc                                            [DEBUG  ]  Template    : default
[2024-05-17 22:41:55,478] multiqc                                            [DEBUG  ]  Running Python 3.9.12 (main, Aug 29 2022, 00:54:58)  [GCC 11.2.0]
[2024-05-17 22:41:55,479] multiqc                                            [DEBUG  ]  Analysing modules: custom_content, ccs, ngsderive, purple, conpair, lima, peddy, somalier, methylQA, mosdepth, phantompeakqualtools, qualimap, preseq, quast, qorts, rna_seqc, rockhopper, rsem, rseqc, busco, bustools, goleft_indexcov, gffcompare, disambiguate, supernova, deeptools, sargasso, verifybamid, mirtrace, happy, mirtop, sambamba, homer, hops, macs2, theta2, snpeff, gatk, htseq, bcftools, featureCounts, fgbio, dragen, dedup, pbmarkdup, damageprofiler, biobambam2, jcvi, mtnucratio, picard, vep, sentieon, prokka, qc3C, nanostat, samblaster, samtools, sexdeterrmine, eigenstratdatabasetools, bamtools, jellyfish, vcftools, longranger, stacks, varscan2, snippy, bbmap, bismark, biscuit, hicexplorer, hicup, hicpro, salmon, kallisto, slamdunk, star, hisat2, tophat, bowtie2, bowtie1, snpsplit, odgi, pangolin, kat, leehom, adapterRemoval, clipandmerge, cutadapt, flexbar, kaiju, kraken, malt, trimmomatic, sickle, skewer, sortmerna, biobloomtools, fastq_screen, afterqc, fastp, fastqc, pychopper, pycoqc, minionqc, multivcfanalyzer, clusterflow, checkqc, bcl2fastq, bclconvert, interop, ivar, flash, seqyclean, optitype, whatshap
[2024-05-17 22:41:55,479] multiqc                                            [DEBUG  ]  Using temporary directory for creating report: /tmp/tmp7rn4rlso
[2024-05-17 22:41:55,690] multiqc                                            [INFO   ]  Search path : /home/hpc-0356/pire_zenarchopterus_dispar_lcwgs/1st_sequencing_run/fq_fp1_clmp_fp2
[2024-05-17 22:42:16,756] multiqc                                            [DEBUG  ]  Summary of files that were skipped by the search: [skipped_module_specific_max_filesize: 791] // [skipped_no_match: 624] // [skipped_ignore_pattern: 461]
[2024-05-17 22:42:17,745] multiqc.plots.bargraph                             [DEBUG  ]  Using matplotlib version 3.1.2
[2024-05-17 22:42:17,746] multiqc.plots.linegraph                            [DEBUG  ]  Using matplotlib version 3.1.2
[2024-05-17 22:42:17,748] multiqc                                            [DEBUG  ]  No samples found: custom_content
[2024-05-17 22:42:17,782] multiqc.modules.snippy.snippy                      [INFO   ]  Found 1 reports
[2024-05-17 22:42:17,782] multiqc.plots.bargraph                             [WARNING]  Tried to make bar plot, but had no data: snippy_variants
[2024-05-17 22:42:18,385] multiqc.modules.fastp.fastp                        [INFO   ]  Found 111 reports
[2024-05-17 22:43:04,022] multiqc                                            [INFO   ]  Compressing plot data
[2024-05-17 22:43:12,969] multiqc                                            [WARNING]  Deleting    : fq_fp1_clmp_fp2/2nd_fastp_report.html   (-f was specified)
[2024-05-17 22:43:12,974] multiqc                                            [WARNING]  Deleting    : fq_fp1_clmp_fp2/2nd_fastp_report_data   (-f was specified)
[2024-05-17 22:43:13,050] multiqc                                            [WARNING]  Deleting    : fq_fp1_clmp_fp2/2nd_fastp_report_plots   (-f was specified)
[2024-05-17 22:43:13,119] multiqc                                            [INFO   ]  Report      : fq_fp1_clmp_fp2/2nd_fastp_report.html
[2024-05-17 22:43:13,119] multiqc                                            [INFO   ]  Data        : fq_fp1_clmp_fp2/2nd_fastp_report_data
[2024-05-17 22:43:13,120] multiqc                                            [DEBUG  ]  Moving data file from '/tmp/tmp7rn4rlso/multiqc_data' to 'fq_fp1_clmp_fp2/2nd_fastp_report_data'
[2024-05-17 22:43:14,097] multiqc                                            [INFO   ]  Plots       : fq_fp1_clmp_fp2/2nd_fastp_report_plots
[2024-05-17 22:43:14,097] multiqc                                            [DEBUG  ]  Moving plots directory from '/tmp/tmp7rn4rlso/multiqc_plots' to 'fq_fp1_clmp_fp2/2nd_fastp_report_plots'
[2024-05-17 22:43:14,589] multiqc                                            [INFO   ]  MultiQC complete
