Looking to launch executable "/opt/conda/bin/bwa-meme_mode3.avx512bw", simd = _mode3.avx512bw
Launching executable "/opt/conda/bin/bwa-meme_mode3.avx512bw"
-----------------------------
Executing in AVX512 mode!!
-----------------------------
* SA compression enabled with xfactor: 8
* Ref file: reference.genbank.Zdi.fasta
* Entering FMI_search
Reading other elements of the index from files reference.genbank.Zdi.fasta
* Index prefix: reference.genbank.Zdi.fasta
* Read 0 ALT contigs
* Reading reference genome..
* Binary seq file = reference.genbank.Zdi.fasta.0123
* Reference genome size: 1379380954 bp
* Done reading reference genome !!

------------------------------------------
1. Memory pre-allocation for Chaining: 5679.4903 MB
2. Memory pre-allocation for BSW: 9584.6810 MB
[M::memoryAllocLearned::MEME] Reading Learned-index models into memory
[Learned-Config] MODE:3 SEARCH_METHOD: 1 MEM_TRADEOFF:1 EXPONENTIAL_SMEMSEARCH: 1 DEBUG_MODE:0 Num 2nd Models:268435456 PWL Bits Used:28
[M::memoryAllocLearned::MEME] Loading RMI model and Pac reference file took 10.729 sec
[M::memoryAllocLearned::MEME] Reading suffix array into memory
[M::memoryAllocLearned::MEME] Loading pos_packed file took 16.032 sec
[M::memoryAllocLearned::MEME] Generating SA, 64-bit Suffix and ISA in memory
[M::memoryAllocLearned::MEME] Runtime-build-index took 13.006 sec
3. Memory pre-allocation for BWT: 7540.2955 MB
------------------------------------------
* Threads used (compute): 40
* No. of pipeline threads: 2

[0000] read_chunk: 400000000, work_chunk_size: 400000109, nseq: 3748690
	[0000][ M::kt_pipeline] read 3748690 sequences (400000109 bp)...
[0000] Reallocating initial memory allocations!!
[0000] Calling mem_process_seqs.., task: 0
[0000] 1. Calling kt_for - worker_bwt
[0000] read_chunk: 400000000, work_chunk_size: 400000128, nseq: 3748870
	[0000][ M::kt_pipeline] read 3748870 sequences (400000128 bp)...
[0000] 2. Calling kt_for - worker_aln
[0000] Inferring insert size distribution of PE reads from data, l_pac: 689690477, n: 3748690
[0000][PE] # candidate unique pairs for (FF, FR, RF, RR): (39, 1540906, 47, 45)
[0000][PE] analyzing insert size distribution for orientation FF...
[0000][PE] (25, 50, 75) percentile: (63, 91, 169)
[0000][PE] low and high boundaries for computing mean and std.dev: (1, 381)
[0000][PE] mean and std.dev: (88.03, 48.63)
[0000][PE] low and high boundaries for proper pairs: (1, 487)
[0000][PE] analyzing insert size distribution for orientation FR...
[0000][PE] (25, 50, 75) percentile: (76, 107, 148)
[0000][PE] low and high boundaries for computing mean and std.dev: (1, 292)
[0000][PE] mean and std.dev: (115.15, 53.30)
[0000][PE] low and high boundaries for proper pairs: (1, 364)
[0000][PE] analyzing insert size distribution for orientation RF...
[0000][PE] (25, 50, 75) percentile: (53, 149, 1366)
[0000][PE] low and high boundaries for computing mean and std.dev: (1, 3992)
[0000][PE] mean and std.dev: (542.09, 900.79)
[0000][PE] low and high boundaries for proper pairs: (1, 5305)
[0000][PE] analyzing insert size distribution for orientation RR...
[0000][PE] (25, 50, 75) percentile: (70, 133, 275)
[0000][PE] low and high boundaries for computing mean and std.dev: (1, 685)
[0000][PE] mean and std.dev: (148.21, 142.99)
[0000][PE] low and high boundaries for proper pairs: (1, 890)
[0000][PE] skip orientation FF
[0000][PE] skip orientation RF
[0000][PE] skip orientation RR
[0000] 3. Calling kt_for - worker_sam
	[0000][ M::mem_process_seqs] Processed 3748690 reads in 629.104 CPU sec, 16.325 real sec
[0000] Reallocating initial memory allocations!!
[0000] Calling mem_process_seqs.., task: 1
[0000] 1. Calling kt_for - worker_bwt
[0000] 2. Calling kt_for - worker_aln
[0000] read_chunk: 400000000, work_chunk_size: 400000158, nseq: 3744484
	[0000][ M::kt_pipeline] read 3744484 sequences (400000158 bp)...
[0000] Inferring insert size distribution of PE reads from data, l_pac: 689690477, n: 3748870
[0000][PE] # candidate unique pairs for (FF, FR, RF, RR): (49, 1537789, 44, 62)
[0000][PE] analyzing insert size distribution for orientation FF...
[0000][PE] (25, 50, 75) percentile: (68, 117, 457)
[0000][PE] low and high boundaries for computing mean and std.dev: (1, 1235)
[0000][PE] mean and std.dev: (198.44, 200.71)
[0000][PE] low and high boundaries for proper pairs: (1, 1624)
[0000][PE] analyzing insert size distribution for orientation FR...
[0000][PE] (25, 50, 75) percentile: (75, 107, 148)
[0000][PE] low and high boundaries for computing mean and std.dev: (1, 294)
[0000][PE] mean and std.dev: (115.16, 53.44)
[0000][PE] low and high boundaries for proper pairs: (1, 367)
[0000][PE] analyzing insert size distribution for orientation RF...
[0000][PE] (25, 50, 75) percentile: (100, 242, 1002)
[0000][PE] low and high boundaries for computing mean and std.dev: (1, 2806)
[0000][PE] mean and std.dev: (413.57, 553.98)
[0000][PE] low and high boundaries for proper pairs: (1, 3708)
[0000][PE] analyzing insert size distribution for orientation RR...
[0000][PE] (25, 50, 75) percentile: (77, 140, 386)
[0000][PE] low and high boundaries for computing mean and std.dev: (1, 1004)
[0000][PE] mean and std.dev: (190.27, 194.79)
[0000][PE] low and high boundaries for proper pairs: (1, 1313)
[0000][PE] skip orientation FF
[0000][PE] skip orientation RF
[0000][PE] skip orientation RR
[0000] 3. Calling kt_for - worker_sam
	[0000][ M::mem_process_seqs] Processed 3748870 reads in 635.245 CPU sec, 16.628 real sec
[0000] Calling mem_process_seqs.., task: 2
[0000] 1. Calling kt_for - worker_bwt
[0000] 2. Calling kt_for - worker_aln
[0000] Inferring insert size distribution of PE reads from data, l_pac: 689690477, n: 3744484
[0000][PE] # candidate unique pairs for (FF, FR, RF, RR): (45, 1534942, 41, 52)
[0000][PE] analyzing insert size distribution for orientation FF...
[0000][PE] (25, 50, 75) percentile: (64, 96, 170)
[0000][PE] low and high boundaries for computing mean and std.dev: (1, 382)
[0000][PE] mean and std.dev: (95.35, 49.32)
[0000][PE] low and high boundaries for proper pairs: (1, 488)
[0000][PE] analyzing insert size distribution for orientation FR...
[0000][PE] (25, 50, 75) percentile: (76, 107, 148)
[0000][PE] low and high boundaries for computing mean and std.dev: (1, 292)
[0000][PE] mean and std.dev: (115.26, 53.28)
[0000][PE] low and high boundaries for proper pairs: (1, 364)
[0000][PE] analyzing insert size distribution for orientation RF...
[0000][PE] (25, 50, 75) percentile: (63, 259, 1161)
[0000][PE] low and high boundaries for computing mean and std.dev: (1, 3357)
[0000][PE] mean and std.dev: (549.49, 707.11)
[0000][PE] low and high boundaries for proper pairs: (1, 4455)
[0000][PE] analyzing insert size distribution for orientation RR...
[0000][PE] (25, 50, 75) percentile: (86, 140, 241)
[0000][PE] low and high boundaries for computing mean and std.dev: (1, 551)
[0000][PE] mean and std.dev: (162.35, 119.65)
[0000][PE] low and high boundaries for proper pairs: (1, 706)
[0000][PE] skip orientation FF
[0000][PE] skip orientation RF
[0000][PE] skip orientation RR
[0000] 3. Calling kt_for - worker_sam
[0000] read_chunk: 400000000, work_chunk_size: 373877295, nseq: 3496378
	[0000][ M::kt_pipeline] read 3496378 sequences (373877295 bp)...
	[0000][ M::mem_process_seqs] Processed 3744484 reads in 644.148 CPU sec, 16.864 real sec
[0000] Calling mem_process_seqs.., task: 3
[0000] 1. Calling kt_for - worker_bwt
[0000] 2. Calling kt_for - worker_aln
[0000] read_chunk: 400000000, work_chunk_size: 0, nseq: 0
[0000] Inferring insert size distribution of PE reads from data, l_pac: 689690477, n: 3496378
[0000][PE] # candidate unique pairs for (FF, FR, RF, RR): (53, 1421166, 50, 45)
[0000][PE] analyzing insert size distribution for orientation FF...
[0000][PE] (25, 50, 75) percentile: (73, 115, 204)
[0000][PE] low and high boundaries for computing mean and std.dev: (1, 466)
[0000][PE] mean and std.dev: (125.62, 89.41)
[0000][PE] low and high boundaries for proper pairs: (1, 597)
[0000][PE] analyzing insert size distribution for orientation FR...
[0000][PE] (25, 50, 75) percentile: (75, 107, 148)
[0000][PE] low and high boundaries for computing mean and std.dev: (1, 294)
[0000][PE] mean and std.dev: (115.25, 53.49)
[0000][PE] low and high boundaries for proper pairs: (1, 367)
[0000][PE] analyzing insert size distribution for orientation RF...
[0000][PE] (25, 50, 75) percentile: (67, 235, 706)
[0000][PE] low and high boundaries for computing mean and std.dev: (1, 1984)
[0000][PE] mean and std.dev: (312.67, 419.49)
[0000][PE] low and high boundaries for proper pairs: (1, 2623)
[0000][PE] analyzing insert size distribution for orientation RR...
[0000][PE] (25, 50, 75) percentile: (82, 128, 242)
[0000][PE] low and high boundaries for computing mean and std.dev: (1, 562)
[0000][PE] mean and std.dev: (152.68, 115.64)
[0000][PE] low and high boundaries for proper pairs: (1, 722)
[0000][PE] skip orientation FF
[0000][PE] skip orientation RF
[0000][PE] skip orientation RR
[0000] 3. Calling kt_for - worker_sam
	[0000][ M::mem_process_seqs] Processed 3496378 reads in 607.712 CPU sec, 16.144 real sec
[0000] read_chunk: 400000000, work_chunk_size: 0, nseq: 0
[0000] Computation ends..
No. of OMP threads: 40
Processor is running @2394.718302 MHz
Runtime profile:

	Time taken for main_mem function: 127.52 sec

	IO times (sec) :
	Reading IO time (reads) avg: 41.95, (41.95, 41.95)
	Writing IO time (SAM) avg: 14.38, (14.38, 14.38)
	Reading IO time (Reference Genome) avg: 0.94, (0.94, 0.94)
	Index read time avg: 0.27, (0.27, 0.27)

	Overall time (sec) (Excluding Index reading time):
	PROCESS() (Total compute time + (read + SAM) IO time) : 126.27
	MEM_PROCESS_SEQ() (Total compute time (Kernel + SAM)), avg: 65.95, (65.95, 65.95)

	 SAM Processing time (sec):
	--WORKER_SAM avg: 30.04, (30.04, 30.04)

	Kernels' compute time (sec):
	Total kernel (smem+sal+bsw) time avg: 34.45, (34.45, 34.45)
		MEM_ALN_CHAIN_FLT avg: 0.00, (0.00, 0.00)
		MEM_ALN_CHAIN_SEED avg: 0.00, (0.00, 0.00)
		ERT_SEED_CHAIN avg: 0.00, (0.00, 0.00)
	LEARNED_SEED_CHAIN avg: 17.20, (17.24, 17.15)
		SMEM compute avg: 0.00, (0.00, 0.00)
		SAL compute avg: 0.00, (0.00, 0.00)
				MEM_SA avg: 0.00, (0.00, 0.00)

		BSW time, avg: 16.52, (16.65, 16.45)

Important parameter settings: 
	BATCH_SIZE: 512
	MAX_SEQ_LEN_REF: 256
	MAX_SEQ_LEN_QER: 128
	MAX_SEQ_LEN8: 128
	SEEDS_PER_READ: 500
	SIMD_WIDTH8 X: 64
	SIMD_WIDTH16 X: 32
	AVG_SEEDS_PER_READ: 64
