Looking to launch executable "/opt/conda/bin/bwa-meme_mode3.avx512bw", simd = _mode3.avx512bw
Launching executable "/opt/conda/bin/bwa-meme_mode3.avx512bw"
-----------------------------
Executing in AVX512 mode!!
-----------------------------
* SA compression enabled with xfactor: 8
* Ref file: reference.genbank.Zdi.fasta
* Entering FMI_search
Reading other elements of the index from files reference.genbank.Zdi.fasta
* Index prefix: reference.genbank.Zdi.fasta
* Read 0 ALT contigs
* Reading reference genome..
* Binary seq file = reference.genbank.Zdi.fasta.0123
* Reference genome size: 1379380954 bp
* Done reading reference genome !!

------------------------------------------
1. Memory pre-allocation for Chaining: 5679.4903 MB
2. Memory pre-allocation for BSW: 9584.6810 MB
[M::memoryAllocLearned::MEME] Reading Learned-index models into memory
[Learned-Config] MODE:3 SEARCH_METHOD: 1 MEM_TRADEOFF:1 EXPONENTIAL_SMEMSEARCH: 1 DEBUG_MODE:0 Num 2nd Models:268435456 PWL Bits Used:28
[M::memoryAllocLearned::MEME] Loading RMI model and Pac reference file took 10.673 sec
[M::memoryAllocLearned::MEME] Reading suffix array into memory
[M::memoryAllocLearned::MEME] Loading pos_packed file took 15.964 sec
[M::memoryAllocLearned::MEME] Generating SA, 64-bit Suffix and ISA in memory
[M::memoryAllocLearned::MEME] Runtime-build-index took 13.126 sec
3. Memory pre-allocation for BWT: 7540.2955 MB
------------------------------------------
* Threads used (compute): 40
* No. of pipeline threads: 2

[0000] read_chunk: 400000000, work_chunk_size: 400000086, nseq: 3679102
	[0000][ M::kt_pipeline] read 3679102 sequences (400000086 bp)...
[0000] Reallocating initial memory allocations!!
[0000] Calling mem_process_seqs.., task: 0
[0000] 1. Calling kt_for - worker_bwt
[0000] read_chunk: 400000000, work_chunk_size: 400000050, nseq: 3675610
	[0000][ M::kt_pipeline] read 3675610 sequences (400000050 bp)...
[0000] 2. Calling kt_for - worker_aln
[0000] Inferring insert size distribution of PE reads from data, l_pac: 689690477, n: 3679102
[0000][PE] # candidate unique pairs for (FF, FR, RF, RR): (53, 1485864, 55, 61)
[0000][PE] analyzing insert size distribution for orientation FF...
[0000][PE] (25, 50, 75) percentile: (78, 122, 206)
[0000][PE] low and high boundaries for computing mean and std.dev: (1, 462)
[0000][PE] mean and std.dev: (111.14, 77.96)
[0000][PE] low and high boundaries for proper pairs: (1, 590)
[0000][PE] analyzing insert size distribution for orientation FR...
[0000][PE] (25, 50, 75) percentile: (78, 110, 153)
[0000][PE] low and high boundaries for computing mean and std.dev: (1, 303)
[0000][PE] mean and std.dev: (118.81, 55.69)
[0000][PE] low and high boundaries for proper pairs: (1, 378)
[0000][PE] analyzing insert size distribution for orientation RF...
[0000][PE] (25, 50, 75) percentile: (43, 96, 695)
[0000][PE] low and high boundaries for computing mean and std.dev: (1, 1999)
[0000][PE] mean and std.dev: (273.33, 403.10)
[0000][PE] low and high boundaries for proper pairs: (1, 2651)
[0000][PE] analyzing insert size distribution for orientation RR...
[0000][PE] (25, 50, 75) percentile: (76, 115, 196)
[0000][PE] low and high boundaries for computing mean and std.dev: (1, 436)
[0000][PE] mean and std.dev: (112.37, 64.11)
[0000][PE] low and high boundaries for proper pairs: (1, 556)
[0000][PE] skip orientation FF
[0000][PE] skip orientation RF
[0000][PE] skip orientation RR
[0000] 3. Calling kt_for - worker_sam
	[0000][ M::mem_process_seqs] Processed 3679102 reads in 653.509 CPU sec, 16.955 real sec
[0000] Calling mem_process_seqs.., task: 1
[0000] 1. Calling kt_for - worker_bwt
[0000] 2. Calling kt_for - worker_aln
[0000] Inferring insert size distribution of PE reads from data, l_pac: 689690477, n: 3675610
[0000][PE] # candidate unique pairs for (FF, FR, RF, RR): (49, 1483795, 59, 55)
[0000][PE] analyzing insert size distribution for orientation FF...
[0000][PE] (25, 50, 75) percentile: (53, 103, 210)
[0000][PE] low and high boundaries for computing mean and std.dev: (1, 524)
[0000][PE] mean and std.dev: (119.09, 93.20)
[0000][PE] low and high boundaries for proper pairs: (1, 681)
[0000][PE] analyzing insert size distribution for orientation FR...
[0000][PE] (25, 50, 75) percentile: (78, 111, 153)
[0000][PE] low and high boundaries for computing mean and std.dev: (1, 303)
[0000][PE] mean and std.dev: (118.91, 55.73)
[0000][PE] low and high boundaries for proper pairs: (1, 378)
[0000][PE] analyzing insert size distribution for orientation RF...
[0000][PE] (25, 50, 75) percentile: (53, 332, 1154)
[0000][PE] low and high boundaries for computing mean and std.dev: (1, 3356)
[0000][PE] mean and std.dev: (617.17, 770.99)
[0000][PE] low and high boundaries for proper pairs: (1, 4457)
[0000][PE] analyzing insert size distribution for orientation RR...
[0000][PE] (25, 50, 75) percentile: (67, 115, 220)
[0000][PE] low and high boundaries for computing mean and std.dev: (1, 526)
[0000][PE] mean and std.dev: (114.73, 93.80)
[0000][PE] low and high boundaries for proper pairs: (1, 679)
[0000][PE] skip orientation FF
[0000][PE] skip orientation RF
[0000][PE] skip orientation RR
[0000] 3. Calling kt_for - worker_sam
[0000] read_chunk: 400000000, work_chunk_size: 268379520, nseq: 2463932
	[0000][ M::kt_pipeline] read 2463932 sequences (268379520 bp)...
	[0000][ M::mem_process_seqs] Processed 3675610 reads in 671.102 CPU sec, 17.611 real sec
[0000] Calling mem_process_seqs.., task: 2
[0000] 1. Calling kt_for - worker_bwt
[0000] 2. Calling kt_for - worker_aln
[0000] read_chunk: 400000000, work_chunk_size: 0, nseq: 0
[0000] Inferring insert size distribution of PE reads from data, l_pac: 689690477, n: 2463932
[0000][PE] # candidate unique pairs for (FF, FR, RF, RR): (40, 986884, 27, 37)
[0000][PE] analyzing insert size distribution for orientation FF...
[0000][PE] (25, 50, 75) percentile: (83, 103, 194)
[0000][PE] low and high boundaries for computing mean and std.dev: (1, 416)
[0000][PE] mean and std.dev: (122.41, 83.39)
[0000][PE] low and high boundaries for proper pairs: (1, 527)
[0000][PE] analyzing insert size distribution for orientation FR...
[0000][PE] (25, 50, 75) percentile: (78, 110, 153)
[0000][PE] low and high boundaries for computing mean and std.dev: (1, 303)
[0000][PE] mean and std.dev: (118.88, 55.77)
[0000][PE] low and high boundaries for proper pairs: (1, 378)
[0000][PE] analyzing insert size distribution for orientation RF...
[0000][PE] (25, 50, 75) percentile: (61, 338, 1565)
[0000][PE] low and high boundaries for computing mean and std.dev: (1, 4573)
[0000][PE] mean and std.dev: (854.76, 1269.97)
[0000][PE] low and high boundaries for proper pairs: (1, 6077)
[0000][PE] analyzing insert size distribution for orientation RR...
[0000][PE] (25, 50, 75) percentile: (79, 99, 165)
[0000][PE] low and high boundaries for computing mean and std.dev: (1, 337)
[0000][PE] mean and std.dev: (115.17, 60.66)
[0000][PE] low and high boundaries for proper pairs: (1, 423)
[0000][PE] skip orientation FF
[0000][PE] skip orientation RF
[0000][PE] skip orientation RR
[0000] 3. Calling kt_for - worker_sam
	[0000][ M::mem_process_seqs] Processed 2463932 reads in 453.833 CPU sec, 12.056 real sec
[0000] read_chunk: 400000000, work_chunk_size: 0, nseq: 0
[0000] Computation ends..
No. of OMP threads: 40
Processor is running @2394.720494 MHz
Runtime profile:

	Time taken for main_mem function: 100.23 sec

	IO times (sec) :
	Reading IO time (reads) avg: 27.29, (27.29, 27.29)
	Writing IO time (SAM) avg: 13.52, (13.52, 13.52)
	Reading IO time (Reference Genome) avg: 0.95, (0.95, 0.95)
	Index read time avg: 0.25, (0.25, 0.25)

	Overall time (sec) (Excluding Index reading time):
	PROCESS() (Total compute time + (read + SAM) IO time) : 98.99
	MEM_PROCESS_SEQ() (Total compute time (Kernel + SAM)), avg: 46.62, (46.62, 46.62)

	 SAM Processing time (sec):
	--WORKER_SAM avg: 21.18, (21.18, 21.18)

	Kernels' compute time (sec):
	Total kernel (smem+sal+bsw) time avg: 24.44, (24.44, 24.44)
		MEM_ALN_CHAIN_FLT avg: 0.00, (0.00, 0.00)
		MEM_ALN_CHAIN_SEED avg: 0.00, (0.00, 0.00)
		ERT_SEED_CHAIN avg: 0.00, (0.00, 0.00)
	LEARNED_SEED_CHAIN avg: 11.84, (11.87, 11.82)
		SMEM compute avg: 0.00, (0.00, 0.00)
		SAL compute avg: 0.00, (0.00, 0.00)
				MEM_SA avg: 0.00, (0.00, 0.00)

		BSW time, avg: 12.11, (12.18, 12.04)

Important parameter settings: 
	BATCH_SIZE: 512
	MAX_SEQ_LEN_REF: 256
	MAX_SEQ_LEN_QER: 128
	MAX_SEQ_LEN8: 128
	SEEDS_PER_READ: 500
	SIMD_WIDTH8 X: 64
	SIMD_WIDTH16 X: 32
	AVG_SEEDS_PER_READ: 64
