Looking to launch executable "/opt/conda/bin/bwa-meme_mode3.avx512bw", simd = _mode3.avx512bw
Launching executable "/opt/conda/bin/bwa-meme_mode3.avx512bw"
-----------------------------
Executing in AVX512 mode!!
-----------------------------
* SA compression enabled with xfactor: 8
* Ref file: reference.genbank.Zdi.fasta
* Entering FMI_search
Reading other elements of the index from files reference.genbank.Zdi.fasta
* Index prefix: reference.genbank.Zdi.fasta
* Read 0 ALT contigs
* Reading reference genome..
* Binary seq file = reference.genbank.Zdi.fasta.0123
* Reference genome size: 1379380954 bp
* Done reading reference genome !!

------------------------------------------
1. Memory pre-allocation for Chaining: 5679.4903 MB
2. Memory pre-allocation for BSW: 9584.6810 MB
[M::memoryAllocLearned::MEME] Reading Learned-index models into memory
[Learned-Config] MODE:3 SEARCH_METHOD: 1 MEM_TRADEOFF:1 EXPONENTIAL_SMEMSEARCH: 1 DEBUG_MODE:0 Num 2nd Models:268435456 PWL Bits Used:28
[M::memoryAllocLearned::MEME] Loading RMI model and Pac reference file took 10.788 sec
[M::memoryAllocLearned::MEME] Reading suffix array into memory
[M::memoryAllocLearned::MEME] Loading pos_packed file took 14.132 sec
[M::memoryAllocLearned::MEME] Generating SA, 64-bit Suffix and ISA in memory
[M::memoryAllocLearned::MEME] Runtime-build-index took 10.929 sec
3. Memory pre-allocation for BWT: 7540.2955 MB
------------------------------------------
* Threads used (compute): 40
* No. of pipeline threads: 2

[0000] read_chunk: 400000000, work_chunk_size: 400000134, nseq: 3428028
	[0000][ M::kt_pipeline] read 3428028 sequences (400000134 bp)...
[0000] Reallocating initial memory allocations!!
[0000] Calling mem_process_seqs.., task: 0
[0000] 1. Calling kt_for - worker_bwt
[0000] 2. Calling kt_for - worker_aln
[0000] read_chunk: 400000000, work_chunk_size: 400000043, nseq: 3427742
	[0000][ M::kt_pipeline] read 3427742 sequences (400000043 bp)...
[0000] Inferring insert size distribution of PE reads from data, l_pac: 689690477, n: 3428028
[0000][PE] # candidate unique pairs for (FF, FR, RF, RR): (62, 1408856, 44, 60)
[0000][PE] analyzing insert size distribution for orientation FF...
[0000][PE] (25, 50, 75) percentile: (75, 129, 415)
[0000][PE] low and high boundaries for computing mean and std.dev: (1, 1095)
[0000][PE] mean and std.dev: (188.38, 163.24)
[0000][PE] low and high boundaries for proper pairs: (1, 1435)
[0000][PE] analyzing insert size distribution for orientation FR...
[0000][PE] (25, 50, 75) percentile: (88, 125, 170)
[0000][PE] low and high boundaries for computing mean and std.dev: (1, 334)
[0000][PE] mean and std.dev: (133.47, 60.92)
[0000][PE] low and high boundaries for proper pairs: (1, 416)
[0000][PE] analyzing insert size distribution for orientation RF...
[0000][PE] (25, 50, 75) percentile: (61, 172, 446)
[0000][PE] low and high boundaries for computing mean and std.dev: (1, 1216)
[0000][PE] mean and std.dev: (240.35, 289.79)
[0000][PE] low and high boundaries for proper pairs: (1, 1601)
[0000][PE] analyzing insert size distribution for orientation RR...
[0000][PE] (25, 50, 75) percentile: (114, 142, 232)
[0000][PE] low and high boundaries for computing mean and std.dev: (1, 468)
[0000][PE] mean and std.dev: (139.51, 63.05)
[0000][PE] low and high boundaries for proper pairs: (1, 586)
[0000][PE] skip orientation FF
[0000][PE] skip orientation RF
[0000][PE] skip orientation RR
[0000] 3. Calling kt_for - worker_sam
	[0000][ M::mem_process_seqs] Processed 3428028 reads in 664.716 CPU sec, 17.264 real sec
[0000] Calling mem_process_seqs.., task: 1
[0000] 1. Calling kt_for - worker_bwt
[0000] 2. Calling kt_for - worker_aln
[0000] Inferring insert size distribution of PE reads from data, l_pac: 689690477, n: 3427742
[0000][PE] # candidate unique pairs for (FF, FR, RF, RR): (56, 1403089, 47, 61)
[0000][PE] analyzing insert size distribution for orientation FF...
[0000][PE] (25, 50, 75) percentile: (79, 134, 267)
[0000][PE] low and high boundaries for computing mean and std.dev: (1, 643)
[0000][PE] mean and std.dev: (137.25, 95.63)
[0000][PE] low and high boundaries for proper pairs: (1, 831)
[0000][PE] analyzing insert size distribution for orientation FR...
[0000][PE] (25, 50, 75) percentile: (88, 125, 170)
[0000][PE] low and high boundaries for computing mean and std.dev: (1, 334)
[0000][PE] mean and std.dev: (133.48, 60.95)
[0000][PE] low and high boundaries for proper pairs: (1, 416)
[0000][PE] analyzing insert size distribution for orientation RF...
[0000][PE] (25, 50, 75) percentile: (47, 181, 773)
[0000][PE] low and high boundaries for computing mean and std.dev: (1, 2225)
[0000][PE] mean and std.dev: (327.36, 440.86)
[0000][PE] low and high boundaries for proper pairs: (1, 2951)
[0000][PE] analyzing insert size distribution for orientation RR...
[0000][PE] (25, 50, 75) percentile: (97, 147, 221)
[0000][PE] low and high boundaries for computing mean and std.dev: (1, 469)
[0000][PE] mean and std.dev: (133.56, 71.79)
[0000][PE] low and high boundaries for proper pairs: (1, 593)
[0000][PE] skip orientation FF
[0000][PE] skip orientation RF
[0000][PE] skip orientation RR
[0000] 3. Calling kt_for - worker_sam
[0000] read_chunk: 400000000, work_chunk_size: 400000170, nseq: 3425822
	[0000][ M::kt_pipeline] read 3425822 sequences (400000170 bp)...
	[0000][ M::mem_process_seqs] Processed 3427742 reads in 679.419 CPU sec, 17.851 real sec
[0000] Calling mem_process_seqs.., task: 2
[0000] 1. Calling kt_for - worker_bwt
[0000] 2. Calling kt_for - worker_aln
[0000] Inferring insert size distribution of PE reads from data, l_pac: 689690477, n: 3425822
[0000][PE] # candidate unique pairs for (FF, FR, RF, RR): (65, 1401421, 74, 59)
[0000][PE] analyzing insert size distribution for orientation FF...
[0000][PE] (25, 50, 75) percentile: (68, 125, 186)
[0000][PE] low and high boundaries for computing mean and std.dev: (1, 422)
[0000][PE] mean and std.dev: (122.17, 76.80)
[0000][PE] low and high boundaries for proper pairs: (1, 540)
[0000][PE] analyzing insert size distribution for orientation FR...
[0000][PE] (25, 50, 75) percentile: (88, 125, 170)
[0000][PE] low and high boundaries for computing mean and std.dev: (1, 334)
[0000][PE] mean and std.dev: (133.41, 60.86)
[0000][PE] low and high boundaries for proper pairs: (1, 416)
[0000][PE] analyzing insert size distribution for orientation RF...
[0000][PE] (25, 50, 75) percentile: (103, 542, 1097)
[0000][PE] low and high boundaries for computing mean and std.dev: (1, 3085)
[0000][PE] mean and std.dev: (601.43, 612.50)
[0000][PE] low and high boundaries for proper pairs: (1, 4079)
[0000][PE] analyzing insert size distribution for orientation RR...
[0000][PE] (25, 50, 75) percentile: (74, 133, 278)
[0000][PE] low and high boundaries for computing mean and std.dev: (1, 686)
[0000][PE] mean and std.dev: (147.73, 126.39)
[0000][PE] low and high boundaries for proper pairs: (1, 890)
[0000][PE] skip orientation FF
[0000][PE] skip orientation RF
[0000][PE] skip orientation RR
[0000] 3. Calling kt_for - worker_sam
[0000] read_chunk: 400000000, work_chunk_size: 400000156, nseq: 3422044
	[0000][ M::kt_pipeline] read 3422044 sequences (400000156 bp)...
	[0000][ M::mem_process_seqs] Processed 3425822 reads in 681.957 CPU sec, 18.151 real sec
[0000] Calling mem_process_seqs.., task: 3
[0000] 1. Calling kt_for - worker_bwt
[0000] 2. Calling kt_for - worker_aln
[0000] read_chunk: 400000000, work_chunk_size: 53264573, nseq: 457148
	[0000][ M::kt_pipeline] read 457148 sequences (53264573 bp)...
[0000] Inferring insert size distribution of PE reads from data, l_pac: 689690477, n: 3422044
[0000][PE] # candidate unique pairs for (FF, FR, RF, RR): (63, 1391848, 48, 59)
[0000][PE] analyzing insert size distribution for orientation FF...
[0000][PE] (25, 50, 75) percentile: (76, 114, 192)
[0000][PE] low and high boundaries for computing mean and std.dev: (1, 424)
[0000][PE] mean and std.dev: (116.88, 70.91)
[0000][PE] low and high boundaries for proper pairs: (1, 540)
[0000][PE] analyzing insert size distribution for orientation FR...
[0000][PE] (25, 50, 75) percentile: (88, 125, 171)
[0000][PE] low and high boundaries for computing mean and std.dev: (1, 337)
[0000][PE] mean and std.dev: (133.68, 61.19)
[0000][PE] low and high boundaries for proper pairs: (1, 420)
[0000][PE] analyzing insert size distribution for orientation RF...
[0000][PE] (25, 50, 75) percentile: (154, 374, 1115)
[0000][PE] low and high boundaries for computing mean and std.dev: (1, 3037)
[0000][PE] mean and std.dev: (541.77, 621.59)
[0000][PE] low and high boundaries for proper pairs: (1, 3998)
[0000][PE] analyzing insert size distribution for orientation RR...
[0000][PE] (25, 50, 75) percentile: (90, 120, 190)
[0000][PE] low and high boundaries for computing mean and std.dev: (1, 390)
[0000][PE] mean and std.dev: (120.31, 64.27)
[0000][PE] low and high boundaries for proper pairs: (1, 490)
[0000][PE] skip orientation FF
[0000][PE] skip orientation RF
[0000][PE] skip orientation RR
[0000] 3. Calling kt_for - worker_sam
	[0000][ M::mem_process_seqs] Processed 3422044 reads in 681.209 CPU sec, 17.953 real sec
[0000] Calling mem_process_seqs.., task: 4
[0000] 1. Calling kt_for - worker_bwt
[0000] 2. Calling kt_for - worker_aln
[0000] Inferring insert size distribution of PE reads from data, l_pac: 689690477, n: 457148
[0000][PE] # candidate unique pairs for (FF, FR, RF, RR): (12, 187842, 3, 8)
[0000][PE] analyzing insert size distribution for orientation FF...
[0000][PE] (25, 50, 75) percentile: (98, 124, 671)
[0000][PE] low and high boundaries for computing mean and std.dev: (1, 1817)
[0000][PE] mean and std.dev: (313.00, 505.46)
[0000][PE] low and high boundaries for proper pairs: (1, 2390)
[0000][PE] analyzing insert size distribution for orientation FR...
[0000][PE] (25, 50, 75) percentile: (88, 124, 170)
[0000][PE] low and high boundaries for computing mean and std.dev: (1, 334)
[0000][PE] mean and std.dev: (133.40, 60.87)
[0000][PE] low and high boundaries for proper pairs: (1, 416)
[0000][PE] skip orientation RF as there are not enough pairs
[0000][PE] skip orientation RR as there are not enough pairs
[0000][PE] skip orientation FF
[0000] 3. Calling kt_for - worker_sam
	[0000][ M::mem_process_seqs] Processed 457148 reads in 91.387 CPU sec, 2.793 real sec
[0000] read_chunk: 400000000, work_chunk_size: 0, nseq: 0
[0000] read_chunk: 400000000, work_chunk_size: 0, nseq: 0
[0000] Computation ends..
No. of OMP threads: 40
Processor is running @2394.718294 MHz
Runtime profile:

	Time taken for main_mem function: 118.45 sec

	IO times (sec) :
	Reading IO time (reads) avg: 44.37, (44.37, 44.37)
	Writing IO time (SAM) avg: 20.30, (20.30, 20.30)
	Reading IO time (Reference Genome) avg: 1.02, (1.02, 1.02)
	Index read time avg: 0.23, (0.23, 0.23)

	Overall time (sec) (Excluding Index reading time):
	PROCESS() (Total compute time + (read + SAM) IO time) : 117.16
	MEM_PROCESS_SEQ() (Total compute time (Kernel + SAM)), avg: 74.00, (74.00, 74.00)

	 SAM Processing time (sec):
	--WORKER_SAM avg: 35.87, (35.87, 35.87)

	Kernels' compute time (sec):
	Total kernel (smem+sal+bsw) time avg: 36.62, (36.62, 36.62)
		MEM_ALN_CHAIN_FLT avg: 0.00, (0.00, 0.00)
		MEM_ALN_CHAIN_SEED avg: 0.00, (0.00, 0.00)
		ERT_SEED_CHAIN avg: 0.00, (0.00, 0.00)
	LEARNED_SEED_CHAIN avg: 15.97, (16.10, 15.92)
		SMEM compute avg: 0.00, (0.00, 0.00)
		SAL compute avg: 0.00, (0.00, 0.00)
				MEM_SA avg: 0.00, (0.00, 0.00)

		BSW time, avg: 19.59, (19.69, 19.48)

Important parameter settings: 
	BATCH_SIZE: 512
	MAX_SEQ_LEN_REF: 256
	MAX_SEQ_LEN_QER: 128
	MAX_SEQ_LEN8: 128
	SEEDS_PER_READ: 500
	SIMD_WIDTH8 X: 64
	SIMD_WIDTH16 X: 32
	AVG_SEEDS_PER_READ: 64
