Looking to launch executable "/opt/conda/bin/bwa-meme_mode3.avx512bw", simd = _mode3.avx512bw
Launching executable "/opt/conda/bin/bwa-meme_mode3.avx512bw"
-----------------------------
Executing in AVX512 mode!!
-----------------------------
* SA compression enabled with xfactor: 8
* Ref file: reference.genbank.Zdi.fasta
* Entering FMI_search
Reading other elements of the index from files reference.genbank.Zdi.fasta
* Index prefix: reference.genbank.Zdi.fasta
* Read 0 ALT contigs
* Reading reference genome..
* Binary seq file = reference.genbank.Zdi.fasta.0123
* Reference genome size: 1379380954 bp
* Done reading reference genome !!

------------------------------------------
1. Memory pre-allocation for Chaining: 5679.4903 MB
2. Memory pre-allocation for BSW: 9584.6810 MB
[M::memoryAllocLearned::MEME] Reading Learned-index models into memory
[Learned-Config] MODE:3 SEARCH_METHOD: 1 MEM_TRADEOFF:1 EXPONENTIAL_SMEMSEARCH: 1 DEBUG_MODE:0 Num 2nd Models:268435456 PWL Bits Used:28
[M::memoryAllocLearned::MEME] Loading RMI model and Pac reference file took 10.529 sec
[M::memoryAllocLearned::MEME] Reading suffix array into memory
[M::memoryAllocLearned::MEME] Loading pos_packed file took 15.484 sec
[M::memoryAllocLearned::MEME] Generating SA, 64-bit Suffix and ISA in memory
[M::memoryAllocLearned::MEME] Runtime-build-index took 13.096 sec
3. Memory pre-allocation for BWT: 7540.2955 MB
------------------------------------------
* Threads used (compute): 40
* No. of pipeline threads: 2

[0000] read_chunk: 400000000, work_chunk_size: 400000002, nseq: 3598466
	[0000][ M::kt_pipeline] read 3598466 sequences (400000002 bp)...
[0000] Reallocating initial memory allocations!!
[0000] Calling mem_process_seqs.., task: 0
[0000] 1. Calling kt_for - worker_bwt
[0000] 2. Calling kt_for - worker_aln
[0000] Inferring insert size distribution of PE reads from data, l_pac: 689690477, n: 3598466
[0000][PE] # candidate unique pairs for (FF, FR, RF, RR): (58, 1436572, 56, 63)
[0000][PE] analyzing insert size distribution for orientation FF...
[0000][PE] (25, 50, 75) percentile: (77, 124, 188)
[0000][PE] low and high boundaries for computing mean and std.dev: (1, 410)
[0000][PE] mean and std.dev: (123.78, 70.43)
[0000][PE] low and high boundaries for proper pairs: (1, 521)
[0000][PE] analyzing insert size distribution for orientation FR...
[0000][PE] (25, 50, 75) percentile: (80, 115, 161)
[0000][PE] low and high boundaries for computing mean and std.dev: (1, 323)
[0000][PE] mean and std.dev: (125.05, 59.52)
[0000][PE] low and high boundaries for proper pairs: (1, 404)
[0000][PE] analyzing insert size distribution for orientation RF...
[0000][PE] (25, 50, 75) percentile: (82, 240, 1048)
[0000][PE] low and high boundaries for computing mean and std.dev: (1, 2980)
[0000][PE] mean and std.dev: (518.96, 669.23)
[0000][PE] low and high boundaries for proper pairs: (1, 3946)
[0000][PE] analyzing insert size distribution for orientation RR...
[0000][PE] (25, 50, 75) percentile: (61, 88, 141)
[0000][PE] low and high boundaries for computing mean and std.dev: (1, 301)
[0000][PE] mean and std.dev: (95.20, 60.22)
[0000][PE] low and high boundaries for proper pairs: (1, 381)
[0000][PE] skip orientation FF
[0000][PE] skip orientation RF
[0000][PE] skip orientation RR
[0000] 3. Calling kt_for - worker_sam
[0000] read_chunk: 400000000, work_chunk_size: 400000266, nseq: 3593146
	[0000][ M::kt_pipeline] read 3593146 sequences (400000266 bp)...
	[0000][ M::mem_process_seqs] Processed 3598466 reads in 656.483 CPU sec, 16.986 real sec
[0000] Calling mem_process_seqs.., task: 1
[0000] 1. Calling kt_for - worker_bwt
[0000] 2. Calling kt_for - worker_aln
[0000] Inferring insert size distribution of PE reads from data, l_pac: 689690477, n: 3593146
[0000][PE] # candidate unique pairs for (FF, FR, RF, RR): (71, 1424711, 48, 62)
[0000][PE] analyzing insert size distribution for orientation FF...
[0000][PE] (25, 50, 75) percentile: (92, 148, 270)
[0000][PE] low and high boundaries for computing mean and std.dev: (1, 626)
[0000][PE] mean and std.dev: (163.72, 122.82)
[0000][PE] low and high boundaries for proper pairs: (1, 804)
[0000][PE] analyzing insert size distribution for orientation FR...
[0000][PE] (25, 50, 75) percentile: (80, 115, 161)
[0000][PE] low and high boundaries for computing mean and std.dev: (1, 323)
[0000][PE] mean and std.dev: (125.01, 59.52)
[0000][PE] low and high boundaries for proper pairs: (1, 404)
[0000][PE] analyzing insert size distribution for orientation RF...
[0000][PE] (25, 50, 75) percentile: (53, 228, 999)
[0000][PE] low and high boundaries for computing mean and std.dev: (1, 2891)
[0000][PE] mean and std.dev: (346.50, 424.20)
[0000][PE] low and high boundaries for proper pairs: (1, 3837)
[0000][PE] analyzing insert size distribution for orientation RR...
[0000][PE] (25, 50, 75) percentile: (83, 138, 235)
[0000][PE] low and high boundaries for computing mean and std.dev: (1, 539)
[0000][PE] mean and std.dev: (146.96, 108.60)
[0000][PE] low and high boundaries for proper pairs: (1, 691)
[0000][PE] skip orientation FF
[0000][PE] skip orientation RF
[0000][PE] skip orientation RR
[0000] 3. Calling kt_for - worker_sam
	[0000][ M::mem_process_seqs] Processed 3593146 reads in 678.772 CPU sec, 17.749 real sec
[0000] read_chunk: 400000000, work_chunk_size: 400000117, nseq: 3597782
	[0000][ M::kt_pipeline] read 3597782 sequences (400000117 bp)...
[0000] Calling mem_process_seqs.., task: 2
[0000] 1. Calling kt_for - worker_bwt
[0000] 2. Calling kt_for - worker_aln
[0000] Inferring insert size distribution of PE reads from data, l_pac: 689690477, n: 3597782
[0000][PE] # candidate unique pairs for (FF, FR, RF, RR): (54, 1428878, 55, 49)
[0000][PE] analyzing insert size distribution for orientation FF...
[0000][PE] (25, 50, 75) percentile: (62, 120, 168)
[0000][PE] low and high boundaries for computing mean and std.dev: (1, 380)
[0000][PE] mean and std.dev: (105.96, 54.74)
[0000][PE] low and high boundaries for proper pairs: (1, 486)
[0000][PE] analyzing insert size distribution for orientation FR...
[0000][PE] (25, 50, 75) percentile: (80, 115, 161)
[0000][PE] low and high boundaries for computing mean and std.dev: (1, 323)
[0000][PE] mean and std.dev: (125.00, 59.53)
[0000][PE] low and high boundaries for proper pairs: (1, 404)
[0000][PE] analyzing insert size distribution for orientation RF...
[0000][PE] (25, 50, 75) percentile: (73, 317, 1102)
[0000][PE] low and high boundaries for computing mean and std.dev: (1, 3160)
[0000][PE] mean and std.dev: (562.86, 683.50)
[0000][PE] low and high boundaries for proper pairs: (1, 4189)
[0000][PE] analyzing insert size distribution for orientation RR...
[0000][PE] (25, 50, 75) percentile: (83, 116, 186)
[0000][PE] low and high boundaries for computing mean and std.dev: (1, 392)
[0000][PE] mean and std.dev: (127.91, 72.87)
[0000][PE] low and high boundaries for proper pairs: (1, 495)
[0000][PE] skip orientation FF
[0000][PE] skip orientation RF
[0000][PE] skip orientation RR
[0000] 3. Calling kt_for - worker_sam
[0000] read_chunk: 400000000, work_chunk_size: 400000175, nseq: 3597916
	[0000][ M::kt_pipeline] read 3597916 sequences (400000175 bp)...
	[0000][ M::mem_process_seqs] Processed 3597782 reads in 673.809 CPU sec, 17.669 real sec
[0000] Calling mem_process_seqs.., task: 3
[0000] 1. Calling kt_for - worker_bwt
[0000] 2. Calling kt_for - worker_aln
[0000] Inferring insert size distribution of PE reads from data, l_pac: 689690477, n: 3597916
[0000][PE] # candidate unique pairs for (FF, FR, RF, RR): (60, 1431828, 53, 83)
[0000][PE] analyzing insert size distribution for orientation FF...
[0000][PE] (25, 50, 75) percentile: (85, 117, 216)
[0000][PE] low and high boundaries for computing mean and std.dev: (1, 478)
[0000][PE] mean and std.dev: (114.46, 58.48)
[0000][PE] low and high boundaries for proper pairs: (1, 609)
[0000][PE] analyzing insert size distribution for orientation FR...
[0000][PE] (25, 50, 75) percentile: (80, 115, 161)
[0000][PE] low and high boundaries for computing mean and std.dev: (1, 323)
[0000][PE] mean and std.dev: (125.05, 59.61)
[0000][PE] low and high boundaries for proper pairs: (1, 404)
[0000][PE] analyzing insert size distribution for orientation RF...
[0000][PE] (25, 50, 75) percentile: (91, 249, 1070)
[0000][PE] low and high boundaries for computing mean and std.dev: (1, 3028)
[0000][PE] mean and std.dev: (380.91, 423.75)
[0000][PE] low and high boundaries for proper pairs: (1, 4007)
[0000][PE] analyzing insert size distribution for orientation RR...
[0000][PE] (25, 50, 75) percentile: (84, 118, 194)
[0000][PE] low and high boundaries for computing mean and std.dev: (1, 414)
[0000][PE] mean and std.dev: (117.32, 64.85)
[0000][PE] low and high boundaries for proper pairs: (1, 524)
[0000][PE] skip orientation FF
[0000][PE] skip orientation RF
[0000][PE] skip orientation RR
[0000] 3. Calling kt_for - worker_sam
[0000] read_chunk: 400000000, work_chunk_size: 356979016, nseq: 3200832
	[0000][ M::kt_pipeline] read 3200832 sequences (356979016 bp)...
	[0000][ M::mem_process_seqs] Processed 3597916 reads in 668.380 CPU sec, 17.569 real sec
[0000] Calling mem_process_seqs.., task: 4
[0000] 1. Calling kt_for - worker_bwt
[0000] 2. Calling kt_for - worker_aln
[0000] read_chunk: 400000000, work_chunk_size: 0, nseq: 0
[0000] Inferring insert size distribution of PE reads from data, l_pac: 689690477, n: 3200832
[0000][PE] # candidate unique pairs for (FF, FR, RF, RR): (52, 1254036, 28, 62)
[0000][PE] analyzing insert size distribution for orientation FF...
[0000][PE] (25, 50, 75) percentile: (78, 124, 322)
[0000][PE] low and high boundaries for computing mean and std.dev: (1, 810)
[0000][PE] mean and std.dev: (143.66, 136.16)
[0000][PE] low and high boundaries for proper pairs: (1, 1054)
[0000][PE] analyzing insert size distribution for orientation FR...
[0000][PE] (25, 50, 75) percentile: (80, 115, 161)
[0000][PE] low and high boundaries for computing mean and std.dev: (1, 323)
[0000][PE] mean and std.dev: (124.94, 59.53)
[0000][PE] low and high boundaries for proper pairs: (1, 404)
[0000][PE] analyzing insert size distribution for orientation RF...
[0000][PE] (25, 50, 75) percentile: (207, 479, 1113)
[0000][PE] low and high boundaries for computing mean and std.dev: (1, 2925)
[0000][PE] mean and std.dev: (536.28, 497.72)
[0000][PE] low and high boundaries for proper pairs: (1, 3831)
[0000][PE] analyzing insert size distribution for orientation RR...
[0000][PE] (25, 50, 75) percentile: (73, 116, 211)
[0000][PE] low and high boundaries for computing mean and std.dev: (1, 487)
[0000][PE] mean and std.dev: (126.71, 89.58)
[0000][PE] low and high boundaries for proper pairs: (1, 625)
[0000][PE] skip orientation FF
[0000][PE] skip orientation RF
[0000][PE] skip orientation RR
[0000] 3. Calling kt_for - worker_sam
	[0000][ M::mem_process_seqs] Processed 3200832 reads in 613.324 CPU sec, 16.170 real sec
[0000] read_chunk: 400000000, work_chunk_size: 0, nseq: 0
[0000] Computation ends..
No. of OMP threads: 40
Processor is running @2394.719996 MHz
Runtime profile:

	Time taken for main_mem function: 134.55 sec

	IO times (sec) :
	Reading IO time (reads) avg: 54.45, (54.45, 54.45)
	Writing IO time (SAM) avg: 24.69, (24.69, 24.69)
	Reading IO time (Reference Genome) avg: 1.10, (1.10, 1.10)
	Index read time avg: 0.26, (0.26, 0.26)

	Overall time (sec) (Excluding Index reading time):
	PROCESS() (Total compute time + (read + SAM) IO time) : 133.14
	MEM_PROCESS_SEQ() (Total compute time (Kernel + SAM)), avg: 86.13, (86.13, 86.13)

	 SAM Processing time (sec):
	--WORKER_SAM avg: 39.60, (39.60, 39.60)

	Kernels' compute time (sec):
	Total kernel (smem+sal+bsw) time avg: 44.80, (44.80, 44.80)
		MEM_ALN_CHAIN_FLT avg: 0.00, (0.00, 0.00)
		MEM_ALN_CHAIN_SEED avg: 0.00, (0.00, 0.00)
		ERT_SEED_CHAIN avg: 0.00, (0.00, 0.00)
	LEARNED_SEED_CHAIN avg: 21.73, (21.79, 21.69)
		SMEM compute avg: 0.00, (0.00, 0.00)
		SAL compute avg: 0.00, (0.00, 0.00)
				MEM_SA avg: 0.00, (0.00, 0.00)

		BSW time, avg: 22.17, (22.27, 22.01)

Important parameter settings: 
	BATCH_SIZE: 512
	MAX_SEQ_LEN_REF: 256
	MAX_SEQ_LEN_QER: 128
	MAX_SEQ_LEN8: 128
	SEEDS_PER_READ: 500
	SIMD_WIDTH8 X: 64
	SIMD_WIDTH16 X: 32
	AVG_SEEDS_PER_READ: 64
