Looking to launch executable "/opt/conda/bin/bwa-meme_mode3.avx512bw", simd = _mode3.avx512bw
Launching executable "/opt/conda/bin/bwa-meme_mode3.avx512bw"
-----------------------------
Executing in AVX512 mode!!
-----------------------------
* SA compression enabled with xfactor: 8
* Ref file: reference.genbank.Zdi.fasta
* Entering FMI_search
Reading other elements of the index from files reference.genbank.Zdi.fasta
* Index prefix: reference.genbank.Zdi.fasta
* Read 0 ALT contigs
* Reading reference genome..
* Binary seq file = reference.genbank.Zdi.fasta.0123
* Reference genome size: 1379380954 bp
* Done reading reference genome !!

------------------------------------------
1. Memory pre-allocation for Chaining: 5679.4903 MB
2. Memory pre-allocation for BSW: 9584.6810 MB
[M::memoryAllocLearned::MEME] Reading Learned-index models into memory
[Learned-Config] MODE:3 SEARCH_METHOD: 1 MEM_TRADEOFF:1 EXPONENTIAL_SMEMSEARCH: 1 DEBUG_MODE:0 Num 2nd Models:268435456 PWL Bits Used:28
[M::memoryAllocLearned::MEME] Loading RMI model and Pac reference file took 10.687 sec
[M::memoryAllocLearned::MEME] Reading suffix array into memory
[M::memoryAllocLearned::MEME] Loading pos_packed file took 16.022 sec
[M::memoryAllocLearned::MEME] Generating SA, 64-bit Suffix and ISA in memory
[M::memoryAllocLearned::MEME] Runtime-build-index took 13.541 sec
3. Memory pre-allocation for BWT: 7540.2955 MB
------------------------------------------
* Threads used (compute): 40
* No. of pipeline threads: 2

[0000] read_chunk: 400000000, work_chunk_size: 400000099, nseq: 3326842
	[0000][ M::kt_pipeline] read 3326842 sequences (400000099 bp)...
[0000] Reallocating initial memory allocations!!
[0000] read_chunk: 400000000, work_chunk_size: 14410947, nseq: 120216
	[0000][ M::kt_pipeline] read 120216 sequences (14410947 bp)...
[0000] Calling mem_process_seqs.., task: 0
[0000] 1. Calling kt_for - worker_bwt
[0000] 2. Calling kt_for - worker_aln
[0000] Inferring insert size distribution of PE reads from data, l_pac: 689690477, n: 3326842
[0000][PE] # candidate unique pairs for (FF, FR, RF, RR): (64, 1302040, 55, 53)
[0000][PE] analyzing insert size distribution for orientation FF...
[0000][PE] (25, 50, 75) percentile: (83, 187, 368)
[0000][PE] low and high boundaries for computing mean and std.dev: (1, 938)
[0000][PE] mean and std.dev: (180.24, 157.13)
[0000][PE] low and high boundaries for proper pairs: (1, 1223)
[0000][PE] analyzing insert size distribution for orientation FR...
[0000][PE] (25, 50, 75) percentile: (95, 133, 182)
[0000][PE] low and high boundaries for computing mean and std.dev: (1, 356)
[0000][PE] mean and std.dev: (142.48, 65.08)
[0000][PE] low and high boundaries for proper pairs: (1, 443)
[0000][PE] analyzing insert size distribution for orientation RF...
[0000][PE] (25, 50, 75) percentile: (106, 240, 1862)
[0000][PE] low and high boundaries for computing mean and std.dev: (1, 5374)
[0000][PE] mean and std.dev: (1049.58, 1442.29)
[0000][PE] low and high boundaries for proper pairs: (1, 7130)
[0000][PE] analyzing insert size distribution for orientation RR...
[0000][PE] (25, 50, 75) percentile: (86, 136, 363)
[0000][PE] low and high boundaries for computing mean and std.dev: (1, 917)
[0000][PE] mean and std.dev: (190.09, 178.62)
[0000][PE] low and high boundaries for proper pairs: (1, 1194)
[0000][PE] skip orientation FF
[0000][PE] skip orientation RF
[0000][PE] skip orientation RR
[0000] 3. Calling kt_for - worker_sam
	[0000][ M::mem_process_seqs] Processed 3326842 reads in 709.421 CPU sec, 18.492 real sec
[0000] Calling mem_process_seqs.., task: 1
[0000] 1. Calling kt_for - worker_bwt
[0000] 2. Calling kt_for - worker_aln
[0000] Inferring insert size distribution of PE reads from data, l_pac: 689690477, n: 120216
[0000][PE] # candidate unique pairs for (FF, FR, RF, RR): (5, 47364, 1, 6)
[0000][PE] skip orientation FF as there are not enough pairs
[0000][PE] analyzing insert size distribution for orientation FR...
[0000][PE] (25, 50, 75) percentile: (95, 133, 181)
[0000][PE] low and high boundaries for computing mean and std.dev: (1, 353)
[0000][PE] mean and std.dev: (142.13, 64.66)
[0000][PE] low and high boundaries for proper pairs: (1, 439)
[0000][PE] skip orientation RF as there are not enough pairs
[0000][PE] skip orientation RR as there are not enough pairs
[0000] 3. Calling kt_for - worker_sam
	[0000][ M::mem_process_seqs] Processed 120216 reads in 26.939 CPU sec, 0.911 real sec
[0000] read_chunk: 400000000, work_chunk_size: 0, nseq: 0
[0000] read_chunk: 400000000, work_chunk_size: 0, nseq: 0
[0000] Computation ends..
No. of OMP threads: 40
Processor is running @2394.732406 MHz
Runtime profile:

	Time taken for main_mem function: 73.06 sec

	IO times (sec) :
	Reading IO time (reads) avg: 10.63, (10.63, 10.63)
	Writing IO time (SAM) avg: 2.51, (2.51, 2.51)
	Reading IO time (Reference Genome) avg: 0.96, (0.96, 0.96)
	Index read time avg: 0.25, (0.25, 0.25)

	Overall time (sec) (Excluding Index reading time):
	PROCESS() (Total compute time + (read + SAM) IO time) : 71.81
	MEM_PROCESS_SEQ() (Total compute time (Kernel + SAM)), avg: 19.40, (19.40, 19.40)

	 SAM Processing time (sec):
	--WORKER_SAM avg: 9.10, (9.10, 9.10)

	Kernels' compute time (sec):
	Total kernel (smem+sal+bsw) time avg: 9.94, (9.94, 9.94)
		MEM_ALN_CHAIN_FLT avg: 0.00, (0.00, 0.00)
		MEM_ALN_CHAIN_SEED avg: 0.00, (0.00, 0.00)
		ERT_SEED_CHAIN avg: 0.00, (0.00, 0.00)
	LEARNED_SEED_CHAIN avg: 4.76, (4.78, 4.74)
		SMEM compute avg: 0.00, (0.00, 0.00)
		SAL compute avg: 0.00, (0.00, 0.00)
				MEM_SA avg: 0.00, (0.00, 0.00)

		BSW time, avg: 4.91, (4.94, 4.88)

Important parameter settings: 
	BATCH_SIZE: 512
	MAX_SEQ_LEN_REF: 256
	MAX_SEQ_LEN_QER: 128
	MAX_SEQ_LEN8: 128
	SEEDS_PER_READ: 500
	SIMD_WIDTH8 X: 64
	SIMD_WIDTH16 X: 32
	AVG_SEEDS_PER_READ: 64
