Looking to launch executable "/opt/conda/bin/bwa-meme_mode3.avx512bw", simd = _mode3.avx512bw
Launching executable "/opt/conda/bin/bwa-meme_mode3.avx512bw"
-----------------------------
Executing in AVX512 mode!!
-----------------------------
* SA compression enabled with xfactor: 8
* Ref file: reference.genbank.Zdi.fasta
* Entering FMI_search
Reading other elements of the index from files reference.genbank.Zdi.fasta
* Index prefix: reference.genbank.Zdi.fasta
* Read 0 ALT contigs
* Reading reference genome..
* Binary seq file = reference.genbank.Zdi.fasta.0123
* Reference genome size: 1379380954 bp
* Done reading reference genome !!

------------------------------------------
1. Memory pre-allocation for Chaining: 5679.4903 MB
2. Memory pre-allocation for BSW: 9584.6810 MB
[M::memoryAllocLearned::MEME] Reading Learned-index models into memory
[Learned-Config] MODE:3 SEARCH_METHOD: 1 MEM_TRADEOFF:1 EXPONENTIAL_SMEMSEARCH: 1 DEBUG_MODE:0 Num 2nd Models:268435456 PWL Bits Used:28
[M::memoryAllocLearned::MEME] Loading RMI model and Pac reference file took 10.437 sec
[M::memoryAllocLearned::MEME] Reading suffix array into memory
[M::memoryAllocLearned::MEME] Loading pos_packed file took 15.421 sec
[M::memoryAllocLearned::MEME] Generating SA, 64-bit Suffix and ISA in memory
[M::memoryAllocLearned::MEME] Runtime-build-index took 13.169 sec
3. Memory pre-allocation for BWT: 7540.2955 MB
------------------------------------------
* Threads used (compute): 40
* No. of pipeline threads: 2

[0000] read_chunk: 400000000, work_chunk_size: 400000129, nseq: 3398770
	[0000][ M::kt_pipeline] read 3398770 sequences (400000129 bp)...
[0000] Reallocating initial memory allocations!!
[0000] Calling mem_process_seqs.., task: 0
[0000] 1. Calling kt_for - worker_bwt
[0000] 2. Calling kt_for - worker_aln
[0000] Inferring insert size distribution of PE reads from data, l_pac: 689690477, n: 3398770
[0000][PE] # candidate unique pairs for (FF, FR, RF, RR): (615, 1198969, 60, 866)
[0000][PE] analyzing insert size distribution for orientation FF...
[0000][PE] (25, 50, 75) percentile: (73, 106, 153)
[0000][PE] low and high boundaries for computing mean and std.dev: (1, 313)
[0000][PE] mean and std.dev: (109.76, 53.91)
[0000][PE] low and high boundaries for proper pairs: (1, 393)
[0000][PE] analyzing insert size distribution for orientation FR...
[0000][PE] (25, 50, 75) percentile: (90, 125, 168)
[0000][PE] low and high boundaries for computing mean and std.dev: (1, 324)
[0000][PE] mean and std.dev: (132.74, 58.16)
[0000][PE] low and high boundaries for proper pairs: (1, 402)
[0000][PE] analyzing insert size distribution for orientation RF...
[0000][PE] (25, 50, 75) percentile: (99, 265, 1285)
[0000][PE] low and high boundaries for computing mean and std.dev: (1, 3657)
[0000][PE] mean and std.dev: (733.52, 953.95)
[0000][PE] low and high boundaries for proper pairs: (1, 4843)
[0000][PE] analyzing insert size distribution for orientation RR...
[0000][PE] (25, 50, 75) percentile: (73, 105, 144)
[0000][PE] low and high boundaries for computing mean and std.dev: (1, 286)
[0000][PE] mean and std.dev: (109.16, 51.75)
[0000][PE] low and high boundaries for proper pairs: (1, 357)
[0000][PE] skip orientation FF
[0000][PE] skip orientation RF
[0000][PE] skip orientation RR
[0000] 3. Calling kt_for - worker_sam
[0000] read_chunk: 400000000, work_chunk_size: 400000035, nseq: 3399736
	[0000][ M::kt_pipeline] read 3399736 sequences (400000035 bp)...
	[0000][ M::mem_process_seqs] Processed 3398770 reads in 742.463 CPU sec, 19.157 real sec
[0000] Reallocating initial memory allocations!!
[0000] Calling mem_process_seqs.., task: 1
[0000] 1. Calling kt_for - worker_bwt
[0000] 2. Calling kt_for - worker_aln
[0000] Inferring insert size distribution of PE reads from data, l_pac: 689690477, n: 3399736
[0000][PE] # candidate unique pairs for (FF, FR, RF, RR): (592, 1192274, 78, 883)
[0000][PE] analyzing insert size distribution for orientation FF...
[0000][PE] (25, 50, 75) percentile: (67, 99, 145)
[0000][PE] low and high boundaries for computing mean and std.dev: (1, 301)
[0000][PE] mean and std.dev: (107.39, 56.06)
[0000][PE] low and high boundaries for proper pairs: (1, 379)
[0000][PE] analyzing insert size distribution for orientation FR...
[0000][PE] (25, 50, 75) percentile: (91, 124, 168)
[0000][PE] low and high boundaries for computing mean and std.dev: (1, 322)
[0000][PE] mean and std.dev: (132.53, 57.95)
[0000][PE] low and high boundaries for proper pairs: (1, 399)
[0000][PE] analyzing insert size distribution for orientation RF...
[0000][PE] (25, 50, 75) percentile: (63, 181, 1075)
[0000][PE] low and high boundaries for computing mean and std.dev: (1, 3099)
[0000][PE] mean and std.dev: (460.96, 655.29)
[0000][PE] low and high boundaries for proper pairs: (1, 4111)
[0000][PE] analyzing insert size distribution for orientation RR...
[0000][PE] (25, 50, 75) percentile: (74, 103, 144)
[0000][PE] low and high boundaries for computing mean and std.dev: (1, 284)
[0000][PE] mean and std.dev: (109.40, 51.90)
[0000][PE] low and high boundaries for proper pairs: (1, 354)
[0000][PE] skip orientation FF
[0000][PE] skip orientation RF
[0000][PE] skip orientation RR
[0000] 3. Calling kt_for - worker_sam
[0000] read_chunk: 400000000, work_chunk_size: 376809212, nseq: 3186754
	[0000][ M::kt_pipeline] read 3186754 sequences (376809212 bp)...
	[0000][ M::mem_process_seqs] Processed 3399736 reads in 753.132 CPU sec, 19.597 real sec
[0000] Calling mem_process_seqs.., task: 2
[0000] 1. Calling kt_for - worker_bwt
[0000] 2. Calling kt_for - worker_aln
[0000] read_chunk: 400000000, work_chunk_size: 0, nseq: 0
[0000] Inferring insert size distribution of PE reads from data, l_pac: 689690477, n: 3186754
[0000][PE] # candidate unique pairs for (FF, FR, RF, RR): (609, 1083170, 66, 761)
[0000][PE] analyzing insert size distribution for orientation FF...
[0000][PE] (25, 50, 75) percentile: (77, 105, 147)
[0000][PE] low and high boundaries for computing mean and std.dev: (1, 287)
[0000][PE] mean and std.dev: (111.32, 52.79)
[0000][PE] low and high boundaries for proper pairs: (1, 357)
[0000][PE] analyzing insert size distribution for orientation FR...
[0000][PE] (25, 50, 75) percentile: (91, 124, 167)
[0000][PE] low and high boundaries for computing mean and std.dev: (1, 319)
[0000][PE] mean and std.dev: (132.40, 57.68)
[0000][PE] low and high boundaries for proper pairs: (1, 395)
[0000][PE] analyzing insert size distribution for orientation RF...
[0000][PE] (25, 50, 75) percentile: (55, 219, 1203)
[0000][PE] low and high boundaries for computing mean and std.dev: (1, 3499)
[0000][PE] mean and std.dev: (617.92, 831.53)
[0000][PE] low and high boundaries for proper pairs: (1, 4647)
[0000][PE] analyzing insert size distribution for orientation RR...
[0000][PE] (25, 50, 75) percentile: (76, 102, 147)
[0000][PE] low and high boundaries for computing mean and std.dev: (1, 289)
[0000][PE] mean and std.dev: (109.80, 51.31)
[0000][PE] low and high boundaries for proper pairs: (1, 360)
[0000][PE] skip orientation FF
[0000][PE] skip orientation RF
[0000][PE] skip orientation RR
[0000] 3. Calling kt_for - worker_sam
	[0000][ M::mem_process_seqs] Processed 3186754 reads in 748.623 CPU sec, 19.639 real sec
[0000] read_chunk: 400000000, work_chunk_size: 0, nseq: 0
[0000] Computation ends..
No. of OMP threads: 40
Processor is running @2394.713168 MHz
Runtime profile:

	Time taken for main_mem function: 108.26 sec

	IO times (sec) :
	Reading IO time (reads) avg: 34.29, (34.29, 34.29)
	Writing IO time (SAM) avg: 12.03, (12.03, 12.03)
	Reading IO time (Reference Genome) avg: 1.06, (1.06, 1.06)
	Index read time avg: 0.24, (0.24, 0.24)

	Overall time (sec) (Excluding Index reading time):
	PROCESS() (Total compute time + (read + SAM) IO time) : 106.91
	MEM_PROCESS_SEQ() (Total compute time (Kernel + SAM)), avg: 58.39, (58.39, 58.39)

	 SAM Processing time (sec):
	--WORKER_SAM avg: 27.71, (27.71, 27.71)

	Kernels' compute time (sec):
	Total kernel (smem+sal+bsw) time avg: 29.74, (29.74, 29.74)
		MEM_ALN_CHAIN_FLT avg: 0.00, (0.00, 0.00)
		MEM_ALN_CHAIN_SEED avg: 0.00, (0.00, 0.00)
		ERT_SEED_CHAIN avg: 0.00, (0.00, 0.00)
	LEARNED_SEED_CHAIN avg: 13.72, (13.76, 13.69)
		SMEM compute avg: 0.00, (0.00, 0.00)
		SAL compute avg: 0.00, (0.00, 0.00)
				MEM_SA avg: 0.00, (0.00, 0.00)

		BSW time, avg: 15.41, (15.50, 15.36)

Important parameter settings: 
	BATCH_SIZE: 512
	MAX_SEQ_LEN_REF: 256
	MAX_SEQ_LEN_QER: 128
	MAX_SEQ_LEN8: 128
	SEEDS_PER_READ: 500
	SIMD_WIDTH8 X: 64
	SIMD_WIDTH16 X: 32
	AVG_SEEDS_PER_READ: 64
