Looking to launch executable "/opt/conda/bin/bwa-meme_mode3.avx512bw", simd = _mode3.avx512bw
Launching executable "/opt/conda/bin/bwa-meme_mode3.avx512bw"
-----------------------------
Executing in AVX512 mode!!
-----------------------------
* SA compression enabled with xfactor: 8
* Ref file: reference.genbank.Zdi.fasta
* Entering FMI_search
Reading other elements of the index from files reference.genbank.Zdi.fasta
* Index prefix: reference.genbank.Zdi.fasta
* Read 0 ALT contigs
* Reading reference genome..
* Binary seq file = reference.genbank.Zdi.fasta.0123
* Reference genome size: 1379380954 bp
* Done reading reference genome !!

------------------------------------------
1. Memory pre-allocation for Chaining: 5679.4903 MB
2. Memory pre-allocation for BSW: 9584.6810 MB
[M::memoryAllocLearned::MEME] Reading Learned-index models into memory
[Learned-Config] MODE:3 SEARCH_METHOD: 1 MEM_TRADEOFF:1 EXPONENTIAL_SMEMSEARCH: 1 DEBUG_MODE:0 Num 2nd Models:268435456 PWL Bits Used:28
[M::memoryAllocLearned::MEME] Loading RMI model and Pac reference file took 10.847 sec
[M::memoryAllocLearned::MEME] Reading suffix array into memory
[M::memoryAllocLearned::MEME] Loading pos_packed file took 14.031 sec
[M::memoryAllocLearned::MEME] Generating SA, 64-bit Suffix and ISA in memory
[M::memoryAllocLearned::MEME] Runtime-build-index took 11.265 sec
3. Memory pre-allocation for BWT: 7540.2955 MB
------------------------------------------
* Threads used (compute): 40
* No. of pipeline threads: 2

[0000] read_chunk: 400000000, work_chunk_size: 400000086, nseq: 3461188
	[0000][ M::kt_pipeline] read 3461188 sequences (400000086 bp)...
[0000] Reallocating initial memory allocations!!
[0000] Calling mem_process_seqs.., task: 0
[0000] 1. Calling kt_for - worker_bwt
[0000] 2. Calling kt_for - worker_aln
[0000] read_chunk: 400000000, work_chunk_size: 400000068, nseq: 3461580
	[0000][ M::kt_pipeline] read 3461580 sequences (400000068 bp)...
[0000] Inferring insert size distribution of PE reads from data, l_pac: 689690477, n: 3461188
[0000][PE] # candidate unique pairs for (FF, FR, RF, RR): (175, 1406722, 50, 203)
[0000][PE] analyzing insert size distribution for orientation FF...
[0000][PE] (25, 50, 75) percentile: (75, 100, 168)
[0000][PE] low and high boundaries for computing mean and std.dev: (1, 354)
[0000][PE] mean and std.dev: (111.79, 59.53)
[0000][PE] low and high boundaries for proper pairs: (1, 447)
[0000][PE] analyzing insert size distribution for orientation FR...
[0000][PE] (25, 50, 75) percentile: (87, 122, 166)
[0000][PE] low and high boundaries for computing mean and std.dev: (1, 324)
[0000][PE] mean and std.dev: (129.91, 58.41)
[0000][PE] low and high boundaries for proper pairs: (1, 403)
[0000][PE] analyzing insert size distribution for orientation RF...
[0000][PE] (25, 50, 75) percentile: (74, 251, 1109)
[0000][PE] low and high boundaries for computing mean and std.dev: (1, 3179)
[0000][PE] mean and std.dev: (570.60, 701.65)
[0000][PE] low and high boundaries for proper pairs: (1, 4214)
[0000][PE] analyzing insert size distribution for orientation RR...
[0000][PE] (25, 50, 75) percentile: (74, 106, 161)
[0000][PE] low and high boundaries for computing mean and std.dev: (1, 335)
[0000][PE] mean and std.dev: (113.35, 62.58)
[0000][PE] low and high boundaries for proper pairs: (1, 422)
[0000][PE] skip orientation FF
[0000][PE] skip orientation RF
[0000][PE] skip orientation RR
[0000] 3. Calling kt_for - worker_sam
	[0000][ M::mem_process_seqs] Processed 3461188 reads in 670.559 CPU sec, 17.498 real sec
[0000] Reallocating initial memory allocations!!
[0000] Calling mem_process_seqs.., task: 1
[0000] 1. Calling kt_for - worker_bwt
[0000] 2. Calling kt_for - worker_aln
[0000] Inferring insert size distribution of PE reads from data, l_pac: 689690477, n: 3461580
[0000][PE] # candidate unique pairs for (FF, FR, RF, RR): (139, 1404187, 75, 200)
[0000][PE] analyzing insert size distribution for orientation FF...
[0000][PE] (25, 50, 75) percentile: (74, 114, 160)
[0000][PE] low and high boundaries for computing mean and std.dev: (1, 332)
[0000][PE] mean and std.dev: (111.46, 57.15)
[0000][PE] low and high boundaries for proper pairs: (1, 418)
[0000][PE] analyzing insert size distribution for orientation FR...
[0000][PE] (25, 50, 75) percentile: (87, 122, 166)
[0000][PE] low and high boundaries for computing mean and std.dev: (1, 324)
[0000][PE] mean and std.dev: (129.98, 58.50)
[0000][PE] low and high boundaries for proper pairs: (1, 403)
[0000][PE] analyzing insert size distribution for orientation RF...
[0000][PE] (25, 50, 75) percentile: (71, 211, 1099)
[0000][PE] low and high boundaries for computing mean and std.dev: (1, 3155)
[0000][PE] mean and std.dev: (470.57, 619.86)
[0000][PE] low and high boundaries for proper pairs: (1, 4183)
[0000][PE] analyzing insert size distribution for orientation RR...
[0000][PE] (25, 50, 75) percentile: (80, 115, 158)
[0000][PE] low and high boundaries for computing mean and std.dev: (1, 314)
[0000][PE] mean and std.dev: (114.34, 58.31)
[0000][PE] low and high boundaries for proper pairs: (1, 392)
[0000][PE] skip orientation FF
[0000][PE] skip orientation RF
[0000][PE] skip orientation RR
[0000] 3. Calling kt_for - worker_sam
[0000] read_chunk: 400000000, work_chunk_size: 400000106, nseq: 3453428
	[0000][ M::kt_pipeline] read 3453428 sequences (400000106 bp)...
	[0000][ M::mem_process_seqs] Processed 3461580 reads in 676.942 CPU sec, 17.584 real sec
[0000] Calling mem_process_seqs.., task: 2
[0000] 1. Calling kt_for - worker_bwt
[0000] 2. Calling kt_for - worker_aln
[0000] Inferring insert size distribution of PE reads from data, l_pac: 689690477, n: 3453428
[0000][PE] # candidate unique pairs for (FF, FR, RF, RR): (153, 1383304, 68, 199)
[0000][PE] analyzing insert size distribution for orientation FF...
[0000][PE] (25, 50, 75) percentile: (67, 108, 156)
[0000][PE] low and high boundaries for computing mean and std.dev: (1, 334)
[0000][PE] mean and std.dev: (109.69, 62.31)
[0000][PE] low and high boundaries for proper pairs: (1, 423)
[0000][PE] analyzing insert size distribution for orientation FR...
[0000][PE] (25, 50, 75) percentile: (87, 122, 166)
[0000][PE] low and high boundaries for computing mean and std.dev: (1, 324)
[0000][PE] mean and std.dev: (129.97, 58.45)
[0000][PE] low and high boundaries for proper pairs: (1, 403)
[0000][PE] analyzing insert size distribution for orientation RF...
[0000][PE] (25, 50, 75) percentile: (56, 395, 1130)
[0000][PE] low and high boundaries for computing mean and std.dev: (1, 3278)
[0000][PE] mean and std.dev: (580.98, 684.23)
[0000][PE] low and high boundaries for proper pairs: (1, 4352)
[0000][PE] analyzing insert size distribution for orientation RR...
[0000][PE] (25, 50, 75) percentile: (79, 114, 167)
[0000][PE] low and high boundaries for computing mean and std.dev: (1, 343)
[0000][PE] mean and std.dev: (115.02, 57.29)
[0000][PE] low and high boundaries for proper pairs: (1, 431)
[0000][PE] skip orientation FF
[0000][PE] skip orientation RF
[0000][PE] skip orientation RR
[0000] 3. Calling kt_for - worker_sam
[0000] read_chunk: 400000000, work_chunk_size: 123959533, nseq: 1072666
	[0000][ M::kt_pipeline] read 1072666 sequences (123959533 bp)...
	[0000][ M::mem_process_seqs] Processed 3453428 reads in 694.949 CPU sec, 18.273 real sec
[0000] Calling mem_process_seqs.., task: 3
[0000] 1. Calling kt_for - worker_bwt
[0000] 2. Calling kt_for - worker_aln
[0000] Inferring insert size distribution of PE reads from data, l_pac: 689690477, n: 1072666
[0000][PE] # candidate unique pairs for (FF, FR, RF, RR): (49, 431786, 19, 58)
[0000][PE] analyzing insert size distribution for orientation FF...
[0000][PE] (25, 50, 75) percentile: (71, 116, 154)
[0000][PE] low and high boundaries for computing mean and std.dev: (1, 320)
[0000][PE] mean and std.dev: (113.02, 54.18)
[0000][PE] low and high boundaries for proper pairs: (1, 403)
[0000][PE] analyzing insert size distribution for orientation FR...
[0000][PE] (25, 50, 75) percentile: (87, 122, 166)
[0000][PE] low and high boundaries for computing mean and std.dev: (1, 324)
[0000][PE] mean and std.dev: (129.86, 58.53)
[0000][PE] low and high boundaries for proper pairs: (1, 403)
[0000][PE] analyzing insert size distribution for orientation RF...
[0000][PE] (25, 50, 75) percentile: (112, 323, 1100)
[0000][PE] low and high boundaries for computing mean and std.dev: (1, 3076)
[0000][PE] mean and std.dev: (571.94, 607.93)
[0000][PE] low and high boundaries for proper pairs: (1, 4064)
[0000][PE] analyzing insert size distribution for orientation RR...
[0000][PE] (25, 50, 75) percentile: (67, 88, 142)
[0000][PE] low and high boundaries for computing mean and std.dev: (1, 292)
[0000][PE] mean and std.dev: (98.41, 49.91)
[0000][PE] low and high boundaries for proper pairs: (1, 367)
[0000][PE] skip orientation FF
[0000][PE] skip orientation RF
[0000][PE] skip orientation RR
[0000] 3. Calling kt_for - worker_sam
[0000] read_chunk: 400000000, work_chunk_size: 0, nseq: 0
	[0000][ M::mem_process_seqs] Processed 1072666 reads in 215.501 CPU sec, 6.029 real sec
[0000] read_chunk: 400000000, work_chunk_size: 0, nseq: 0
[0000] Computation ends..
No. of OMP threads: 40
Processor is running @2394.729784 MHz
Runtime profile:

	Time taken for main_mem function: 107.61 sec

	IO times (sec) :
	Reading IO time (reads) avg: 35.93, (35.93, 35.93)
	Writing IO time (SAM) avg: 13.40, (13.40, 13.40)
	Reading IO time (Reference Genome) avg: 1.00, (1.00, 1.00)
	Index read time avg: 0.24, (0.24, 0.24)

	Overall time (sec) (Excluding Index reading time):
	PROCESS() (Total compute time + (read + SAM) IO time) : 106.33
	MEM_PROCESS_SEQ() (Total compute time (Kernel + SAM)), avg: 59.38, (59.38, 59.38)

	 SAM Processing time (sec):
	--WORKER_SAM avg: 28.83, (28.83, 28.83)

	Kernels' compute time (sec):
	Total kernel (smem+sal+bsw) time avg: 29.37, (29.37, 29.37)
		MEM_ALN_CHAIN_FLT avg: 0.00, (0.00, 0.00)
		MEM_ALN_CHAIN_SEED avg: 0.00, (0.00, 0.00)
		ERT_SEED_CHAIN avg: 0.00, (0.00, 0.00)
	LEARNED_SEED_CHAIN avg: 12.68, (12.75, 12.60)
		SMEM compute avg: 0.00, (0.00, 0.00)
		SAL compute avg: 0.00, (0.00, 0.00)
				MEM_SA avg: 0.00, (0.00, 0.00)

		BSW time, avg: 15.92, (16.04, 15.80)

Important parameter settings: 
	BATCH_SIZE: 512
	MAX_SEQ_LEN_REF: 256
	MAX_SEQ_LEN_QER: 128
	MAX_SEQ_LEN8: 128
	SEEDS_PER_READ: 500
	SIMD_WIDTH8 X: 64
	SIMD_WIDTH16 X: 32
	AVG_SEEDS_PER_READ: 64
