Looking to launch executable "/opt/conda/bin/bwa-meme_mode3.avx512bw", simd = _mode3.avx512bw
Launching executable "/opt/conda/bin/bwa-meme_mode3.avx512bw"
-----------------------------
Executing in AVX512 mode!!
-----------------------------
* SA compression enabled with xfactor: 8
* Ref file: reference.genbank.Zdi.fasta
* Entering FMI_search
Reading other elements of the index from files reference.genbank.Zdi.fasta
* Index prefix: reference.genbank.Zdi.fasta
* Read 0 ALT contigs
* Reading reference genome..
* Binary seq file = reference.genbank.Zdi.fasta.0123
* Reference genome size: 1379380954 bp
* Done reading reference genome !!

------------------------------------------
1. Memory pre-allocation for Chaining: 5679.4903 MB
2. Memory pre-allocation for BSW: 9584.6810 MB
[M::memoryAllocLearned::MEME] Reading Learned-index models into memory
[Learned-Config] MODE:3 SEARCH_METHOD: 1 MEM_TRADEOFF:1 EXPONENTIAL_SMEMSEARCH: 1 DEBUG_MODE:0 Num 2nd Models:268435456 PWL Bits Used:28
[M::memoryAllocLearned::MEME] Loading RMI model and Pac reference file took 10.666 sec
[M::memoryAllocLearned::MEME] Reading suffix array into memory
[M::memoryAllocLearned::MEME] Loading pos_packed file took 15.966 sec
[M::memoryAllocLearned::MEME] Generating SA, 64-bit Suffix and ISA in memory
[M::memoryAllocLearned::MEME] Runtime-build-index took 13.131 sec
3. Memory pre-allocation for BWT: 7540.2955 MB
------------------------------------------
* Threads used (compute): 40
* No. of pipeline threads: 2

[0000] read_chunk: 400000000, work_chunk_size: 400000023, nseq: 4374382
	[0000][ M::kt_pipeline] read 4374382 sequences (400000023 bp)...
[0000] Reallocating initial memory allocations!!
[0000] Calling mem_process_seqs.., task: 0
[0000] 1. Calling kt_for - worker_bwt
[0000] 2. Calling kt_for - worker_aln
[0000] Inferring insert size distribution of PE reads from data, l_pac: 689690477, n: 4374382
[0000][PE] # candidate unique pairs for (FF, FR, RF, RR): (189, 1992450, 10, 164)
[0000][PE] analyzing insert size distribution for orientation FF...
[0000][PE] (25, 50, 75) percentile: (35, 55, 84)
[0000][PE] low and high boundaries for computing mean and std.dev: (1, 182)
[0000][PE] mean and std.dev: (62.01, 34.30)
[0000][PE] low and high boundaries for proper pairs: (1, 231)
[0000][PE] analyzing insert size distribution for orientation FR...
[0000][PE] (25, 50, 75) percentile: (67, 86, 110)
[0000][PE] low and high boundaries for computing mean and std.dev: (1, 196)
[0000][PE] mean and std.dev: (90.62, 31.25)
[0000][PE] low and high boundaries for proper pairs: (1, 239)
[0000][PE] analyzing insert size distribution for orientation RF...
[0000][PE] (25, 50, 75) percentile: (53, 143, 250)
[0000][PE] low and high boundaries for computing mean and std.dev: (1, 644)
[0000][PE] mean and std.dev: (124.44, 89.63)
[0000][PE] low and high boundaries for proper pairs: (1, 841)
[0000][PE] analyzing insert size distribution for orientation RR...
[0000][PE] (25, 50, 75) percentile: (35, 52, 80)
[0000][PE] low and high boundaries for computing mean and std.dev: (1, 170)
[0000][PE] mean and std.dev: (57.60, 30.08)
[0000][PE] low and high boundaries for proper pairs: (1, 215)
[0000][PE] skip orientation FF
[0000][PE] skip orientation RF
[0000][PE] skip orientation RR
[0000] 3. Calling kt_for - worker_sam
[0000] read_chunk: 400000000, work_chunk_size: 400000132, nseq: 4384976
	[0000][ M::kt_pipeline] read 4384976 sequences (400000132 bp)...
	[0000][ M::mem_process_seqs] Processed 4374382 reads in 261.712 CPU sec, 7.085 real sec
[0000] Reallocating initial memory allocations!!
[0000] Calling mem_process_seqs.., task: 1
[0000] 1. Calling kt_for - worker_bwt
[0000] 2. Calling kt_for - worker_aln
[0000] Inferring insert size distribution of PE reads from data, l_pac: 689690477, n: 4384976
[0000][PE] # candidate unique pairs for (FF, FR, RF, RR): (185, 2008454, 12, 194)
[0000][PE] analyzing insert size distribution for orientation FF...
[0000][PE] (25, 50, 75) percentile: (35, 52, 73)
[0000][PE] low and high boundaries for computing mean and std.dev: (1, 149)
[0000][PE] mean and std.dev: (56.11, 27.42)
[0000][PE] low and high boundaries for proper pairs: (1, 187)
[0000][PE] analyzing insert size distribution for orientation FR...
[0000][PE] (25, 50, 75) percentile: (67, 86, 110)
[0000][PE] low and high boundaries for computing mean and std.dev: (1, 196)
[0000][PE] mean and std.dev: (90.59, 31.17)
[0000][PE] low and high boundaries for proper pairs: (1, 239)
[0000][PE] analyzing insert size distribution for orientation RF...
[0000][PE] (25, 50, 75) percentile: (26, 64, 247)
[0000][PE] low and high boundaries for computing mean and std.dev: (1, 689)
[0000][PE] mean and std.dev: (92.45, 100.73)
[0000][PE] low and high boundaries for proper pairs: (1, 910)
[0000][PE] analyzing insert size distribution for orientation RR...
[0000][PE] (25, 50, 75) percentile: (34, 53, 75)
[0000][PE] low and high boundaries for computing mean and std.dev: (1, 157)
[0000][PE] mean and std.dev: (56.27, 29.30)
[0000][PE] low and high boundaries for proper pairs: (1, 198)
[0000][PE] skip orientation FF
[0000][PE] skip orientation RF
[0000][PE] skip orientation RR
[0000] 3. Calling kt_for - worker_sam
	[0000][ M::mem_process_seqs] Processed 4384976 reads in 253.399 CPU sec, 6.856 real sec
[0000] read_chunk: 400000000, work_chunk_size: 400000029, nseq: 4359236
	[0000][ M::kt_pipeline] read 4359236 sequences (400000029 bp)...
[0000] Calling mem_process_seqs.., task: 2
[0000] 1. Calling kt_for - worker_bwt
[0000] 2. Calling kt_for - worker_aln
[0000] Inferring insert size distribution of PE reads from data, l_pac: 689690477, n: 4359236
[0000][PE] # candidate unique pairs for (FF, FR, RF, RR): (197, 1960182, 5, 216)
[0000][PE] analyzing insert size distribution for orientation FF...
[0000][PE] (25, 50, 75) percentile: (35, 57, 78)
[0000][PE] low and high boundaries for computing mean and std.dev: (1, 164)
[0000][PE] mean and std.dev: (57.33, 27.49)
[0000][PE] low and high boundaries for proper pairs: (1, 207)
[0000][PE] analyzing insert size distribution for orientation FR...
[0000][PE] (25, 50, 75) percentile: (67, 86, 110)
[0000][PE] low and high boundaries for computing mean and std.dev: (1, 196)
[0000][PE] mean and std.dev: (90.61, 31.22)
[0000][PE] low and high boundaries for proper pairs: (1, 239)
[0000][PE] skip orientation RF as there are not enough pairs
[0000][PE] analyzing insert size distribution for orientation RR...
[0000][PE] (25, 50, 75) percentile: (37, 57, 85)
[0000][PE] low and high boundaries for computing mean and std.dev: (1, 181)
[0000][PE] mean and std.dev: (62.10, 32.73)
[0000][PE] low and high boundaries for proper pairs: (1, 229)
[0000][PE] skip orientation FF
[0000][PE] skip orientation RR
[0000] 3. Calling kt_for - worker_sam
	[0000][ M::mem_process_seqs] Processed 4359236 reads in 278.019 CPU sec, 7.517 real sec
[0000] read_chunk: 400000000, work_chunk_size: 400000037, nseq: 4381514
	[0000][ M::kt_pipeline] read 4381514 sequences (400000037 bp)...
[0000] Calling mem_process_seqs.., task: 3
[0000] 1. Calling kt_for - worker_bwt
[0000] 2. Calling kt_for - worker_aln
[0000] Inferring insert size distribution of PE reads from data, l_pac: 689690477, n: 4381514
[0000][PE] # candidate unique pairs for (FF, FR, RF, RR): (192, 2004110, 20, 175)
[0000][PE] analyzing insert size distribution for orientation FF...
[0000][PE] (25, 50, 75) percentile: (36, 55, 75)
[0000][PE] low and high boundaries for computing mean and std.dev: (1, 153)
[0000][PE] mean and std.dev: (56.49, 26.47)
[0000][PE] low and high boundaries for proper pairs: (1, 192)
[0000][PE] analyzing insert size distribution for orientation FR...
[0000][PE] (25, 50, 75) percentile: (67, 86, 110)
[0000][PE] low and high boundaries for computing mean and std.dev: (1, 196)
[0000][PE] mean and std.dev: (90.61, 31.22)
[0000][PE] low and high boundaries for proper pairs: (1, 239)
[0000][PE] analyzing insert size distribution for orientation RF...
[0000][PE] (25, 50, 75) percentile: (23, 106, 225)
[0000][PE] low and high boundaries for computing mean and std.dev: (1, 629)
[0000][PE] mean and std.dev: (122.63, 117.82)
[0000][PE] low and high boundaries for proper pairs: (1, 831)
[0000][PE] analyzing insert size distribution for orientation RR...
[0000][PE] (25, 50, 75) percentile: (37, 53, 78)
[0000][PE] low and high boundaries for computing mean and std.dev: (1, 160)
[0000][PE] mean and std.dev: (57.65, 27.67)
[0000][PE] low and high boundaries for proper pairs: (1, 201)
[0000][PE] skip orientation FF
[0000][PE] skip orientation RF
[0000][PE] skip orientation RR
[0000] 3. Calling kt_for - worker_sam
	[0000][ M::mem_process_seqs] Processed 4381514 reads in 256.128 CPU sec, 6.895 real sec
[0000] read_chunk: 400000000, work_chunk_size: 400000005, nseq: 4369194
	[0000][ M::kt_pipeline] read 4369194 sequences (400000005 bp)...
[0000] Calling mem_process_seqs.., task: 4
[0000] 1. Calling kt_for - worker_bwt
[0000] 2. Calling kt_for - worker_aln
[0000] Inferring insert size distribution of PE reads from data, l_pac: 689690477, n: 4369194
[0000][PE] # candidate unique pairs for (FF, FR, RF, RR): (205, 1977125, 5, 196)
[0000][PE] analyzing insert size distribution for orientation FF...
[0000][PE] (25, 50, 75) percentile: (33, 57, 82)
[0000][PE] low and high boundaries for computing mean and std.dev: (1, 180)
[0000][PE] mean and std.dev: (59.57, 31.41)
[0000][PE] low and high boundaries for proper pairs: (1, 229)
[0000][PE] analyzing insert size distribution for orientation FR...
[0000][PE] (25, 50, 75) percentile: (68, 86, 110)
[0000][PE] low and high boundaries for computing mean and std.dev: (1, 194)
[0000][PE] mean and std.dev: (90.53, 31.06)
[0000][PE] low and high boundaries for proper pairs: (1, 236)
[0000][PE] skip orientation RF as there are not enough pairs
[0000][PE] analyzing insert size distribution for orientation RR...
[0000][PE] (25, 50, 75) percentile: (35, 55, 82)
[0000][PE] low and high boundaries for computing mean and std.dev: (1, 176)
[0000][PE] mean and std.dev: (59.70, 30.50)
[0000][PE] low and high boundaries for proper pairs: (1, 223)
[0000][PE] skip orientation FF
[0000][PE] skip orientation RR
[0000] 3. Calling kt_for - worker_sam
	[0000][ M::mem_process_seqs] Processed 4369194 reads in 271.549 CPU sec, 7.371 real sec
[0000] read_chunk: 400000000, work_chunk_size: 400000147, nseq: 4365460
	[0000][ M::kt_pipeline] read 4365460 sequences (400000147 bp)...
[0000] Calling mem_process_seqs.., task: 5
[0000] 1. Calling kt_for - worker_bwt
[0000] 2. Calling kt_for - worker_aln
[0000] Inferring insert size distribution of PE reads from data, l_pac: 689690477, n: 4365460
[0000][PE] # candidate unique pairs for (FF, FR, RF, RR): (220, 1971859, 10, 194)
[0000][PE] analyzing insert size distribution for orientation FF...
[0000][PE] (25, 50, 75) percentile: (33, 53, 83)
[0000][PE] low and high boundaries for computing mean and std.dev: (1, 183)
[0000][PE] mean and std.dev: (59.99, 32.89)
[0000][PE] low and high boundaries for proper pairs: (1, 233)
[0000][PE] analyzing insert size distribution for orientation FR...
[0000][PE] (25, 50, 75) percentile: (67, 86, 110)
[0000][PE] low and high boundaries for computing mean and std.dev: (1, 196)
[0000][PE] mean and std.dev: (90.60, 31.17)
[0000][PE] low and high boundaries for proper pairs: (1, 239)
[0000][PE] analyzing insert size distribution for orientation RF...
[0000][PE] (25, 50, 75) percentile: (27, 138, 716)
[0000][PE] low and high boundaries for computing mean and std.dev: (1, 2094)
[0000][PE] mean and std.dev: (371.60, 468.11)
[0000][PE] low and high boundaries for proper pairs: (1, 2783)
[0000][PE] analyzing insert size distribution for orientation RR...
[0000][PE] (25, 50, 75) percentile: (36, 53, 74)
[0000][PE] low and high boundaries for computing mean and std.dev: (1, 150)
[0000][PE] mean and std.dev: (56.61, 28.29)
[0000][PE] low and high boundaries for proper pairs: (1, 188)
[0000][PE] skip orientation FF
[0000][PE] skip orientation RF
[0000][PE] skip orientation RR
[0000] 3. Calling kt_for - worker_sam
	[0000][ M::mem_process_seqs] Processed 4365460 reads in 273.405 CPU sec, 7.364 real sec
[0000] read_chunk: 400000000, work_chunk_size: 400000045, nseq: 4381042
	[0000][ M::kt_pipeline] read 4381042 sequences (400000045 bp)...
[0000] Calling mem_process_seqs.., task: 6
[0000] 1. Calling kt_for - worker_bwt
[0000] 2. Calling kt_for - worker_aln
[0000] Inferring insert size distribution of PE reads from data, l_pac: 689690477, n: 4381042
[0000][PE] # candidate unique pairs for (FF, FR, RF, RR): (193, 1994391, 10, 188)
[0000][PE] analyzing insert size distribution for orientation FF...
[0000][PE] (25, 50, 75) percentile: (38, 57, 81)
[0000][PE] low and high boundaries for computing mean and std.dev: (1, 167)
[0000][PE] mean and std.dev: (60.93, 31.97)
[0000][PE] low and high boundaries for proper pairs: (1, 210)
[0000][PE] analyzing insert size distribution for orientation FR...
[0000][PE] (25, 50, 75) percentile: (67, 86, 110)
[0000][PE] low and high boundaries for computing mean and std.dev: (1, 196)
[0000][PE] mean and std.dev: (90.62, 31.17)
[0000][PE] low and high boundaries for proper pairs: (1, 239)
[0000][PE] analyzing insert size distribution for orientation RF...
[0000][PE] (25, 50, 75) percentile: (27, 267, 370)
[0000][PE] low and high boundaries for computing mean and std.dev: (1, 1056)
[0000][PE] mean and std.dev: (205.70, 156.22)
[0000][PE] low and high boundaries for proper pairs: (1, 1399)
[0000][PE] analyzing insert size distribution for orientation RR...
[0000][PE] (25, 50, 75) percentile: (36, 53, 73)
[0000][PE] low and high boundaries for computing mean and std.dev: (1, 147)
[0000][PE] mean and std.dev: (56.47, 28.39)
[0000][PE] low and high boundaries for proper pairs: (1, 184)
[0000][PE] skip orientation FF
[0000][PE] skip orientation RF
[0000][PE] skip orientation RR
[0000] 3. Calling kt_for - worker_sam
	[0000][ M::mem_process_seqs] Processed 4381042 reads in 260.931 CPU sec, 7.111 real sec
[0000] read_chunk: 400000000, work_chunk_size: 400000172, nseq: 4377240
	[0000][ M::kt_pipeline] read 4377240 sequences (400000172 bp)...
[0000] Calling mem_process_seqs.., task: 7
[0000] 1. Calling kt_for - worker_bwt
[0000] 2. Calling kt_for - worker_aln
[0000] Inferring insert size distribution of PE reads from data, l_pac: 689690477, n: 4377240
[0000][PE] # candidate unique pairs for (FF, FR, RF, RR): (196, 1994641, 8, 197)
[0000][PE] analyzing insert size distribution for orientation FF...
[0000][PE] (25, 50, 75) percentile: (35, 54, 83)
[0000][PE] low and high boundaries for computing mean and std.dev: (1, 179)
[0000][PE] mean and std.dev: (61.29, 33.41)
[0000][PE] low and high boundaries for proper pairs: (1, 227)
[0000][PE] analyzing insert size distribution for orientation FR...
[0000][PE] (25, 50, 75) percentile: (67, 86, 110)
[0000][PE] low and high boundaries for computing mean and std.dev: (1, 196)
[0000][PE] mean and std.dev: (90.62, 31.23)
[0000][PE] low and high boundaries for proper pairs: (1, 239)
[0000][PE] skip orientation RF as there are not enough pairs
[0000][PE] analyzing insert size distribution for orientation RR...
[0000][PE] (25, 50, 75) percentile: (32, 54, 78)
[0000][PE] low and high boundaries for computing mean and std.dev: (1, 170)
[0000][PE] mean and std.dev: (58.05, 30.81)
[0000][PE] low and high boundaries for proper pairs: (1, 216)
[0000][PE] skip orientation FF
[0000][PE] skip orientation RR
[0000] 3. Calling kt_for - worker_sam
	[0000][ M::mem_process_seqs] Processed 4377240 reads in 261.280 CPU sec, 7.213 real sec
[0000] read_chunk: 400000000, work_chunk_size: 400000209, nseq: 4388364
	[0000][ M::kt_pipeline] read 4388364 sequences (400000209 bp)...
[0000] Reallocating initial memory allocations!!
[0000] Calling mem_process_seqs.., task: 8
[0000] 1. Calling kt_for - worker_bwt
[0000] 2. Calling kt_for - worker_aln
[0000] Inferring insert size distribution of PE reads from data, l_pac: 689690477, n: 4388364
[0000][PE] # candidate unique pairs for (FF, FR, RF, RR): (236, 2010676, 5, 194)
[0000][PE] analyzing insert size distribution for orientation FF...
[0000][PE] (25, 50, 75) percentile: (35, 53, 76)
[0000][PE] low and high boundaries for computing mean and std.dev: (1, 158)
[0000][PE] mean and std.dev: (56.72, 28.34)
[0000][PE] low and high boundaries for proper pairs: (1, 199)
[0000][PE] analyzing insert size distribution for orientation FR...
[0000][PE] (25, 50, 75) percentile: (67, 86, 110)
[0000][PE] low and high boundaries for computing mean and std.dev: (1, 196)
[0000][PE] mean and std.dev: (90.56, 31.19)
[0000][PE] low and high boundaries for proper pairs: (1, 239)
[0000][PE] skip orientation RF as there are not enough pairs
[0000][PE] analyzing insert size distribution for orientation RR...
[0000][PE] (25, 50, 75) percentile: (38, 57, 77)
[0000][PE] low and high boundaries for computing mean and std.dev: (1, 155)
[0000][PE] mean and std.dev: (57.74, 27.19)
[0000][PE] low and high boundaries for proper pairs: (1, 194)
[0000][PE] skip orientation FF
[0000][PE] skip orientation RR
[0000] 3. Calling kt_for - worker_sam
	[0000][ M::mem_process_seqs] Processed 4388364 reads in 253.795 CPU sec, 6.833 real sec
[0000] read_chunk: 400000000, work_chunk_size: 400000156, nseq: 4378700
	[0000][ M::kt_pipeline] read 4378700 sequences (400000156 bp)...
[0000] Calling mem_process_seqs.., task: 9
[0000] 1. Calling kt_for - worker_bwt
[0000] 2. Calling kt_for - worker_aln
[0000] Inferring insert size distribution of PE reads from data, l_pac: 689690477, n: 4378700
[0000][PE] # candidate unique pairs for (FF, FR, RF, RR): (188, 1999264, 9, 187)
[0000][PE] analyzing insert size distribution for orientation FF...
[0000][PE] (25, 50, 75) percentile: (36, 55, 75)
[0000][PE] low and high boundaries for computing mean and std.dev: (1, 153)
[0000][PE] mean and std.dev: (57.38, 28.59)
[0000][PE] low and high boundaries for proper pairs: (1, 192)
[0000][PE] analyzing insert size distribution for orientation FR...
[0000][PE] (25, 50, 75) percentile: (68, 86, 110)
[0000][PE] low and high boundaries for computing mean and std.dev: (1, 194)
[0000][PE] mean and std.dev: (90.57, 31.09)
[0000][PE] low and high boundaries for proper pairs: (1, 236)
[0000][PE] skip orientation RF as there are not enough pairs
[0000][PE] analyzing insert size distribution for orientation RR...
[0000][PE] (25, 50, 75) percentile: (37, 59, 87)
[0000][PE] low and high boundaries for computing mean and std.dev: (1, 187)
[0000][PE] mean and std.dev: (65.55, 36.61)
[0000][PE] low and high boundaries for proper pairs: (1, 237)
[0000][PE] skip orientation FF
[0000][PE] skip orientation RR
[0000] 3. Calling kt_for - worker_sam
	[0000][ M::mem_process_seqs] Processed 4378700 reads in 258.690 CPU sec, 6.972 real sec
[0000] read_chunk: 400000000, work_chunk_size: 367979202, nseq: 4035036
	[0000][ M::kt_pipeline] read 4035036 sequences (367979202 bp)...
[0000] Calling mem_process_seqs.., task: 10
[0000] 1. Calling kt_for - worker_bwt
[0000] read_chunk: 400000000, work_chunk_size: 0, nseq: 0
[0000] 2. Calling kt_for - worker_aln
[0000] Inferring insert size distribution of PE reads from data, l_pac: 689690477, n: 4035036
[0000][PE] # candidate unique pairs for (FF, FR, RF, RR): (212, 1847859, 9, 182)
[0000][PE] analyzing insert size distribution for orientation FF...
[0000][PE] (25, 50, 75) percentile: (34, 54, 84)
[0000][PE] low and high boundaries for computing mean and std.dev: (1, 184)
[0000][PE] mean and std.dev: (59.13, 31.07)
[0000][PE] low and high boundaries for proper pairs: (1, 234)
[0000][PE] analyzing insert size distribution for orientation FR...
[0000][PE] (25, 50, 75) percentile: (68, 86, 110)
[0000][PE] low and high boundaries for computing mean and std.dev: (1, 194)
[0000][PE] mean and std.dev: (90.53, 31.05)
[0000][PE] low and high boundaries for proper pairs: (1, 236)
[0000][PE] skip orientation RF as there are not enough pairs
[0000][PE] analyzing insert size distribution for orientation RR...
[0000][PE] (25, 50, 75) percentile: (38, 54, 78)
[0000][PE] low and high boundaries for computing mean and std.dev: (1, 158)
[0000][PE] mean and std.dev: (58.80, 27.50)
[0000][PE] low and high boundaries for proper pairs: (1, 198)
[0000][PE] skip orientation FF
[0000][PE] skip orientation RR
[0000] 3. Calling kt_for - worker_sam
	[0000][ M::mem_process_seqs] Processed 4035036 reads in 229.040 CPU sec, 6.479 real sec
[0000] read_chunk: 400000000, work_chunk_size: 0, nseq: 0
[0000] Computation ends..
No. of OMP threads: 40
Processor is running @2394.731198 MHz
Runtime profile:

	Time taken for main_mem function: 180.81 sec

	IO times (sec) :
	Reading IO time (reads) avg: 130.16, (130.16, 130.16)
	Writing IO time (SAM) avg: 22.77, (22.77, 22.77)
	Reading IO time (Reference Genome) avg: 0.89, (0.89, 0.89)
	Index read time avg: 0.25, (0.25, 0.25)

	Overall time (sec) (Excluding Index reading time):
	PROCESS() (Total compute time + (read + SAM) IO time) : 179.63
	MEM_PROCESS_SEQ() (Total compute time (Kernel + SAM)), avg: 77.68, (77.68, 77.68)

	 SAM Processing time (sec):
	--WORKER_SAM avg: 21.62, (21.62, 21.62)

	Kernels' compute time (sec):
	Total kernel (smem+sal+bsw) time avg: 51.71, (51.71, 51.71)
		MEM_ALN_CHAIN_FLT avg: 0.00, (0.00, 0.00)
		MEM_ALN_CHAIN_SEED avg: 0.00, (0.00, 0.00)
		ERT_SEED_CHAIN avg: 0.00, (0.00, 0.00)
	LEARNED_SEED_CHAIN avg: 26.88, (26.94, 26.72)
		SMEM compute avg: 0.00, (0.00, 0.00)
		SAL compute avg: 0.00, (0.00, 0.00)
				MEM_SA avg: 0.00, (0.00, 0.00)

		BSW time, avg: 23.54, (23.64, 23.43)

Important parameter settings: 
	BATCH_SIZE: 512
	MAX_SEQ_LEN_REF: 256
	MAX_SEQ_LEN_QER: 128
	MAX_SEQ_LEN8: 128
	SEEDS_PER_READ: 500
	SIMD_WIDTH8 X: 64
	SIMD_WIDTH16 X: 32
	AVG_SEEDS_PER_READ: 64
