Looking to launch executable "/opt/conda/bin/bwa-meme_mode3.avx512bw", simd = _mode3.avx512bw
Launching executable "/opt/conda/bin/bwa-meme_mode3.avx512bw"
-----------------------------
Executing in AVX512 mode!!
-----------------------------
* SA compression enabled with xfactor: 8
* Ref file: reference.genbank.Zdi.fasta
* Entering FMI_search
Reading other elements of the index from files reference.genbank.Zdi.fasta
* Index prefix: reference.genbank.Zdi.fasta
* Read 0 ALT contigs
* Reading reference genome..
* Binary seq file = reference.genbank.Zdi.fasta.0123
* Reference genome size: 1379380954 bp
* Done reading reference genome !!

------------------------------------------
1. Memory pre-allocation for Chaining: 5679.4903 MB
2. Memory pre-allocation for BSW: 9584.6810 MB
[M::memoryAllocLearned::MEME] Reading Learned-index models into memory
[Learned-Config] MODE:3 SEARCH_METHOD: 1 MEM_TRADEOFF:1 EXPONENTIAL_SMEMSEARCH: 1 DEBUG_MODE:0 Num 2nd Models:268435456 PWL Bits Used:28
[M::memoryAllocLearned::MEME] Loading RMI model and Pac reference file took 8.708 sec
[M::memoryAllocLearned::MEME] Reading suffix array into memory
[M::memoryAllocLearned::MEME] Loading pos_packed file took 13.602 sec
[M::memoryAllocLearned::MEME] Generating SA, 64-bit Suffix and ISA in memory
[M::memoryAllocLearned::MEME] Runtime-build-index took 13.154 sec
3. Memory pre-allocation for BWT: 7540.2955 MB
------------------------------------------
* Threads used (compute): 40
* No. of pipeline threads: 2

[0000] read_chunk: 400000000, work_chunk_size: 400000179, nseq: 3527720
	[0000][ M::kt_pipeline] read 3527720 sequences (400000179 bp)...
[0000] Reallocating initial memory allocations!!
[0000] Calling mem_process_seqs.., task: 0
[0000] 1. Calling kt_for - worker_bwt
[0000] 2. Calling kt_for - worker_aln
[0000] read_chunk: 400000000, work_chunk_size: 245008898, nseq: 2156980
	[0000][ M::kt_pipeline] read 2156980 sequences (245008898 bp)...
[0000] Inferring insert size distribution of PE reads from data, l_pac: 689690477, n: 3527720
[0000][PE] # candidate unique pairs for (FF, FR, RF, RR): (137, 1049046, 40, 148)
[0000][PE] analyzing insert size distribution for orientation FF...
[0000][PE] (25, 50, 75) percentile: (71, 114, 190)
[0000][PE] low and high boundaries for computing mean and std.dev: (1, 428)
[0000][PE] mean and std.dev: (116.17, 65.50)
[0000][PE] low and high boundaries for proper pairs: (1, 547)
[0000][PE] analyzing insert size distribution for orientation FR...
[0000][PE] (25, 50, 75) percentile: (87, 125, 172)
[0000][PE] low and high boundaries for computing mean and std.dev: (1, 342)
[0000][PE] mean and std.dev: (133.86, 63.10)
[0000][PE] low and high boundaries for proper pairs: (1, 427)
[0000][PE] analyzing insert size distribution for orientation RF...
[0000][PE] (25, 50, 75) percentile: (48, 229, 1003)
[0000][PE] low and high boundaries for computing mean and std.dev: (1, 2913)
[0000][PE] mean and std.dev: (523.33, 696.84)
[0000][PE] low and high boundaries for proper pairs: (1, 3868)
[0000][PE] analyzing insert size distribution for orientation RR...
[0000][PE] (25, 50, 75) percentile: (74, 118, 184)
[0000][PE] low and high boundaries for computing mean and std.dev: (1, 404)
[0000][PE] mean and std.dev: (120.93, 68.53)
[0000][PE] low and high boundaries for proper pairs: (1, 514)
[0000][PE] skip orientation FF
[0000][PE] skip orientation RF
[0000][PE] skip orientation RR
[0000] 3. Calling kt_for - worker_sam
	[0000][ M::mem_process_seqs] Processed 3527720 reads in 612.288 CPU sec, 15.991 real sec
[0000] Calling mem_process_seqs.., task: 1
[0000] 1. Calling kt_for - worker_bwt
[0000] 2. Calling kt_for - worker_aln
[0000] read_chunk: 400000000, work_chunk_size: 0, nseq: 0
[0000] Inferring insert size distribution of PE reads from data, l_pac: 689690477, n: 2156980
[0000][PE] # candidate unique pairs for (FF, FR, RF, RR): (74, 635978, 34, 95)
[0000][PE] analyzing insert size distribution for orientation FF...
[0000][PE] (25, 50, 75) percentile: (83, 120, 183)
[0000][PE] low and high boundaries for computing mean and std.dev: (1, 383)
[0000][PE] mean and std.dev: (120.42, 63.14)
[0000][PE] low and high boundaries for proper pairs: (1, 483)
[0000][PE] analyzing insert size distribution for orientation FR...
[0000][PE] (25, 50, 75) percentile: (87, 125, 172)
[0000][PE] low and high boundaries for computing mean and std.dev: (1, 342)
[0000][PE] mean and std.dev: (133.79, 63.09)
[0000][PE] low and high boundaries for proper pairs: (1, 427)
[0000][PE] analyzing insert size distribution for orientation RF...
[0000][PE] (25, 50, 75) percentile: (100, 234, 549)
[0000][PE] low and high boundaries for computing mean and std.dev: (1, 1447)
[0000][PE] mean and std.dev: (288.81, 295.56)
[0000][PE] low and high boundaries for proper pairs: (1, 1896)
[0000][PE] analyzing insert size distribution for orientation RR...
[0000][PE] (25, 50, 75) percentile: (79, 121, 197)
[0000][PE] low and high boundaries for computing mean and std.dev: (1, 433)
[0000][PE] mean and std.dev: (127.87, 74.37)
[0000][PE] low and high boundaries for proper pairs: (1, 551)
[0000][PE] skip orientation FF
[0000][PE] skip orientation RF
[0000][PE] skip orientation RR
[0000] 3. Calling kt_for - worker_sam
	[0000][ M::mem_process_seqs] Processed 2156980 reads in 388.621 CPU sec, 10.293 real sec
[0000] read_chunk: 400000000, work_chunk_size: 0, nseq: 0
[0000] Computation ends..
No. of OMP threads: 40
Processor is running @2394.718486 MHz
Runtime profile:

	Time taken for main_mem function: 71.50 sec

	IO times (sec) :
	Reading IO time (reads) avg: 17.52, (17.52, 17.52)
	Writing IO time (SAM) avg: 6.50, (6.50, 6.50)
	Reading IO time (Reference Genome) avg: 0.96, (0.96, 0.96)
	Index read time avg: 0.24, (0.24, 0.24)

	Overall time (sec) (Excluding Index reading time):
	PROCESS() (Total compute time + (read + SAM) IO time) : 70.26
	MEM_PROCESS_SEQ() (Total compute time (Kernel + SAM)), avg: 26.28, (26.28, 26.28)

	 SAM Processing time (sec):
	--WORKER_SAM avg: 11.62, (11.62, 11.62)

	Kernels' compute time (sec):
	Total kernel (smem+sal+bsw) time avg: 14.17, (14.17, 14.17)
		MEM_ALN_CHAIN_FLT avg: 0.00, (0.00, 0.00)
		MEM_ALN_CHAIN_SEED avg: 0.00, (0.00, 0.00)
		ERT_SEED_CHAIN avg: 0.00, (0.00, 0.00)
	LEARNED_SEED_CHAIN avg: 6.99, (7.01, 6.96)
		SMEM compute avg: 0.00, (0.00, 0.00)
		SAL compute avg: 0.00, (0.00, 0.00)
				MEM_SA avg: 0.00, (0.00, 0.00)

		BSW time, avg: 6.91, (6.95, 6.87)

Important parameter settings: 
	BATCH_SIZE: 512
	MAX_SEQ_LEN_REF: 256
	MAX_SEQ_LEN_QER: 128
	MAX_SEQ_LEN8: 128
	SEEDS_PER_READ: 500
	SIMD_WIDTH8 X: 64
	SIMD_WIDTH16 X: 32
	AVG_SEEDS_PER_READ: 64
