Looking to launch executable "/opt/conda/bin/bwa-meme_mode3.avx512bw", simd = _mode3.avx512bw
Launching executable "/opt/conda/bin/bwa-meme_mode3.avx512bw"
-----------------------------
Executing in AVX512 mode!!
-----------------------------
* SA compression enabled with xfactor: 8
* Ref file: reference.genbank.Zdi.fasta
* Entering FMI_search
Reading other elements of the index from files reference.genbank.Zdi.fasta
* Index prefix: reference.genbank.Zdi.fasta
* Read 0 ALT contigs
* Reading reference genome..
* Binary seq file = reference.genbank.Zdi.fasta.0123
* Reference genome size: 1379380954 bp
* Done reading reference genome !!

------------------------------------------
1. Memory pre-allocation for Chaining: 5679.4903 MB
2. Memory pre-allocation for BSW: 9584.6810 MB
[M::memoryAllocLearned::MEME] Reading Learned-index models into memory
[Learned-Config] MODE:3 SEARCH_METHOD: 1 MEM_TRADEOFF:1 EXPONENTIAL_SMEMSEARCH: 1 DEBUG_MODE:0 Num 2nd Models:268435456 PWL Bits Used:28
[M::memoryAllocLearned::MEME] Loading RMI model and Pac reference file took 10.555 sec
[M::memoryAllocLearned::MEME] Reading suffix array into memory
[M::memoryAllocLearned::MEME] Loading pos_packed file took 13.786 sec
[M::memoryAllocLearned::MEME] Generating SA, 64-bit Suffix and ISA in memory
[M::memoryAllocLearned::MEME] Runtime-build-index took 14.342 sec
3. Memory pre-allocation for BWT: 7540.2955 MB
------------------------------------------
* Threads used (compute): 40
* No. of pipeline threads: 2

[0000] read_chunk: 400000000, work_chunk_size: 400000129, nseq: 4898544
	[0000][ M::kt_pipeline] read 4898544 sequences (400000129 bp)...
[0000] Reallocating initial memory allocations!!
[0000] Calling mem_process_seqs.., task: 0
[0000] 1. Calling kt_for - worker_bwt
[0000] 2. Calling kt_for - worker_aln
[0000] Inferring insert size distribution of PE reads from data, l_pac: 689690477, n: 4898544
[0000][PE] # candidate unique pairs for (FF, FR, RF, RR): (1006, 2120697, 5, 962)
[0000][PE] analyzing insert size distribution for orientation FF...
[0000][PE] (25, 50, 75) percentile: (28, 38, 56)
[0000][PE] low and high boundaries for computing mean and std.dev: (1, 112)
[0000][PE] mean and std.dev: (42.71, 21.14)
[0000][PE] low and high boundaries for proper pairs: (1, 140)
[0000][PE] analyzing insert size distribution for orientation FR...
[0000][PE] (25, 50, 75) percentile: (57, 74, 95)
[0000][PE] low and high boundaries for computing mean and std.dev: (1, 171)
[0000][PE] mean and std.dev: (77.81, 27.90)
[0000][PE] low and high boundaries for proper pairs: (1, 209)
[0000][PE] skip orientation RF as there are not enough pairs
[0000][PE] analyzing insert size distribution for orientation RR...
[0000][PE] (25, 50, 75) percentile: (28, 39, 63)
[0000][PE] low and high boundaries for computing mean and std.dev: (1, 133)
[0000][PE] mean and std.dev: (46.80, 25.87)
[0000][PE] low and high boundaries for proper pairs: (1, 168)
[0000][PE] skip orientation FF
[0000][PE] skip orientation RR
[0000] 3. Calling kt_for - worker_sam
	[0000][ M::mem_process_seqs] Processed 4898544 reads in 289.303 CPU sec, 7.919 real sec
[0000] read_chunk: 400000000, work_chunk_size: 400000079, nseq: 4896534
	[0000][ M::kt_pipeline] read 4896534 sequences (400000079 bp)...
[0000] Calling mem_process_seqs.., task: 1
[0000] 1. Calling kt_for - worker_bwt
[0000] 2. Calling kt_for - worker_aln
[0000] Inferring insert size distribution of PE reads from data, l_pac: 689690477, n: 4896534
[0000][PE] # candidate unique pairs for (FF, FR, RF, RR): (1051, 2111199, 5, 981)
[0000][PE] analyzing insert size distribution for orientation FF...
[0000][PE] (25, 50, 75) percentile: (29, 40, 63)
[0000][PE] low and high boundaries for computing mean and std.dev: (1, 131)
[0000][PE] mean and std.dev: (46.67, 24.40)
[0000][PE] low and high boundaries for proper pairs: (1, 165)
[0000][PE] analyzing insert size distribution for orientation FR...
[0000][PE] (25, 50, 75) percentile: (57, 74, 95)
[0000][PE] low and high boundaries for computing mean and std.dev: (1, 171)
[0000][PE] mean and std.dev: (77.77, 27.87)
[0000][PE] low and high boundaries for proper pairs: (1, 209)
[0000][PE] skip orientation RF as there are not enough pairs
[0000][PE] analyzing insert size distribution for orientation RR...
[0000][PE] (25, 50, 75) percentile: (28, 39, 62)
[0000][PE] low and high boundaries for computing mean and std.dev: (1, 130)
[0000][PE] mean and std.dev: (45.95, 24.48)
[0000][PE] low and high boundaries for proper pairs: (1, 164)
[0000][PE] skip orientation FF
[0000][PE] skip orientation RR
[0000] 3. Calling kt_for - worker_sam
	[0000][ M::mem_process_seqs] Processed 4896534 reads in 294.380 CPU sec, 8.235 real sec
[0000] read_chunk: 400000000, work_chunk_size: 270122931, nseq: 3325202
	[0000][ M::kt_pipeline] read 3325202 sequences (270122931 bp)...
[0000] Calling mem_process_seqs.., task: 2
[0000] 1. Calling kt_for - worker_bwt
[0000] read_chunk: 400000000, work_chunk_size: 0, nseq: 0
[0000] 2. Calling kt_for - worker_aln
[0000] Inferring insert size distribution of PE reads from data, l_pac: 689690477, n: 3325202
[0000][PE] # candidate unique pairs for (FF, FR, RF, RR): (630, 1451877, 6, 656)
[0000][PE] analyzing insert size distribution for orientation FF...
[0000][PE] (25, 50, 75) percentile: (28, 40, 62)
[0000][PE] low and high boundaries for computing mean and std.dev: (1, 130)
[0000][PE] mean and std.dev: (45.78, 24.08)
[0000][PE] low and high boundaries for proper pairs: (1, 164)
[0000][PE] analyzing insert size distribution for orientation FR...
[0000][PE] (25, 50, 75) percentile: (57, 74, 95)
[0000][PE] low and high boundaries for computing mean and std.dev: (1, 171)
[0000][PE] mean and std.dev: (77.75, 27.86)
[0000][PE] low and high boundaries for proper pairs: (1, 209)
[0000][PE] skip orientation RF as there are not enough pairs
[0000][PE] analyzing insert size distribution for orientation RR...
[0000][PE] (25, 50, 75) percentile: (29, 41, 66)
[0000][PE] low and high boundaries for computing mean and std.dev: (1, 140)
[0000][PE] mean and std.dev: (49.05, 26.34)
[0000][PE] low and high boundaries for proper pairs: (1, 177)
[0000][PE] skip orientation FF
[0000][PE] skip orientation RR
[0000] 3. Calling kt_for - worker_sam
	[0000][ M::mem_process_seqs] Processed 3325202 reads in 182.550 CPU sec, 5.135 real sec
[0000] read_chunk: 400000000, work_chunk_size: 0, nseq: 0
[0000] Computation ends..
No. of OMP threads: 40
Processor is running @2394.731844 MHz
Runtime profile:

	Time taken for main_mem function: 72.49 sec

	IO times (sec) :
	Reading IO time (reads) avg: 27.23, (27.23, 27.23)
	Writing IO time (SAM) avg: 9.49, (9.49, 9.49)
	Reading IO time (Reference Genome) avg: 0.66, (0.66, 0.66)
	Index read time avg: 0.24, (0.24, 0.24)

	Overall time (sec) (Excluding Index reading time):
	PROCESS() (Total compute time + (read + SAM) IO time) : 71.54
	MEM_PROCESS_SEQ() (Total compute time (Kernel + SAM)), avg: 21.29, (21.29, 21.29)

	 SAM Processing time (sec):
	--WORKER_SAM avg: 5.68, (5.68, 5.68)

	Kernels' compute time (sec):
	Total kernel (smem+sal+bsw) time avg: 14.35, (14.35, 14.35)
		MEM_ALN_CHAIN_FLT avg: 0.00, (0.00, 0.00)
		MEM_ALN_CHAIN_SEED avg: 0.00, (0.00, 0.00)
		ERT_SEED_CHAIN avg: 0.00, (0.00, 0.00)
	LEARNED_SEED_CHAIN avg: 7.43, (7.48, 7.39)
		SMEM compute avg: 0.00, (0.00, 0.00)
		SAL compute avg: 0.00, (0.00, 0.00)
				MEM_SA avg: 0.00, (0.00, 0.00)

		BSW time, avg: 6.40, (6.46, 6.25)

Important parameter settings: 
	BATCH_SIZE: 512
	MAX_SEQ_LEN_REF: 256
	MAX_SEQ_LEN_QER: 128
	MAX_SEQ_LEN8: 128
	SEEDS_PER_READ: 500
	SIMD_WIDTH8 X: 64
	SIMD_WIDTH16 X: 32
	AVG_SEEDS_PER_READ: 64
