Looking to launch executable "/opt/conda/bin/bwa-meme_mode3.avx512bw", simd = _mode3.avx512bw
Launching executable "/opt/conda/bin/bwa-meme_mode3.avx512bw"
-----------------------------
Executing in AVX512 mode!!
-----------------------------
* SA compression enabled with xfactor: 8
* Ref file: reference.genbank.Zdi.fasta
* Entering FMI_search
Reading other elements of the index from files reference.genbank.Zdi.fasta
* Index prefix: reference.genbank.Zdi.fasta
* Read 0 ALT contigs
* Reading reference genome..
* Binary seq file = reference.genbank.Zdi.fasta.0123
* Reference genome size: 1379380954 bp
* Done reading reference genome !!

------------------------------------------
1. Memory pre-allocation for Chaining: 5679.4903 MB
2. Memory pre-allocation for BSW: 9584.6810 MB
[M::memoryAllocLearned::MEME] Reading Learned-index models into memory
[Learned-Config] MODE:3 SEARCH_METHOD: 1 MEM_TRADEOFF:1 EXPONENTIAL_SMEMSEARCH: 1 DEBUG_MODE:0 Num 2nd Models:268435456 PWL Bits Used:28
[M::memoryAllocLearned::MEME] Loading RMI model and Pac reference file took 10.469 sec
[M::memoryAllocLearned::MEME] Reading suffix array into memory
[M::memoryAllocLearned::MEME] Loading pos_packed file took 13.505 sec
[M::memoryAllocLearned::MEME] Generating SA, 64-bit Suffix and ISA in memory
[M::memoryAllocLearned::MEME] Runtime-build-index took 16.065 sec
3. Memory pre-allocation for BWT: 7540.2955 MB
------------------------------------------
* Threads used (compute): 40
* No. of pipeline threads: 2

[0000] read_chunk: 400000000, work_chunk_size: 400000035, nseq: 4262702
	[0000][ M::kt_pipeline] read 4262702 sequences (400000035 bp)...
[0000] Reallocating initial memory allocations!!
[0000] read_chunk: 400000000, work_chunk_size: 86585718, nseq: 918330
	[0000][ M::kt_pipeline] read 918330 sequences (86585718 bp)...
[0000] Calling mem_process_seqs.., task: 0
[0000] 1. Calling kt_for - worker_bwt
[0000] 2. Calling kt_for - worker_aln
[0000] Inferring insert size distribution of PE reads from data, l_pac: 689690477, n: 4262702
[0000][PE] # candidate unique pairs for (FF, FR, RF, RR): (41, 1656552, 37, 49)
[0000][PE] analyzing insert size distribution for orientation FF...
[0000][PE] (25, 50, 75) percentile: (36, 65, 114)
[0000][PE] low and high boundaries for computing mean and std.dev: (1, 270)
[0000][PE] mean and std.dev: (64.83, 41.77)
[0000][PE] low and high boundaries for proper pairs: (1, 348)
[0000][PE] analyzing insert size distribution for orientation FR...
[0000][PE] (25, 50, 75) percentile: (61, 86, 123)
[0000][PE] low and high boundaries for computing mean and std.dev: (1, 247)
[0000][PE] mean and std.dev: (94.78, 44.78)
[0000][PE] low and high boundaries for proper pairs: (1, 309)
[0000][PE] analyzing insert size distribution for orientation RF...
[0000][PE] (25, 50, 75) percentile: (49, 125, 612)
[0000][PE] low and high boundaries for computing mean and std.dev: (1, 1738)
[0000][PE] mean and std.dev: (232.39, 335.92)
[0000][PE] low and high boundaries for proper pairs: (1, 2301)
[0000][PE] analyzing insert size distribution for orientation RR...
[0000][PE] (25, 50, 75) percentile: (38, 91, 168)
[0000][PE] low and high boundaries for computing mean and std.dev: (1, 428)
[0000][PE] mean and std.dev: (88.45, 62.69)
[0000][PE] low and high boundaries for proper pairs: (1, 558)
[0000][PE] skip orientation FF
[0000][PE] skip orientation RF
[0000][PE] skip orientation RR
[0000] 3. Calling kt_for - worker_sam
	[0000][ M::mem_process_seqs] Processed 4262702 reads in 595.587 CPU sec, 15.635 real sec
[0000] Calling mem_process_seqs.., task: 1
[0000] 1. Calling kt_for - worker_bwt
[0000] 2. Calling kt_for - worker_aln
[0000] Inferring insert size distribution of PE reads from data, l_pac: 689690477, n: 918330
[0000][PE] # candidate unique pairs for (FF, FR, RF, RR): (12, 351996, 12, 9)
[0000][PE] analyzing insert size distribution for orientation FF...
[0000][PE] (25, 50, 75) percentile: (69, 111, 131)
[0000][PE] low and high boundaries for computing mean and std.dev: (1, 255)
[0000][PE] mean and std.dev: (85.00, 36.64)
[0000][PE] low and high boundaries for proper pairs: (1, 317)
[0000][PE] analyzing insert size distribution for orientation FR...
[0000][PE] (25, 50, 75) percentile: (60, 86, 123)
[0000][PE] low and high boundaries for computing mean and std.dev: (1, 249)
[0000][PE] mean and std.dev: (94.82, 44.95)
[0000][PE] low and high boundaries for proper pairs: (1, 312)
[0000][PE] analyzing insert size distribution for orientation RF...
[0000][PE] (25, 50, 75) percentile: (67, 160, 1014)
[0000][PE] low and high boundaries for computing mean and std.dev: (1, 2908)
[0000][PE] mean and std.dev: (430.92, 542.44)
[0000][PE] low and high boundaries for proper pairs: (1, 3855)
[0000][PE] skip orientation RR as there are not enough pairs
[0000][PE] skip orientation FF
[0000][PE] skip orientation RF
[0000] 3. Calling kt_for - worker_sam
	[0000][ M::mem_process_seqs] Processed 918330 reads in 139.067 CPU sec, 3.948 real sec
[0000] read_chunk: 400000000, work_chunk_size: 0, nseq: 0
[0000] read_chunk: 400000000, work_chunk_size: 0, nseq: 0
[0000] Computation ends..
No. of OMP threads: 40
Processor is running @2394.726364 MHz
Runtime profile:

	Time taken for main_mem function: 65.95 sec

	IO times (sec) :
	Reading IO time (reads) avg: 11.33, (11.33, 11.33)
	Writing IO time (SAM) avg: 5.26, (5.26, 5.26)
	Reading IO time (Reference Genome) avg: 0.64, (0.64, 0.64)
	Index read time avg: 0.23, (0.23, 0.23)

	Overall time (sec) (Excluding Index reading time):
	PROCESS() (Total compute time + (read + SAM) IO time) : 65.03
	MEM_PROCESS_SEQ() (Total compute time (Kernel + SAM)), avg: 19.58, (19.58, 19.58)

	 SAM Processing time (sec):
	--WORKER_SAM avg: 8.59, (8.59, 8.59)

	Kernels' compute time (sec):
	Total kernel (smem+sal+bsw) time avg: 10.46, (10.46, 10.46)
		MEM_ALN_CHAIN_FLT avg: 0.00, (0.00, 0.00)
		MEM_ALN_CHAIN_SEED avg: 0.00, (0.00, 0.00)
		ERT_SEED_CHAIN avg: 0.00, (0.00, 0.00)
	LEARNED_SEED_CHAIN avg: 4.53, (4.58, 4.50)
		SMEM compute avg: 0.00, (0.00, 0.00)
		SAL compute avg: 0.00, (0.00, 0.00)
				MEM_SA avg: 0.00, (0.00, 0.00)

		BSW time, avg: 5.60, (5.66, 5.54)

Important parameter settings: 
	BATCH_SIZE: 512
	MAX_SEQ_LEN_REF: 256
	MAX_SEQ_LEN_QER: 128
	MAX_SEQ_LEN8: 128
	SEEDS_PER_READ: 500
	SIMD_WIDTH8 X: 64
	SIMD_WIDTH16 X: 32
	AVG_SEEDS_PER_READ: 64
