Looking to launch executable "/opt/conda/bin/bwa-meme_mode3.avx512bw", simd = _mode3.avx512bw
Launching executable "/opt/conda/bin/bwa-meme_mode3.avx512bw"
-----------------------------
Executing in AVX512 mode!!
-----------------------------
* SA compression enabled with xfactor: 8
* Ref file: reference.genbank.Zdi.fasta
* Entering FMI_search
Reading other elements of the index from files reference.genbank.Zdi.fasta
* Index prefix: reference.genbank.Zdi.fasta
* Read 0 ALT contigs
* Reading reference genome..
* Binary seq file = reference.genbank.Zdi.fasta.0123
* Reference genome size: 1379380954 bp
* Done reading reference genome !!

------------------------------------------
1. Memory pre-allocation for Chaining: 5679.4903 MB
2. Memory pre-allocation for BSW: 9584.6810 MB
[M::memoryAllocLearned::MEME] Reading Learned-index models into memory
[Learned-Config] MODE:3 SEARCH_METHOD: 1 MEM_TRADEOFF:1 EXPONENTIAL_SMEMSEARCH: 1 DEBUG_MODE:0 Num 2nd Models:268435456 PWL Bits Used:28
[M::memoryAllocLearned::MEME] Loading RMI model and Pac reference file took 11.065 sec
[M::memoryAllocLearned::MEME] Reading suffix array into memory
[M::memoryAllocLearned::MEME] Loading pos_packed file took 15.977 sec
[M::memoryAllocLearned::MEME] Generating SA, 64-bit Suffix and ISA in memory
[M::memoryAllocLearned::MEME] Runtime-build-index took 14.312 sec
3. Memory pre-allocation for BWT: 7540.2955 MB
------------------------------------------
* Threads used (compute): 40
* No. of pipeline threads: 2

[0000] read_chunk: 400000000, work_chunk_size: 400000089, nseq: 3431006
	[0000][ M::kt_pipeline] read 3431006 sequences (400000089 bp)...
[0000] Reallocating initial memory allocations!!
[0000] Calling mem_process_seqs.., task: 0
[0000] 1. Calling kt_for - worker_bwt
[0000] 2. Calling kt_for - worker_aln
[0000] read_chunk: 400000000, work_chunk_size: 400000069, nseq: 3429914
	[0000][ M::kt_pipeline] read 3429914 sequences (400000069 bp)...
[0000] Inferring insert size distribution of PE reads from data, l_pac: 689690477, n: 3431006
[0000][PE] # candidate unique pairs for (FF, FR, RF, RR): (52, 1349110, 62, 53)
[0000][PE] analyzing insert size distribution for orientation FF...
[0000][PE] (25, 50, 75) percentile: (64, 113, 247)
[0000][PE] low and high boundaries for computing mean and std.dev: (1, 613)
[0000][PE] mean and std.dev: (139.69, 126.66)
[0000][PE] low and high boundaries for proper pairs: (1, 796)
[0000][PE] analyzing insert size distribution for orientation FR...
[0000][PE] (25, 50, 75) percentile: (85, 121, 166)
[0000][PE] low and high boundaries for computing mean and std.dev: (1, 328)
[0000][PE] mean and std.dev: (129.77, 59.98)
[0000][PE] low and high boundaries for proper pairs: (1, 409)
[0000][PE] analyzing insert size distribution for orientation RF...
[0000][PE] (25, 50, 75) percentile: (60, 207, 745)
[0000][PE] low and high boundaries for computing mean and std.dev: (1, 2115)
[0000][PE] mean and std.dev: (361.38, 438.74)
[0000][PE] low and high boundaries for proper pairs: (1, 2800)
[0000][PE] analyzing insert size distribution for orientation RR...
[0000][PE] (25, 50, 75) percentile: (107, 170, 335)
[0000][PE] low and high boundaries for computing mean and std.dev: (1, 791)
[0000][PE] mean and std.dev: (207.70, 147.17)
[0000][PE] low and high boundaries for proper pairs: (1, 1019)
[0000][PE] skip orientation FF
[0000][PE] skip orientation RF
[0000][PE] skip orientation RR
[0000] 3. Calling kt_for - worker_sam
	[0000][ M::mem_process_seqs] Processed 3431006 reads in 707.509 CPU sec, 18.357 real sec
[0000] Calling mem_process_seqs.., task: 1
[0000] 1. Calling kt_for - worker_bwt
[0000] 2. Calling kt_for - worker_aln
[0000] Inferring insert size distribution of PE reads from data, l_pac: 689690477, n: 3429914
[0000][PE] # candidate unique pairs for (FF, FR, RF, RR): (44, 1347385, 61, 56)
[0000][PE] analyzing insert size distribution for orientation FF...
[0000][PE] (25, 50, 75) percentile: (93, 147, 892)
[0000][PE] low and high boundaries for computing mean and std.dev: (1, 2490)
[0000][PE] mean and std.dev: (442.24, 625.61)
[0000][PE] low and high boundaries for proper pairs: (1, 3289)
[0000][PE] analyzing insert size distribution for orientation FR...
[0000][PE] (25, 50, 75) percentile: (85, 120, 166)
[0000][PE] low and high boundaries for computing mean and std.dev: (1, 328)
[0000][PE] mean and std.dev: (129.74, 60.00)
[0000][PE] low and high boundaries for proper pairs: (1, 409)
[0000][PE] analyzing insert size distribution for orientation RF...
[0000][PE] (25, 50, 75) percentile: (42, 117, 678)
[0000][PE] low and high boundaries for computing mean and std.dev: (1, 1950)
[0000][PE] mean and std.dev: (231.40, 308.77)
[0000][PE] low and high boundaries for proper pairs: (1, 2586)
[0000][PE] analyzing insert size distribution for orientation RR...
[0000][PE] (25, 50, 75) percentile: (77, 152, 308)
[0000][PE] low and high boundaries for computing mean and std.dev: (1, 770)
[0000][PE] mean and std.dev: (160.98, 131.78)
[0000][PE] low and high boundaries for proper pairs: (1, 1001)
[0000][PE] skip orientation FF
[0000][PE] skip orientation RF
[0000][PE] skip orientation RR
[0000] 3. Calling kt_for - worker_sam
[0000] read_chunk: 400000000, work_chunk_size: 327471289, nseq: 2805344
	[0000][ M::kt_pipeline] read 2805344 sequences (327471289 bp)...
	[0000][ M::mem_process_seqs] Processed 3429914 reads in 722.807 CPU sec, 19.101 real sec
[0000] Calling mem_process_seqs.., task: 2
[0000] 1. Calling kt_for - worker_bwt
[0000] 2. Calling kt_for - worker_aln
[0000] read_chunk: 400000000, work_chunk_size: 0, nseq: 0
[0000] Inferring insert size distribution of PE reads from data, l_pac: 689690477, n: 2805344
[0000][PE] # candidate unique pairs for (FF, FR, RF, RR): (38, 1097685, 46, 34)
[0000][PE] analyzing insert size distribution for orientation FF...
[0000][PE] (25, 50, 75) percentile: (72, 126, 226)
[0000][PE] low and high boundaries for computing mean and std.dev: (1, 534)
[0000][PE] mean and std.dev: (129.78, 96.80)
[0000][PE] low and high boundaries for proper pairs: (1, 688)
[0000][PE] analyzing insert size distribution for orientation FR...
[0000][PE] (25, 50, 75) percentile: (85, 121, 166)
[0000][PE] low and high boundaries for computing mean and std.dev: (1, 328)
[0000][PE] mean and std.dev: (129.81, 59.97)
[0000][PE] low and high boundaries for proper pairs: (1, 409)
[0000][PE] analyzing insert size distribution for orientation RF...
[0000][PE] (25, 50, 75) percentile: (46, 128, 378)
[0000][PE] low and high boundaries for computing mean and std.dev: (1, 1042)
[0000][PE] mean and std.dev: (186.73, 211.01)
[0000][PE] low and high boundaries for proper pairs: (1, 1374)
[0000][PE] analyzing insert size distribution for orientation RR...
[0000][PE] (25, 50, 75) percentile: (126, 333, 847)
[0000][PE] low and high boundaries for computing mean and std.dev: (1, 2289)
[0000][PE] mean and std.dev: (483.50, 481.92)
[0000][PE] low and high boundaries for proper pairs: (1, 3010)
[0000][PE] skip orientation FF
[0000][PE] skip orientation RF
[0000][PE] skip orientation RR
[0000] 3. Calling kt_for - worker_sam
	[0000][ M::mem_process_seqs] Processed 2805344 reads in 591.571 CPU sec, 15.593 real sec
[0000] read_chunk: 400000000, work_chunk_size: 0, nseq: 0
[0000] Computation ends..
No. of OMP threads: 40
Processor is running @2394.732818 MHz
Runtime profile:

	Time taken for main_mem function: 100.13 sec

	IO times (sec) :
	Reading IO time (reads) avg: 24.98, (24.98, 24.98)
	Writing IO time (SAM) avg: 13.48, (13.48, 13.48)
	Reading IO time (Reference Genome) avg: 0.66, (0.66, 0.66)
	Index read time avg: 0.24, (0.24, 0.24)

	Overall time (sec) (Excluding Index reading time):
	PROCESS() (Total compute time + (read + SAM) IO time) : 99.19
	MEM_PROCESS_SEQ() (Total compute time (Kernel + SAM)), avg: 53.04, (53.04, 53.04)

	 SAM Processing time (sec):
	--WORKER_SAM avg: 23.86, (23.86, 23.86)

	Kernels' compute time (sec):
	Total kernel (smem+sal+bsw) time avg: 28.12, (28.12, 28.12)
		MEM_ALN_CHAIN_FLT avg: 0.00, (0.00, 0.00)
		MEM_ALN_CHAIN_SEED avg: 0.00, (0.00, 0.00)
		ERT_SEED_CHAIN avg: 0.00, (0.00, 0.00)
	LEARNED_SEED_CHAIN avg: 13.42, (13.45, 13.39)
		SMEM compute avg: 0.00, (0.00, 0.00)
		SAL compute avg: 0.00, (0.00, 0.00)
				MEM_SA avg: 0.00, (0.00, 0.00)

		BSW time, avg: 14.10, (14.24, 13.94)

Important parameter settings: 
	BATCH_SIZE: 512
	MAX_SEQ_LEN_REF: 256
	MAX_SEQ_LEN_QER: 128
	MAX_SEQ_LEN8: 128
	SEEDS_PER_READ: 500
	SIMD_WIDTH8 X: 64
	SIMD_WIDTH16 X: 32
	AVG_SEEDS_PER_READ: 64
