Looking to launch executable "/opt/conda/bin/bwa-meme_mode3.avx512bw", simd = _mode3.avx512bw
Launching executable "/opt/conda/bin/bwa-meme_mode3.avx512bw"
-----------------------------
Executing in AVX512 mode!!
-----------------------------
* SA compression enabled with xfactor: 8
* Ref file: reference.genbank.Zdi.fasta
* Entering FMI_search
Reading other elements of the index from files reference.genbank.Zdi.fasta
* Index prefix: reference.genbank.Zdi.fasta
* Read 0 ALT contigs
* Reading reference genome..
* Binary seq file = reference.genbank.Zdi.fasta.0123
* Reference genome size: 1379380954 bp
* Done reading reference genome !!

------------------------------------------
1. Memory pre-allocation for Chaining: 5679.4903 MB
2. Memory pre-allocation for BSW: 9584.6810 MB
[M::memoryAllocLearned::MEME] Reading Learned-index models into memory
[Learned-Config] MODE:3 SEARCH_METHOD: 1 MEM_TRADEOFF:1 EXPONENTIAL_SMEMSEARCH: 1 DEBUG_MODE:0 Num 2nd Models:268435456 PWL Bits Used:28
[M::memoryAllocLearned::MEME] Loading RMI model and Pac reference file took 10.465 sec
[M::memoryAllocLearned::MEME] Reading suffix array into memory
[M::memoryAllocLearned::MEME] Loading pos_packed file took 13.554 sec
[M::memoryAllocLearned::MEME] Generating SA, 64-bit Suffix and ISA in memory
[M::memoryAllocLearned::MEME] Runtime-build-index took 12.020 sec
3. Memory pre-allocation for BWT: 7540.2955 MB
------------------------------------------
* Threads used (compute): 40
* No. of pipeline threads: 2

[0000] read_chunk: 400000000, work_chunk_size: 158059533, nseq: 2071974
	[0000][ M::kt_pipeline] read 2071974 sequences (158059533 bp)...
[0000] Calling mem_process_seqs.., task: 0
[0000] 1. Calling kt_for - worker_bwt
[0000] read_chunk: 400000000, work_chunk_size: 0, nseq: 0
[0000] 2. Calling kt_for - worker_aln
[0000] Inferring insert size distribution of PE reads from data, l_pac: 689690477, n: 2071974
[0000][PE] # candidate unique pairs for (FF, FR, RF, RR): (282, 825133, 4, 291)
[0000][PE] analyzing insert size distribution for orientation FF...
[0000][PE] (25, 50, 75) percentile: (24, 28, 35)
[0000][PE] low and high boundaries for computing mean and std.dev: (2, 57)
[0000][PE] mean and std.dev: (28.87, 8.05)
[0000][PE] low and high boundaries for proper pairs: (1, 68)
[0000][PE] analyzing insert size distribution for orientation FR...
[0000][PE] (25, 50, 75) percentile: (52, 67, 85)
[0000][PE] low and high boundaries for computing mean and std.dev: (1, 151)
[0000][PE] mean and std.dev: (70.24, 23.66)
[0000][PE] low and high boundaries for proper pairs: (1, 184)
[0000][PE] skip orientation RF as there are not enough pairs
[0000][PE] analyzing insert size distribution for orientation RR...
[0000][PE] (25, 50, 75) percentile: (25, 30, 37)
[0000][PE] low and high boundaries for computing mean and std.dev: (1, 61)
[0000][PE] mean and std.dev: (31.09, 9.66)
[0000][PE] low and high boundaries for proper pairs: (1, 73)
[0000][PE] skip orientation FF
[0000][PE] skip orientation RR
[0000] 3. Calling kt_for - worker_sam
	[0000][ M::mem_process_seqs] Processed 2071974 reads in 113.067 CPU sec, 3.145 real sec
[0000] read_chunk: 400000000, work_chunk_size: 0, nseq: 0
[0000] Computation ends..
No. of OMP threads: 40
Processor is running @2394.730098 MHz
Runtime profile:

	Time taken for main_mem function: 38.26 sec

	IO times (sec) :
	Reading IO time (reads) avg: 4.11, (4.11, 4.11)
	Writing IO time (SAM) avg: 1.05, (1.05, 1.05)
	Reading IO time (Reference Genome) avg: 0.64, (0.64, 0.64)
	Index read time avg: 0.23, (0.23, 0.23)

	Overall time (sec) (Excluding Index reading time):
	PROCESS() (Total compute time + (read + SAM) IO time) : 37.33
	MEM_PROCESS_SEQ() (Total compute time (Kernel + SAM)), avg: 3.14, (3.14, 3.14)

	 SAM Processing time (sec):
	--WORKER_SAM avg: 0.78, (0.78, 0.78)

	Kernels' compute time (sec):
	Total kernel (smem+sal+bsw) time avg: 2.18, (2.18, 2.18)
		MEM_ALN_CHAIN_FLT avg: 0.00, (0.00, 0.00)
		MEM_ALN_CHAIN_SEED avg: 0.00, (0.00, 0.00)
		ERT_SEED_CHAIN avg: 0.00, (0.00, 0.00)
	LEARNED_SEED_CHAIN avg: 1.13, (1.14, 1.13)
		SMEM compute avg: 0.00, (0.00, 0.00)
		SAL compute avg: 0.00, (0.00, 0.00)
				MEM_SA avg: 0.00, (0.00, 0.00)

		BSW time, avg: 0.97, (0.99, 0.92)

Important parameter settings: 
	BATCH_SIZE: 512
	MAX_SEQ_LEN_REF: 256
	MAX_SEQ_LEN_QER: 128
	MAX_SEQ_LEN8: 128
	SEEDS_PER_READ: 500
	SIMD_WIDTH8 X: 64
	SIMD_WIDTH16 X: 32
	AVG_SEEDS_PER_READ: 64
