Looking to launch executable "/opt/conda/bin/bwa-meme_mode3.avx512bw", simd = _mode3.avx512bw
Launching executable "/opt/conda/bin/bwa-meme_mode3.avx512bw"
-----------------------------
Executing in AVX512 mode!!
-----------------------------
* SA compression enabled with xfactor: 8
* Ref file: reference.genbank.Zdi.fasta
* Entering FMI_search
Reading other elements of the index from files reference.genbank.Zdi.fasta
* Index prefix: reference.genbank.Zdi.fasta
* Read 0 ALT contigs
* Reading reference genome..
* Binary seq file = reference.genbank.Zdi.fasta.0123
* Reference genome size: 1379380954 bp
* Done reading reference genome !!

------------------------------------------
1. Memory pre-allocation for Chaining: 5679.4903 MB
2. Memory pre-allocation for BSW: 9584.6810 MB
[M::memoryAllocLearned::MEME] Reading Learned-index models into memory
[Learned-Config] MODE:3 SEARCH_METHOD: 1 MEM_TRADEOFF:1 EXPONENTIAL_SMEMSEARCH: 1 DEBUG_MODE:0 Num 2nd Models:268435456 PWL Bits Used:28
[M::memoryAllocLearned::MEME] Loading RMI model and Pac reference file took 10.015 sec
[M::memoryAllocLearned::MEME] Reading suffix array into memory
[M::memoryAllocLearned::MEME] Loading pos_packed file took 12.646 sec
[M::memoryAllocLearned::MEME] Generating SA, 64-bit Suffix and ISA in memory
[M::memoryAllocLearned::MEME] Runtime-build-index took 12.103 sec
3. Memory pre-allocation for BWT: 7540.2955 MB
------------------------------------------
* Threads used (compute): 40
* No. of pipeline threads: 2

[0000] read_chunk: 400000000, work_chunk_size: 400000019, nseq: 4457552
	[0000][ M::kt_pipeline] read 4457552 sequences (400000019 bp)...
[0000] Reallocating initial memory allocations!!
[0000] Calling mem_process_seqs.., task: 0
[0000] 1. Calling kt_for - worker_bwt
[0000] 2. Calling kt_for - worker_aln
[0000] read_chunk: 400000000, work_chunk_size: 289837781, nseq: 3224552
	[0000][ M::kt_pipeline] read 3224552 sequences (289837781 bp)...
[0000] Inferring insert size distribution of PE reads from data, l_pac: 689690477, n: 4457552
[0000][PE] # candidate unique pairs for (FF, FR, RF, RR): (41, 1780628, 40, 22)
[0000][PE] analyzing insert size distribution for orientation FF...
[0000][PE] (25, 50, 75) percentile: (42, 73, 163)
[0000][PE] low and high boundaries for computing mean and std.dev: (1, 405)
[0000][PE] mean and std.dev: (82.06, 62.92)
[0000][PE] low and high boundaries for proper pairs: (1, 526)
[0000][PE] analyzing insert size distribution for orientation FR...
[0000][PE] (25, 50, 75) percentile: (57, 81, 118)
[0000][PE] low and high boundaries for computing mean and std.dev: (1, 240)
[0000][PE] mean and std.dev: (90.73, 44.04)
[0000][PE] low and high boundaries for proper pairs: (1, 301)
[0000][PE] analyzing insert size distribution for orientation RF...
[0000][PE] (25, 50, 75) percentile: (39, 241, 371)
[0000][PE] low and high boundaries for computing mean and std.dev: (1, 1035)
[0000][PE] mean and std.dev: (214.00, 222.98)
[0000][PE] low and high boundaries for proper pairs: (1, 1367)
[0000][PE] analyzing insert size distribution for orientation RR...
[0000][PE] (25, 50, 75) percentile: (38, 89, 110)
[0000][PE] low and high boundaries for computing mean and std.dev: (1, 254)
[0000][PE] mean and std.dev: (78.10, 51.86)
[0000][PE] low and high boundaries for proper pairs: (1, 326)
[0000][PE] skip orientation FF
[0000][PE] skip orientation RF
[0000][PE] skip orientation RR
[0000] 3. Calling kt_for - worker_sam
	[0000][ M::mem_process_seqs] Processed 4457552 reads in 582.578 CPU sec, 15.176 real sec
[0000] Calling mem_process_seqs.., task: 1
[0000] 1. Calling kt_for - worker_bwt
[0000] 2. Calling kt_for - worker_aln
[0000] Inferring insert size distribution of PE reads from data, l_pac: 689690477, n: 3224552
[0000] read_chunk: 400000000, work_chunk_size: 0, nseq: 0
[0000][PE] # candidate unique pairs for (FF, FR, RF, RR): (18, 1282417, 34, 26)
[0000][PE] analyzing insert size distribution for orientation FF...
[0000][PE] (25, 50, 75) percentile: (31, 58, 137)
[0000][PE] low and high boundaries for computing mean and std.dev: (1, 349)
[0000][PE] mean and std.dev: (76.67, 56.51)
[0000][PE] low and high boundaries for proper pairs: (1, 455)
[0000][PE] analyzing insert size distribution for orientation FR...
[0000][PE] (25, 50, 75) percentile: (57, 81, 118)
[0000][PE] low and high boundaries for computing mean and std.dev: (1, 240)
[0000][PE] mean and std.dev: (90.70, 44.03)
[0000][PE] low and high boundaries for proper pairs: (1, 301)
[0000][PE] analyzing insert size distribution for orientation RF...
[0000][PE] (25, 50, 75) percentile: (28, 155, 476)
[0000][PE] low and high boundaries for computing mean and std.dev: (1, 1372)
[0000][PE] mean and std.dev: (176.29, 198.21)
[0000][PE] low and high boundaries for proper pairs: (1, 1820)
[0000][PE] analyzing insert size distribution for orientation RR...
[0000][PE] (25, 50, 75) percentile: (33, 112, 171)
[0000][PE] low and high boundaries for computing mean and std.dev: (1, 447)
[0000][PE] mean and std.dev: (88.55, 61.32)
[0000][PE] low and high boundaries for proper pairs: (1, 585)
[0000][PE] skip orientation FF
[0000][PE] skip orientation RF
[0000][PE] skip orientation RR
[0000] 3. Calling kt_for - worker_sam
	[0000][ M::mem_process_seqs] Processed 3224552 reads in 430.974 CPU sec, 11.545 real sec
[0000] read_chunk: 400000000, work_chunk_size: 0, nseq: 0
[0000] Computation ends..
No. of OMP threads: 40
Processor is running @2394.727822 MHz
Runtime profile:

	Time taken for main_mem function: 69.19 sec

	IO times (sec) :
	Reading IO time (reads) avg: 16.55, (16.55, 16.55)
	Writing IO time (SAM) avg: 8.08, (8.08, 8.08)
	Reading IO time (Reference Genome) avg: 0.55, (0.55, 0.55)
	Index read time avg: 0.22, (0.22, 0.22)

	Overall time (sec) (Excluding Index reading time):
	PROCESS() (Total compute time + (read + SAM) IO time) : 68.37
	MEM_PROCESS_SEQ() (Total compute time (Kernel + SAM)), avg: 26.72, (26.72, 26.72)

	 SAM Processing time (sec):
	--WORKER_SAM avg: 11.35, (11.35, 11.35)

	Kernels' compute time (sec):
	Total kernel (smem+sal+bsw) time avg: 14.61, (14.61, 14.61)
		MEM_ALN_CHAIN_FLT avg: 0.00, (0.00, 0.00)
		MEM_ALN_CHAIN_SEED avg: 0.00, (0.00, 0.00)
		ERT_SEED_CHAIN avg: 0.00, (0.00, 0.00)
	LEARNED_SEED_CHAIN avg: 7.11, (7.13, 7.10)
		SMEM compute avg: 0.00, (0.00, 0.00)
		SAL compute avg: 0.00, (0.00, 0.00)
				MEM_SA avg: 0.00, (0.00, 0.00)

		BSW time, avg: 7.21, (7.25, 7.13)

Important parameter settings: 
	BATCH_SIZE: 512
	MAX_SEQ_LEN_REF: 256
	MAX_SEQ_LEN_QER: 128
	MAX_SEQ_LEN8: 128
	SEEDS_PER_READ: 500
	SIMD_WIDTH8 X: 64
	SIMD_WIDTH16 X: 32
	AVG_SEEDS_PER_READ: 64
