Looking to launch executable "/opt/conda/bin/bwa-meme_mode3.avx512bw", simd = _mode3.avx512bw
Launching executable "/opt/conda/bin/bwa-meme_mode3.avx512bw"
-----------------------------
Executing in AVX512 mode!!
-----------------------------
* SA compression enabled with xfactor: 8
* Ref file: reference.genbank.Zdi.fasta
* Entering FMI_search
Reading other elements of the index from files reference.genbank.Zdi.fasta
* Index prefix: reference.genbank.Zdi.fasta
* Read 0 ALT contigs
* Reading reference genome..
* Binary seq file = reference.genbank.Zdi.fasta.0123
* Reference genome size: 1379380954 bp
* Done reading reference genome !!

------------------------------------------
1. Memory pre-allocation for Chaining: 5679.4903 MB
2. Memory pre-allocation for BSW: 9584.6810 MB
[M::memoryAllocLearned::MEME] Reading Learned-index models into memory
[Learned-Config] MODE:3 SEARCH_METHOD: 1 MEM_TRADEOFF:1 EXPONENTIAL_SMEMSEARCH: 1 DEBUG_MODE:0 Num 2nd Models:268435456 PWL Bits Used:28
[M::memoryAllocLearned::MEME] Loading RMI model and Pac reference file took 10.542 sec
[M::memoryAllocLearned::MEME] Reading suffix array into memory
[M::memoryAllocLearned::MEME] Loading pos_packed file took 13.751 sec
[M::memoryAllocLearned::MEME] Generating SA, 64-bit Suffix and ISA in memory
[M::memoryAllocLearned::MEME] Runtime-build-index took 14.253 sec
3. Memory pre-allocation for BWT: 7540.2955 MB
------------------------------------------
* Threads used (compute): 40
* No. of pipeline threads: 2

[0000] read_chunk: 400000000, work_chunk_size: 400000149, nseq: 4199526
	[0000][ M::kt_pipeline] read 4199526 sequences (400000149 bp)...
[0000] Reallocating initial memory allocations!!
[0000] Calling mem_process_seqs.., task: 0
[0000] 1. Calling kt_for - worker_bwt
[0000] 2. Calling kt_for - worker_aln
[0000] read_chunk: 400000000, work_chunk_size: 261291376, nseq: 2736168
	[0000][ M::kt_pipeline] read 2736168 sequences (261291376 bp)...
[0000] Inferring insert size distribution of PE reads from data, l_pac: 689690477, n: 4199526
[0000][PE] # candidate unique pairs for (FF, FR, RF, RR): (49, 1645426, 47, 44)
[0000][PE] analyzing insert size distribution for orientation FF...
[0000][PE] (25, 50, 75) percentile: (62, 89, 151)
[0000][PE] low and high boundaries for computing mean and std.dev: (1, 329)
[0000][PE] mean and std.dev: (88.09, 48.47)
[0000][PE] low and high boundaries for proper pairs: (1, 418)
[0000][PE] analyzing insert size distribution for orientation FR...
[0000][PE] (25, 50, 75) percentile: (61, 88, 126)
[0000][PE] low and high boundaries for computing mean and std.dev: (1, 256)
[0000][PE] mean and std.dev: (97.12, 46.90)
[0000][PE] low and high boundaries for proper pairs: (1, 321)
[0000][PE] analyzing insert size distribution for orientation RF...
[0000][PE] (25, 50, 75) percentile: (74, 133, 1061)
[0000][PE] low and high boundaries for computing mean and std.dev: (1, 3035)
[0000][PE] mean and std.dev: (449.61, 564.55)
[0000][PE] low and high boundaries for proper pairs: (1, 4022)
[0000][PE] analyzing insert size distribution for orientation RR...
[0000][PE] (25, 50, 75) percentile: (45, 95, 172)
[0000][PE] low and high boundaries for computing mean and std.dev: (1, 426)
[0000][PE] mean and std.dev: (90.38, 59.55)
[0000][PE] low and high boundaries for proper pairs: (1, 553)
[0000][PE] skip orientation FF
[0000][PE] skip orientation RF
[0000][PE] skip orientation RR
[0000] 3. Calling kt_for - worker_sam
	[0000][ M::mem_process_seqs] Processed 4199526 reads in 601.269 CPU sec, 15.645 real sec
[0000] Calling mem_process_seqs.., task: 1
[0000] 1. Calling kt_for - worker_bwt
[0000] 2. Calling kt_for - worker_aln
[0000] read_chunk: 400000000, work_chunk_size: 0, nseq: 0
[0000] Inferring insert size distribution of PE reads from data, l_pac: 689690477, n: 2736168
[0000][PE] # candidate unique pairs for (FF, FR, RF, RR): (29, 1066122, 25, 35)
[0000][PE] analyzing insert size distribution for orientation FF...
[0000][PE] (25, 50, 75) percentile: (37, 78, 116)
[0000][PE] low and high boundaries for computing mean and std.dev: (1, 274)
[0000][PE] mean and std.dev: (81.96, 61.68)
[0000][PE] low and high boundaries for proper pairs: (1, 353)
[0000][PE] analyzing insert size distribution for orientation FR...
[0000][PE] (25, 50, 75) percentile: (61, 88, 126)
[0000][PE] low and high boundaries for computing mean and std.dev: (1, 256)
[0000][PE] mean and std.dev: (97.13, 46.92)
[0000][PE] low and high boundaries for proper pairs: (1, 321)
[0000][PE] analyzing insert size distribution for orientation RF...
[0000][PE] (25, 50, 75) percentile: (48, 126, 315)
[0000][PE] low and high boundaries for computing mean and std.dev: (1, 849)
[0000][PE] mean and std.dev: (121.36, 110.43)
[0000][PE] low and high boundaries for proper pairs: (1, 1116)
[0000][PE] analyzing insert size distribution for orientation RR...
[0000][PE] (25, 50, 75) percentile: (68, 114, 429)
[0000][PE] low and high boundaries for computing mean and std.dev: (1, 1151)
[0000][PE] mean and std.dev: (189.90, 242.78)
[0000][PE] low and high boundaries for proper pairs: (1, 1512)
[0000][PE] skip orientation FF
[0000][PE] skip orientation RF
[0000][PE] skip orientation RR
[0000] 3. Calling kt_for - worker_sam
	[0000][ M::mem_process_seqs] Processed 2736168 reads in 403.957 CPU sec, 10.802 real sec
[0000] read_chunk: 400000000, work_chunk_size: 0, nseq: 0
[0000] Computation ends..
No. of OMP threads: 40
Processor is running @2394.728830 MHz
Runtime profile:

	Time taken for main_mem function: 71.59 sec

	IO times (sec) :
	Reading IO time (reads) avg: 15.42, (15.42, 15.42)
	Writing IO time (SAM) avg: 7.34, (7.34, 7.34)
	Reading IO time (Reference Genome) avg: 0.66, (0.66, 0.66)
	Index read time avg: 0.24, (0.24, 0.24)

	Overall time (sec) (Excluding Index reading time):
	PROCESS() (Total compute time + (read + SAM) IO time) : 70.65
	MEM_PROCESS_SEQ() (Total compute time (Kernel + SAM)), avg: 26.44, (26.44, 26.44)

	 SAM Processing time (sec):
	--WORKER_SAM avg: 11.29, (11.29, 11.29)

	Kernels' compute time (sec):
	Total kernel (smem+sal+bsw) time avg: 14.46, (14.46, 14.46)
		MEM_ALN_CHAIN_FLT avg: 0.00, (0.00, 0.00)
		MEM_ALN_CHAIN_SEED avg: 0.00, (0.00, 0.00)
		ERT_SEED_CHAIN avg: 0.00, (0.00, 0.00)
	LEARNED_SEED_CHAIN avg: 7.02, (7.04, 7.01)
		SMEM compute avg: 0.00, (0.00, 0.00)
		SAL compute avg: 0.00, (0.00, 0.00)
				MEM_SA avg: 0.00, (0.00, 0.00)

		BSW time, avg: 7.13, (7.18, 7.06)

Important parameter settings: 
	BATCH_SIZE: 512
	MAX_SEQ_LEN_REF: 256
	MAX_SEQ_LEN_QER: 128
	MAX_SEQ_LEN8: 128
	SEEDS_PER_READ: 500
	SIMD_WIDTH8 X: 64
	SIMD_WIDTH16 X: 32
	AVG_SEEDS_PER_READ: 64
