Looking to launch executable "/opt/conda/bin/bwa-meme_mode3.avx512bw", simd = _mode3.avx512bw
Launching executable "/opt/conda/bin/bwa-meme_mode3.avx512bw"
-----------------------------
Executing in AVX512 mode!!
-----------------------------
* SA compression enabled with xfactor: 8
* Ref file: reference.genbank.Zdi.fasta
* Entering FMI_search
Reading other elements of the index from files reference.genbank.Zdi.fasta
* Index prefix: reference.genbank.Zdi.fasta
* Read 0 ALT contigs
* Reading reference genome..
* Binary seq file = reference.genbank.Zdi.fasta.0123
* Reference genome size: 1379380954 bp
* Done reading reference genome !!

------------------------------------------
1. Memory pre-allocation for Chaining: 5679.4903 MB
2. Memory pre-allocation for BSW: 9584.6810 MB
[M::memoryAllocLearned::MEME] Reading Learned-index models into memory
[Learned-Config] MODE:3 SEARCH_METHOD: 1 MEM_TRADEOFF:1 EXPONENTIAL_SMEMSEARCH: 1 DEBUG_MODE:0 Num 2nd Models:268435456 PWL Bits Used:28
[M::memoryAllocLearned::MEME] Loading RMI model and Pac reference file took 10.037 sec
[M::memoryAllocLearned::MEME] Reading suffix array into memory
[M::memoryAllocLearned::MEME] Loading pos_packed file took 12.692 sec
[M::memoryAllocLearned::MEME] Generating SA, 64-bit Suffix and ISA in memory
[M::memoryAllocLearned::MEME] Runtime-build-index took 12.041 sec
3. Memory pre-allocation for BWT: 7540.2955 MB
------------------------------------------
* Threads used (compute): 40
* No. of pipeline threads: 2

[0000] read_chunk: 400000000, work_chunk_size: 400000144, nseq: 3565994
	[0000][ M::kt_pipeline] read 3565994 sequences (400000144 bp)...
[0000] Reallocating initial memory allocations!!
[0000] Calling mem_process_seqs.., task: 0
[0000] 1. Calling kt_for - worker_bwt
[0000] 2. Calling kt_for - worker_aln
[0000] read_chunk: 400000000, work_chunk_size: 400000032, nseq: 3574068
	[0000][ M::kt_pipeline] read 3574068 sequences (400000032 bp)...
[0000] Inferring insert size distribution of PE reads from data, l_pac: 689690477, n: 3565994
[0000][PE] # candidate unique pairs for (FF, FR, RF, RR): (87, 1381682, 61, 82)
[0000][PE] analyzing insert size distribution for orientation FF...
[0000][PE] (25, 50, 75) percentile: (77, 116, 222)
[0000][PE] low and high boundaries for computing mean and std.dev: (1, 512)
[0000][PE] mean and std.dev: (123.78, 91.53)
[0000][PE] low and high boundaries for proper pairs: (1, 657)
[0000][PE] analyzing insert size distribution for orientation FR...
[0000][PE] (25, 50, 75) percentile: (77, 116, 164)
[0000][PE] low and high boundaries for computing mean and std.dev: (1, 338)
[0000][PE] mean and std.dev: (125.68, 63.04)
[0000][PE] low and high boundaries for proper pairs: (1, 425)
[0000][PE] analyzing insert size distribution for orientation RF...
[0000][PE] (25, 50, 75) percentile: (45, 148, 462)
[0000][PE] low and high boundaries for computing mean and std.dev: (1, 1296)
[0000][PE] mean and std.dev: (207.87, 268.78)
[0000][PE] low and high boundaries for proper pairs: (1, 1713)
[0000][PE] analyzing insert size distribution for orientation RR...
[0000][PE] (25, 50, 75) percentile: (70, 121, 205)
[0000][PE] low and high boundaries for computing mean and std.dev: (1, 475)
[0000][PE] mean and std.dev: (123.05, 76.18)
[0000][PE] low and high boundaries for proper pairs: (1, 610)
[0000][PE] skip orientation FF
[0000][PE] skip orientation RF
[0000][PE] skip orientation RR
[0000] 3. Calling kt_for - worker_sam
	[0000][ M::mem_process_seqs] Processed 3565994 reads in 734.934 CPU sec, 19.512 real sec
[0000] Reallocating initial memory allocations!!
[0000] Calling mem_process_seqs.., task: 1
[0000] 1. Calling kt_for - worker_bwt
[0000] 2. Calling kt_for - worker_aln
[0000] read_chunk: 400000000, work_chunk_size: 182654962, nseq: 1625962
	[0000][ M::kt_pipeline] read 1625962 sequences (182654962 bp)...
[0000] Inferring insert size distribution of PE reads from data, l_pac: 689690477, n: 3574068
[0000][PE] # candidate unique pairs for (FF, FR, RF, RR): (93, 1393061, 70, 106)
[0000][PE] analyzing insert size distribution for orientation FF...
[0000][PE] (25, 50, 75) percentile: (70, 120, 212)
[0000][PE] low and high boundaries for computing mean and std.dev: (1, 496)
[0000][PE] mean and std.dev: (114.46, 79.59)
[0000][PE] low and high boundaries for proper pairs: (1, 638)
[0000][PE] analyzing insert size distribution for orientation FR...
[0000][PE] (25, 50, 75) percentile: (77, 116, 164)
[0000][PE] low and high boundaries for computing mean and std.dev: (1, 338)
[0000][PE] mean and std.dev: (125.52, 63.02)
[0000][PE] low and high boundaries for proper pairs: (1, 425)
[0000][PE] analyzing insert size distribution for orientation RF...
[0000][PE] (25, 50, 75) percentile: (59, 247, 541)
[0000][PE] low and high boundaries for computing mean and std.dev: (1, 1505)
[0000][PE] mean and std.dev: (300.61, 341.56)
[0000][PE] low and high boundaries for proper pairs: (1, 1987)
[0000][PE] analyzing insert size distribution for orientation RR...
[0000][PE] (25, 50, 75) percentile: (82, 118, 200)
[0000][PE] low and high boundaries for computing mean and std.dev: (1, 436)
[0000][PE] mean and std.dev: (134.31, 87.04)
[0000][PE] low and high boundaries for proper pairs: (1, 554)
[0000][PE] skip orientation FF
[0000][PE] skip orientation RF
[0000][PE] skip orientation RR
[0000] 3. Calling kt_for - worker_sam
	[0000][ M::mem_process_seqs] Processed 3574068 reads in 723.419 CPU sec, 19.040 real sec
[0000] Calling mem_process_seqs.., task: 2
[0000] 1. Calling kt_for - worker_bwt
[0000] 2. Calling kt_for - worker_aln
[0000] Inferring insert size distribution of PE reads from data, l_pac: 689690477, n: 1625962
[0000][PE] # candidate unique pairs for (FF, FR, RF, RR): (33, 623010, 31, 37)
[0000][PE] analyzing insert size distribution for orientation FF...
[0000][PE] (25, 50, 75) percentile: (47, 87, 153)
[0000][PE] low and high boundaries for computing mean and std.dev: (1, 365)
[0000][PE] mean and std.dev: (94.42, 65.81)
[0000][PE] low and high boundaries for proper pairs: (1, 471)
[0000][PE] analyzing insert size distribution for orientation FR...
[0000][PE] (25, 50, 75) percentile: (77, 116, 164)
[0000][PE] low and high boundaries for computing mean and std.dev: (1, 338)
[0000][PE] mean and std.dev: (125.52, 62.94)
[0000][PE] low and high boundaries for proper pairs: (1, 425)
[0000][PE] analyzing insert size distribution for orientation RF...
[0000][PE] (25, 50, 75) percentile: (67, 128, 440)
[0000][PE] low and high boundaries for computing mean and std.dev: (1, 1186)
[0000][PE] mean and std.dev: (162.88, 214.67)
[0000][PE] low and high boundaries for proper pairs: (1, 1559)
[0000][PE] analyzing insert size distribution for orientation RR...
[0000][PE] (25, 50, 75) percentile: (53, 103, 154)
[0000][PE] low and high boundaries for computing mean and std.dev: (1, 356)
[0000][PE] mean and std.dev: (89.74, 59.44)
[0000][PE] low and high boundaries for proper pairs: (1, 457)
[0000][PE] skip orientation FF
[0000][PE] skip orientation RF
[0000][PE] skip orientation RR
[0000] 3. Calling kt_for - worker_sam
[0000] read_chunk: 400000000, work_chunk_size: 0, nseq: 0
	[0000][ M::mem_process_seqs] Processed 1625962 reads in 346.092 CPU sec, 9.399 real sec
[0000] read_chunk: 400000000, work_chunk_size: 0, nseq: 0
[0000] Computation ends..
No. of OMP threads: 40
Processor is running @2394.742670 MHz
Runtime profile:

	Time taken for main_mem function: 89.92 sec

	IO times (sec) :
	Reading IO time (reads) avg: 21.76, (21.76, 21.76)
	Writing IO time (SAM) avg: 10.02, (10.02, 10.02)
	Reading IO time (Reference Genome) avg: 0.55, (0.55, 0.55)
	Index read time avg: 0.22, (0.22, 0.22)

	Overall time (sec) (Excluding Index reading time):
	PROCESS() (Total compute time + (read + SAM) IO time) : 89.10
	MEM_PROCESS_SEQ() (Total compute time (Kernel + SAM)), avg: 47.95, (47.95, 47.95)

	 SAM Processing time (sec):
	--WORKER_SAM avg: 22.62, (22.62, 22.62)

	Kernels' compute time (sec):
	Total kernel (smem+sal+bsw) time avg: 24.37, (24.37, 24.37)
		MEM_ALN_CHAIN_FLT avg: 0.00, (0.00, 0.00)
		MEM_ALN_CHAIN_SEED avg: 0.00, (0.00, 0.00)
		ERT_SEED_CHAIN avg: 0.00, (0.00, 0.00)
	LEARNED_SEED_CHAIN avg: 10.51, (10.53, 10.46)
		SMEM compute avg: 0.00, (0.00, 0.00)
		SAL compute avg: 0.00, (0.00, 0.00)
				MEM_SA avg: 0.00, (0.00, 0.00)

		BSW time, avg: 13.24, (13.35, 13.14)

Important parameter settings: 
	BATCH_SIZE: 512
	MAX_SEQ_LEN_REF: 256
	MAX_SEQ_LEN_QER: 128
	MAX_SEQ_LEN8: 128
	SEEDS_PER_READ: 500
	SIMD_WIDTH8 X: 64
	SIMD_WIDTH16 X: 32
	AVG_SEEDS_PER_READ: 64
