Looking to launch executable "/opt/conda/bin/bwa-meme_mode3.avx512bw", simd = _mode3.avx512bw
Launching executable "/opt/conda/bin/bwa-meme_mode3.avx512bw"
-----------------------------
Executing in AVX512 mode!!
-----------------------------
* SA compression enabled with xfactor: 8
* Ref file: reference.genbank.Zdi.fasta
* Entering FMI_search
Reading other elements of the index from files reference.genbank.Zdi.fasta
* Index prefix: reference.genbank.Zdi.fasta
* Read 0 ALT contigs
* Reading reference genome..
* Binary seq file = reference.genbank.Zdi.fasta.0123
* Reference genome size: 1379380954 bp
* Done reading reference genome !!

------------------------------------------
1. Memory pre-allocation for Chaining: 5679.4903 MB
2. Memory pre-allocation for BSW: 9584.6810 MB
[M::memoryAllocLearned::MEME] Reading Learned-index models into memory
[Learned-Config] MODE:3 SEARCH_METHOD: 1 MEM_TRADEOFF:1 EXPONENTIAL_SMEMSEARCH: 1 DEBUG_MODE:0 Num 2nd Models:268435456 PWL Bits Used:28
[M::memoryAllocLearned::MEME] Loading RMI model and Pac reference file took 9.992 sec
[M::memoryAllocLearned::MEME] Reading suffix array into memory
[M::memoryAllocLearned::MEME] Loading pos_packed file took 12.592 sec
[M::memoryAllocLearned::MEME] Generating SA, 64-bit Suffix and ISA in memory
[M::memoryAllocLearned::MEME] Runtime-build-index took 12.081 sec
3. Memory pre-allocation for BWT: 7540.2955 MB
------------------------------------------
* Threads used (compute): 40
* No. of pipeline threads: 2

[0000] read_chunk: 400000000, work_chunk_size: 400000231, nseq: 3302040
	[0000][ M::kt_pipeline] read 3302040 sequences (400000231 bp)...
[0000] Reallocating initial memory allocations!!
[0000] Calling mem_process_seqs.., task: 0
[0000] 1. Calling kt_for - worker_bwt
[0000] 2. Calling kt_for - worker_aln
[0000] read_chunk: 400000000, work_chunk_size: 400000203, nseq: 3304278
	[0000][ M::kt_pipeline] read 3304278 sequences (400000203 bp)...
[0000] Inferring insert size distribution of PE reads from data, l_pac: 689690477, n: 3302040
[0000][PE] # candidate unique pairs for (FF, FR, RF, RR): (75, 1341999, 76, 69)
[0000][PE] analyzing insert size distribution for orientation FF...
[0000][PE] (25, 50, 75) percentile: (104, 169, 413)
[0000][PE] low and high boundaries for computing mean and std.dev: (1, 1031)
[0000][PE] mean and std.dev: (212.13, 168.94)
[0000][PE] low and high boundaries for proper pairs: (1, 1340)
[0000][PE] analyzing insert size distribution for orientation FR...
[0000][PE] (25, 50, 75) percentile: (93, 136, 194)
[0000][PE] low and high boundaries for computing mean and std.dev: (1, 396)
[0000][PE] mean and std.dev: (149.43, 75.54)
[0000][PE] low and high boundaries for proper pairs: (1, 497)
[0000][PE] analyzing insert size distribution for orientation RF...
[0000][PE] (25, 50, 75) percentile: (101, 238, 1160)
[0000][PE] low and high boundaries for computing mean and std.dev: (1, 3278)
[0000][PE] mean and std.dev: (571.56, 724.04)
[0000][PE] low and high boundaries for proper pairs: (1, 4337)
[0000][PE] analyzing insert size distribution for orientation RR...
[0000][PE] (25, 50, 75) percentile: (115, 217, 497)
[0000][PE] low and high boundaries for computing mean and std.dev: (1, 1261)
[0000][PE] mean and std.dev: (255.62, 226.51)
[0000][PE] low and high boundaries for proper pairs: (1, 1643)
[0000][PE] skip orientation FF
[0000][PE] skip orientation RF
[0000][PE] skip orientation RR
[0000] 3. Calling kt_for - worker_sam
	[0000][ M::mem_process_seqs] Processed 3302040 reads in 736.113 CPU sec, 19.232 real sec
[0000] Reallocating initial memory allocations!!
[0000] Calling mem_process_seqs.., task: 1
[0000] 1. Calling kt_for - worker_bwt
[0000] 2. Calling kt_for - worker_aln
[0000] read_chunk: 400000000, work_chunk_size: 207915171, nseq: 1715454
	[0000][ M::kt_pipeline] read 1715454 sequences (207915171 bp)...
[0000] Inferring insert size distribution of PE reads from data, l_pac: 689690477, n: 3304278
[0000][PE] # candidate unique pairs for (FF, FR, RF, RR): (57, 1343999, 79, 72)
[0000][PE] analyzing insert size distribution for orientation FF...
[0000][PE] (25, 50, 75) percentile: (84, 125, 248)
[0000][PE] low and high boundaries for computing mean and std.dev: (1, 576)
[0000][PE] mean and std.dev: (132.45, 99.68)
[0000][PE] low and high boundaries for proper pairs: (1, 740)
[0000][PE] analyzing insert size distribution for orientation FR...
[0000][PE] (25, 50, 75) percentile: (92, 136, 194)
[0000][PE] low and high boundaries for computing mean and std.dev: (1, 398)
[0000][PE] mean and std.dev: (149.53, 75.78)
[0000][PE] low and high boundaries for proper pairs: (1, 500)
[0000][PE] analyzing insert size distribution for orientation RF...
[0000][PE] (25, 50, 75) percentile: (132, 371, 1102)
[0000][PE] low and high boundaries for computing mean and std.dev: (1, 3042)
[0000][PE] mean and std.dev: (613.19, 671.93)
[0000][PE] low and high boundaries for proper pairs: (1, 4012)
[0000][PE] analyzing insert size distribution for orientation RR...
[0000][PE] (25, 50, 75) percentile: (89, 134, 431)
[0000][PE] low and high boundaries for computing mean and std.dev: (1, 1115)
[0000][PE] mean and std.dev: (240.12, 268.65)
[0000][PE] low and high boundaries for proper pairs: (1, 1457)
[0000][PE] skip orientation FF
[0000][PE] skip orientation RF
[0000][PE] skip orientation RR
[0000] 3. Calling kt_for - worker_sam
	[0000][ M::mem_process_seqs] Processed 3304278 reads in 734.632 CPU sec, 19.170 real sec
[0000] Calling mem_process_seqs.., task: 2
[0000] 1. Calling kt_for - worker_bwt
[0000] 2. Calling kt_for - worker_aln
[0000] Inferring insert size distribution of PE reads from data, l_pac: 689690477, n: 1715454
[0000] read_chunk: 400000000, work_chunk_size: 0, nseq: 0
[0000][PE] # candidate unique pairs for (FF, FR, RF, RR): (34, 688539, 45, 30)
[0000][PE] analyzing insert size distribution for orientation FF...
[0000][PE] (25, 50, 75) percentile: (67, 132, 240)
[0000][PE] low and high boundaries for computing mean and std.dev: (1, 586)
[0000][PE] mean and std.dev: (169.91, 131.64)
[0000][PE] low and high boundaries for proper pairs: (1, 759)
[0000][PE] analyzing insert size distribution for orientation FR...
[0000][PE] (25, 50, 75) percentile: (92, 136, 194)
[0000][PE] low and high boundaries for computing mean and std.dev: (1, 398)
[0000][PE] mean and std.dev: (149.36, 75.82)
[0000][PE] low and high boundaries for proper pairs: (1, 500)
[0000][PE] analyzing insert size distribution for orientation RF...
[0000][PE] (25, 50, 75) percentile: (51, 359, 1072)
[0000][PE] low and high boundaries for computing mean and std.dev: (1, 3114)
[0000][PE] mean and std.dev: (491.21, 672.66)
[0000][PE] low and high boundaries for proper pairs: (1, 4135)
[0000][PE] analyzing insert size distribution for orientation RR...
[0000][PE] (25, 50, 75) percentile: (110, 150, 433)
[0000][PE] low and high boundaries for computing mean and std.dev: (1, 1079)
[0000][PE] mean and std.dev: (239.07, 235.98)
[0000][PE] low and high boundaries for proper pairs: (1, 1402)
[0000][PE] skip orientation FF
[0000][PE] skip orientation RF
[0000][PE] skip orientation RR
[0000] 3. Calling kt_for - worker_sam
	[0000][ M::mem_process_seqs] Processed 1715454 reads in 395.759 CPU sec, 10.705 real sec
[0000] read_chunk: 400000000, work_chunk_size: 0, nseq: 0
[0000] Computation ends..
No. of OMP threads: 40
Processor is running @2394.732008 MHz
Runtime profile:

	Time taken for main_mem function: 90.52 sec

	IO times (sec) :
	Reading IO time (reads) avg: 22.06, (22.06, 22.06)
	Writing IO time (SAM) avg: 10.00, (10.00, 10.00)
	Reading IO time (Reference Genome) avg: 0.55, (0.55, 0.55)
	Index read time avg: 0.22, (0.22, 0.22)

	Overall time (sec) (Excluding Index reading time):
	PROCESS() (Total compute time + (read + SAM) IO time) : 89.71
	MEM_PROCESS_SEQ() (Total compute time (Kernel + SAM)), avg: 49.10, (49.10, 49.10)

	 SAM Processing time (sec):
	--WORKER_SAM avg: 23.51, (23.51, 23.51)

	Kernels' compute time (sec):
	Total kernel (smem+sal+bsw) time avg: 24.63, (24.63, 24.63)
		MEM_ALN_CHAIN_FLT avg: 0.00, (0.00, 0.00)
		MEM_ALN_CHAIN_SEED avg: 0.00, (0.00, 0.00)
		ERT_SEED_CHAIN avg: 0.00, (0.00, 0.00)
	LEARNED_SEED_CHAIN avg: 11.03, (11.06, 11.00)
		SMEM compute avg: 0.00, (0.00, 0.00)
		SAL compute avg: 0.00, (0.00, 0.00)
				MEM_SA avg: 0.00, (0.00, 0.00)

		BSW time, avg: 13.04, (13.16, 12.93)

Important parameter settings: 
	BATCH_SIZE: 512
	MAX_SEQ_LEN_REF: 256
	MAX_SEQ_LEN_QER: 128
	MAX_SEQ_LEN8: 128
	SEEDS_PER_READ: 500
	SIMD_WIDTH8 X: 64
	SIMD_WIDTH16 X: 32
	AVG_SEEDS_PER_READ: 64
