Looking to launch executable "/opt/conda/bin/bwa-meme_mode3.avx512bw", simd = _mode3.avx512bw
Launching executable "/opt/conda/bin/bwa-meme_mode3.avx512bw"
-----------------------------
Executing in AVX512 mode!!
-----------------------------
* SA compression enabled with xfactor: 8
* Ref file: reference.genbank.Zdi.fasta
* Entering FMI_search
Reading other elements of the index from files reference.genbank.Zdi.fasta
* Index prefix: reference.genbank.Zdi.fasta
* Read 0 ALT contigs
* Reading reference genome..
* Binary seq file = reference.genbank.Zdi.fasta.0123
* Reference genome size: 1379380954 bp
* Done reading reference genome !!

------------------------------------------
1. Memory pre-allocation for Chaining: 5679.4903 MB
2. Memory pre-allocation for BSW: 9584.6810 MB
[M::memoryAllocLearned::MEME] Reading Learned-index models into memory
[Learned-Config] MODE:3 SEARCH_METHOD: 1 MEM_TRADEOFF:1 EXPONENTIAL_SMEMSEARCH: 1 DEBUG_MODE:0 Num 2nd Models:268435456 PWL Bits Used:28
[M::memoryAllocLearned::MEME] Loading RMI model and Pac reference file took 10.074 sec
[M::memoryAllocLearned::MEME] Reading suffix array into memory
[M::memoryAllocLearned::MEME] Loading pos_packed file took 12.840 sec
[M::memoryAllocLearned::MEME] Generating SA, 64-bit Suffix and ISA in memory
[M::memoryAllocLearned::MEME] Runtime-build-index took 14.249 sec
3. Memory pre-allocation for BWT: 7540.2955 MB
------------------------------------------
* Threads used (compute): 40
* No. of pipeline threads: 2

[0000] read_chunk: 400000000, work_chunk_size: 400000013, nseq: 4822620
	[0000][ M::kt_pipeline] read 4822620 sequences (400000013 bp)...
[0000] Reallocating initial memory allocations!!
[0000] Calling mem_process_seqs.., task: 0
[0000] 1. Calling kt_for - worker_bwt
[0000] 2. Calling kt_for - worker_aln
[0000] Inferring insert size distribution of PE reads from data, l_pac: 689690477, n: 4822620
[0000][PE] # candidate unique pairs for (FF, FR, RF, RR): (115, 2154417, 12, 123)
[0000][PE] analyzing insert size distribution for orientation FF...
[0000][PE] (25, 50, 75) percentile: (25, 35, 61)
[0000][PE] low and high boundaries for computing mean and std.dev: (1, 133)
[0000][PE] mean and std.dev: (42.82, 25.77)
[0000][PE] low and high boundaries for proper pairs: (1, 169)
[0000][PE] analyzing insert size distribution for orientation FR...
[0000][PE] (25, 50, 75) percentile: (57, 76, 102)
[0000][PE] low and high boundaries for computing mean and std.dev: (1, 192)
[0000][PE] mean and std.dev: (81.50, 32.37)
[0000][PE] low and high boundaries for proper pairs: (1, 237)
[0000][PE] analyzing insert size distribution for orientation RF...
[0000][PE] (25, 50, 75) percentile: (73, 145, 379)
[0000][PE] low and high boundaries for computing mean and std.dev: (1, 991)
[0000][PE] mean and std.dev: (191.92, 171.09)
[0000][PE] low and high boundaries for proper pairs: (1, 1297)
[0000][PE] analyzing insert size distribution for orientation RR...
[0000][PE] (25, 50, 75) percentile: (26, 38, 62)
[0000][PE] low and high boundaries for computing mean and std.dev: (1, 134)
[0000][PE] mean and std.dev: (45.12, 23.53)
[0000][PE] low and high boundaries for proper pairs: (1, 170)
[0000][PE] skip orientation FF
[0000][PE] skip orientation RF
[0000][PE] skip orientation RR
[0000] 3. Calling kt_for - worker_sam
	[0000][ M::mem_process_seqs] Processed 4822620 reads in 262.058 CPU sec, 7.398 real sec
[0000] read_chunk: 400000000, work_chunk_size: 400000026, nseq: 4812408
	[0000][ M::kt_pipeline] read 4812408 sequences (400000026 bp)...
[0000] Calling mem_process_seqs.., task: 1
[0000] 1. Calling kt_for - worker_bwt
[0000] 2. Calling kt_for - worker_aln
[0000] Inferring insert size distribution of PE reads from data, l_pac: 689690477, n: 4812408
[0000][PE] # candidate unique pairs for (FF, FR, RF, RR): (123, 2140453, 14, 108)
[0000][PE] analyzing insert size distribution for orientation FF...
[0000][PE] (25, 50, 75) percentile: (24, 38, 61)
[0000][PE] low and high boundaries for computing mean and std.dev: (1, 135)
[0000][PE] mean and std.dev: (45.93, 27.83)
[0000][PE] low and high boundaries for proper pairs: (1, 172)
[0000][PE] analyzing insert size distribution for orientation FR...
[0000][PE] (25, 50, 75) percentile: (57, 76, 102)
[0000][PE] low and high boundaries for computing mean and std.dev: (1, 192)
[0000][PE] mean and std.dev: (81.49, 32.33)
[0000][PE] low and high boundaries for proper pairs: (1, 237)
[0000][PE] analyzing insert size distribution for orientation RF...
[0000][PE] (25, 50, 75) percentile: (32, 103, 652)
[0000][PE] low and high boundaries for computing mean and std.dev: (1, 1892)
[0000][PE] mean and std.dev: (300.69, 457.05)
[0000][PE] low and high boundaries for proper pairs: (1, 2512)
[0000][PE] analyzing insert size distribution for orientation RR...
[0000][PE] (25, 50, 75) percentile: (25, 38, 64)
[0000][PE] low and high boundaries for computing mean and std.dev: (1, 142)
[0000][PE] mean and std.dev: (47.28, 28.02)
[0000][PE] low and high boundaries for proper pairs: (1, 181)
[0000][PE] skip orientation FF
[0000][PE] skip orientation RF
[0000][PE] skip orientation RR
[0000] 3. Calling kt_for - worker_sam
	[0000][ M::mem_process_seqs] Processed 4812408 reads in 270.020 CPU sec, 7.563 real sec
[0000] read_chunk: 400000000, work_chunk_size: 400000087, nseq: 4810492
	[0000][ M::kt_pipeline] read 4810492 sequences (400000087 bp)...
[0000] Calling mem_process_seqs.., task: 2
[0000] 1. Calling kt_for - worker_bwt
[0000] 2. Calling kt_for - worker_aln
[0000] Inferring insert size distribution of PE reads from data, l_pac: 689690477, n: 4810492
[0000][PE] # candidate unique pairs for (FF, FR, RF, RR): (111, 2133167, 6, 115)
[0000][PE] analyzing insert size distribution for orientation FF...
[0000][PE] (25, 50, 75) percentile: (26, 38, 68)
[0000][PE] low and high boundaries for computing mean and std.dev: (1, 152)
[0000][PE] mean and std.dev: (45.42, 26.47)
[0000][PE] low and high boundaries for proper pairs: (1, 194)
[0000][PE] analyzing insert size distribution for orientation FR...
[0000][PE] (25, 50, 75) percentile: (57, 76, 102)
[0000][PE] low and high boundaries for computing mean and std.dev: (1, 192)
[0000][PE] mean and std.dev: (81.47, 32.36)
[0000][PE] low and high boundaries for proper pairs: (1, 237)
[0000][PE] skip orientation RF as there are not enough pairs
[0000][PE] analyzing insert size distribution for orientation RR...
[0000][PE] (25, 50, 75) percentile: (28, 40, 62)
[0000][PE] low and high boundaries for computing mean and std.dev: (1, 130)
[0000][PE] mean and std.dev: (47.51, 27.05)
[0000][PE] low and high boundaries for proper pairs: (1, 164)
[0000][PE] skip orientation FF
[0000][PE] skip orientation RR
[0000] 3. Calling kt_for - worker_sam
	[0000][ M::mem_process_seqs] Processed 4810492 reads in 274.287 CPU sec, 7.482 real sec
[0000] read_chunk: 400000000, work_chunk_size: 400000244, nseq: 4824386
	[0000][ M::kt_pipeline] read 4824386 sequences (400000244 bp)...
[0000] Reallocating initial memory allocations!!
[0000] Calling mem_process_seqs.., task: 3
[0000] 1. Calling kt_for - worker_bwt
[0000] 2. Calling kt_for - worker_aln
[0000] Inferring insert size distribution of PE reads from data, l_pac: 689690477, n: 4824386
[0000][PE] # candidate unique pairs for (FF, FR, RF, RR): (134, 2153866, 13, 123)
[0000][PE] analyzing insert size distribution for orientation FF...
[0000][PE] (25, 50, 75) percentile: (26, 40, 64)
[0000][PE] low and high boundaries for computing mean and std.dev: (1, 140)
[0000][PE] mean and std.dev: (46.21, 26.73)
[0000][PE] low and high boundaries for proper pairs: (1, 178)
[0000][PE] analyzing insert size distribution for orientation FR...
[0000][PE] (25, 50, 75) percentile: (57, 76, 102)
[0000][PE] low and high boundaries for computing mean and std.dev: (1, 192)
[0000][PE] mean and std.dev: (81.49, 32.34)
[0000][PE] low and high boundaries for proper pairs: (1, 237)
[0000][PE] analyzing insert size distribution for orientation RF...
[0000][PE] (25, 50, 75) percentile: (74, 124, 661)
[0000][PE] low and high boundaries for computing mean and std.dev: (1, 1835)
[0000][PE] mean and std.dev: (212.83, 258.93)
[0000][PE] low and high boundaries for proper pairs: (1, 2422)
[0000][PE] analyzing insert size distribution for orientation RR...
[0000][PE] (25, 50, 75) percentile: (28, 43, 66)
[0000][PE] low and high boundaries for computing mean and std.dev: (1, 142)
[0000][PE] mean and std.dev: (48.12, 25.90)
[0000][PE] low and high boundaries for proper pairs: (1, 180)
[0000][PE] skip orientation FF
[0000][PE] skip orientation RF
[0000][PE] skip orientation RR
[0000] 3. Calling kt_for - worker_sam
	[0000][ M::mem_process_seqs] Processed 4824386 reads in 262.096 CPU sec, 7.306 real sec
[0000] read_chunk: 400000000, work_chunk_size: 400000049, nseq: 4830888
	[0000][ M::kt_pipeline] read 4830888 sequences (400000049 bp)...
[0000] Reallocating initial memory allocations!!
[0000] read_chunk: 400000000, work_chunk_size: 2031092, nseq: 24368
	[0000][ M::kt_pipeline] read 24368 sequences (2031092 bp)...
[0000] Calling mem_process_seqs.., task: 4
[0000] 1. Calling kt_for - worker_bwt
[0000] 2. Calling kt_for - worker_aln
[0000] Inferring insert size distribution of PE reads from data, l_pac: 689690477, n: 4830888
[0000][PE] # candidate unique pairs for (FF, FR, RF, RR): (127, 2158302, 3, 119)
[0000][PE] analyzing insert size distribution for orientation FF...
[0000][PE] (25, 50, 75) percentile: (27, 39, 68)
[0000][PE] low and high boundaries for computing mean and std.dev: (1, 150)
[0000][PE] mean and std.dev: (49.50, 30.25)
[0000][PE] low and high boundaries for proper pairs: (1, 191)
[0000][PE] analyzing insert size distribution for orientation FR...
[0000][PE] (25, 50, 75) percentile: (57, 76, 101)
[0000][PE] low and high boundaries for computing mean and std.dev: (1, 189)
[0000][PE] mean and std.dev: (81.30, 32.14)
[0000][PE] low and high boundaries for proper pairs: (1, 233)
[0000][PE] skip orientation RF as there are not enough pairs
[0000][PE] analyzing insert size distribution for orientation RR...
[0000][PE] (25, 50, 75) percentile: (28, 43, 66)
[0000][PE] low and high boundaries for computing mean and std.dev: (1, 142)
[0000][PE] mean and std.dev: (48.78, 25.94)
[0000][PE] low and high boundaries for proper pairs: (1, 180)
[0000][PE] skip orientation FF
[0000][PE] skip orientation RR
[0000] 3. Calling kt_for - worker_sam
	[0000][ M::mem_process_seqs] Processed 4830888 reads in 253.962 CPU sec, 6.995 real sec
[0000] Calling mem_process_seqs.., task: 5
[0000] 1. Calling kt_for - worker_bwt
[0000] 2. Calling kt_for - worker_aln
[0000] Inferring insert size distribution of PE reads from data, l_pac: 689690477, n: 24368
[0000][PE] # candidate unique pairs for (FF, FR, RF, RR): (0, 10856, 0, 3)
[0000][PE] skip orientation FF as there are not enough pairs
[0000][PE] analyzing insert size distribution for orientation FR...
[0000][PE] (25, 50, 75) percentile: (57, 76, 103)
[0000][PE] low and high boundaries for computing mean and std.dev: (1, 195)
[0000][PE] mean and std.dev: (82.01, 32.74)
[0000][PE] low and high boundaries for proper pairs: (1, 241)
[0000][PE] skip orientation RF as there are not enough pairs
[0000][PE] skip orientation RR as there are not enough pairs
[0000] 3. Calling kt_for - worker_sam
	[0000][ M::mem_process_seqs] Processed 24368 reads in 2.041 CPU sec, 0.118 real sec
[0000] read_chunk: 400000000, work_chunk_size: 0, nseq: 0
[0000] read_chunk: 400000000, work_chunk_size: 0, nseq: 0
[0000] Computation ends..
No. of OMP threads: 40
Processor is running @2394.725804 MHz
Runtime profile:

	Time taken for main_mem function: 99.92 sec

	IO times (sec) :
	Reading IO time (reads) avg: 52.59, (52.59, 52.59)
	Writing IO time (SAM) avg: 13.25, (13.25, 13.25)
	Reading IO time (Reference Genome) avg: 0.57, (0.57, 0.57)
	Index read time avg: 0.22, (0.22, 0.22)

	Overall time (sec) (Excluding Index reading time):
	PROCESS() (Total compute time + (read + SAM) IO time) : 99.09
	MEM_PROCESS_SEQ() (Total compute time (Kernel + SAM)), avg: 36.86, (36.86, 36.86)

	 SAM Processing time (sec):
	--WORKER_SAM avg: 9.95, (9.95, 9.95)

	Kernels' compute time (sec):
	Total kernel (smem+sal+bsw) time avg: 24.59, (24.59, 24.59)
		MEM_ALN_CHAIN_FLT avg: 0.00, (0.00, 0.00)
		MEM_ALN_CHAIN_SEED avg: 0.00, (0.00, 0.00)
		ERT_SEED_CHAIN avg: 0.00, (0.00, 0.00)
	LEARNED_SEED_CHAIN avg: 12.50, (12.56, 12.46)
		SMEM compute avg: 0.00, (0.00, 0.00)
		SAL compute avg: 0.00, (0.00, 0.00)
				MEM_SA avg: 0.00, (0.00, 0.00)

		BSW time, avg: 11.28, (11.45, 11.09)

Important parameter settings: 
	BATCH_SIZE: 512
	MAX_SEQ_LEN_REF: 256
	MAX_SEQ_LEN_QER: 128
	MAX_SEQ_LEN8: 128
	SEEDS_PER_READ: 500
	SIMD_WIDTH8 X: 64
	SIMD_WIDTH16 X: 32
	AVG_SEEDS_PER_READ: 64
