Looking to launch executable "/opt/conda/bin/bwa-meme_mode3.avx512bw", simd = _mode3.avx512bw
Launching executable "/opt/conda/bin/bwa-meme_mode3.avx512bw"
-----------------------------
Executing in AVX512 mode!!
-----------------------------
* SA compression enabled with xfactor: 8
* Ref file: reference.genbank.Zdi.fasta
* Entering FMI_search
Reading other elements of the index from files reference.genbank.Zdi.fasta
* Index prefix: reference.genbank.Zdi.fasta
* Read 0 ALT contigs
* Reading reference genome..
* Binary seq file = reference.genbank.Zdi.fasta.0123
* Reference genome size: 1379380954 bp
* Done reading reference genome !!

------------------------------------------
1. Memory pre-allocation for Chaining: 5679.4903 MB
2. Memory pre-allocation for BSW: 9584.6810 MB
[M::memoryAllocLearned::MEME] Reading Learned-index models into memory
[Learned-Config] MODE:3 SEARCH_METHOD: 1 MEM_TRADEOFF:1 EXPONENTIAL_SMEMSEARCH: 1 DEBUG_MODE:0 Num 2nd Models:268435456 PWL Bits Used:28
[M::memoryAllocLearned::MEME] Loading RMI model and Pac reference file took 10.069 sec
[M::memoryAllocLearned::MEME] Reading suffix array into memory
[M::memoryAllocLearned::MEME] Loading pos_packed file took 12.810 sec
[M::memoryAllocLearned::MEME] Generating SA, 64-bit Suffix and ISA in memory
[M::memoryAllocLearned::MEME] Runtime-build-index took 14.249 sec
3. Memory pre-allocation for BWT: 7540.2955 MB
------------------------------------------
* Threads used (compute): 40
* No. of pipeline threads: 2

[0000] read_chunk: 400000000, work_chunk_size: 137309956, nseq: 1393134
	[0000][ M::kt_pipeline] read 1393134 sequences (137309956 bp)...
[0000] Calling mem_process_seqs.., task: 0
[0000] 1. Calling kt_for - worker_bwt
[0000] read_chunk: 400000000, work_chunk_size: 0, nseq: 0
[0000] 2. Calling kt_for - worker_aln
[0000] Inferring insert size distribution of PE reads from data, l_pac: 689690477, n: 1393134
[0000][PE] # candidate unique pairs for (FF, FR, RF, RR): (40, 510720, 17, 52)
[0000][PE] analyzing insert size distribution for orientation FF...
[0000][PE] (25, 50, 75) percentile: (37, 86, 121)
[0000][PE] low and high boundaries for computing mean and std.dev: (1, 289)
[0000][PE] mean and std.dev: (80.95, 47.51)
[0000][PE] low and high boundaries for proper pairs: (1, 373)
[0000][PE] analyzing insert size distribution for orientation FR...
[0000][PE] (25, 50, 75) percentile: (63, 94, 135)
[0000][PE] low and high boundaries for computing mean and std.dev: (1, 279)
[0000][PE] mean and std.dev: (102.90, 51.41)
[0000][PE] low and high boundaries for proper pairs: (1, 351)
[0000][PE] analyzing insert size distribution for orientation RF...
[0000][PE] (25, 50, 75) percentile: (83, 108, 877)
[0000][PE] low and high boundaries for computing mean and std.dev: (1, 2465)
[0000][PE] mean and std.dev: (405.35, 571.23)
[0000][PE] low and high boundaries for proper pairs: (1, 3259)
[0000][PE] analyzing insert size distribution for orientation RR...
[0000][PE] (25, 50, 75) percentile: (64, 93, 132)
[0000][PE] low and high boundaries for computing mean and std.dev: (1, 268)
[0000][PE] mean and std.dev: (94.00, 56.67)
[0000][PE] low and high boundaries for proper pairs: (1, 336)
[0000][PE] skip orientation FF
[0000][PE] skip orientation RF
[0000][PE] skip orientation RR
[0000] 3. Calling kt_for - worker_sam
	[0000][ M::mem_process_seqs] Processed 1393134 reads in 238.956 CPU sec, 6.446 real sec
[0000] read_chunk: 400000000, work_chunk_size: 0, nseq: 0
[0000] Computation ends..
No. of OMP threads: 40
Processor is running @2394.730362 MHz
Runtime profile:

	Time taken for main_mem function: 41.72 sec

	IO times (sec) :
	Reading IO time (reads) avg: 3.12, (3.12, 3.12)
	Writing IO time (SAM) avg: 0.98, (0.98, 0.98)
	Reading IO time (Reference Genome) avg: 0.56, (0.56, 0.56)
	Index read time avg: 0.23, (0.23, 0.23)

	Overall time (sec) (Excluding Index reading time):
	PROCESS() (Total compute time + (read + SAM) IO time) : 40.89
	MEM_PROCESS_SEQ() (Total compute time (Kernel + SAM)), avg: 6.44, (6.44, 6.44)

	 SAM Processing time (sec):
	--WORKER_SAM avg: 2.88, (2.88, 2.88)

	Kernels' compute time (sec):
	Total kernel (smem+sal+bsw) time avg: 3.42, (3.42, 3.42)
		MEM_ALN_CHAIN_FLT avg: 0.00, (0.00, 0.00)
		MEM_ALN_CHAIN_SEED avg: 0.00, (0.00, 0.00)
		ERT_SEED_CHAIN avg: 0.00, (0.00, 0.00)
	LEARNED_SEED_CHAIN avg: 1.47, (1.48, 1.45)
		SMEM compute avg: 0.00, (0.00, 0.00)
		SAL compute avg: 0.00, (0.00, 0.00)
				MEM_SA avg: 0.00, (0.00, 0.00)

		BSW time, avg: 1.82, (1.88, 1.77)

Important parameter settings: 
	BATCH_SIZE: 512
	MAX_SEQ_LEN_REF: 256
	MAX_SEQ_LEN_QER: 128
	MAX_SEQ_LEN8: 128
	SEEDS_PER_READ: 500
	SIMD_WIDTH8 X: 64
	SIMD_WIDTH16 X: 32
	AVG_SEEDS_PER_READ: 64
