Looking to launch executable "/opt/conda/bin/bwa-meme_mode3.avx512bw", simd = _mode3.avx512bw
Launching executable "/opt/conda/bin/bwa-meme_mode3.avx512bw"
-----------------------------
Executing in AVX512 mode!!
-----------------------------
* SA compression enabled with xfactor: 8
* Ref file: reference.genbank.Zdi.fasta
* Entering FMI_search
Reading other elements of the index from files reference.genbank.Zdi.fasta
* Index prefix: reference.genbank.Zdi.fasta
* Read 0 ALT contigs
* Reading reference genome..
* Binary seq file = reference.genbank.Zdi.fasta.0123
* Reference genome size: 1379380954 bp
* Done reading reference genome !!

------------------------------------------
1. Memory pre-allocation for Chaining: 5679.4903 MB
2. Memory pre-allocation for BSW: 9584.6810 MB
[M::memoryAllocLearned::MEME] Reading Learned-index models into memory
[Learned-Config] MODE:3 SEARCH_METHOD: 1 MEM_TRADEOFF:1 EXPONENTIAL_SMEMSEARCH: 1 DEBUG_MODE:0 Num 2nd Models:268435456 PWL Bits Used:28
[M::memoryAllocLearned::MEME] Loading RMI model and Pac reference file took 10.447 sec
[M::memoryAllocLearned::MEME] Reading suffix array into memory
[M::memoryAllocLearned::MEME] Loading pos_packed file took 13.518 sec
[M::memoryAllocLearned::MEME] Generating SA, 64-bit Suffix and ISA in memory
[M::memoryAllocLearned::MEME] Runtime-build-index took 11.962 sec
3. Memory pre-allocation for BWT: 7540.2955 MB
------------------------------------------
* Threads used (compute): 40
* No. of pipeline threads: 2

[0000] read_chunk: 400000000, work_chunk_size: 400000040, nseq: 5012098
	[0000][ M::kt_pipeline] read 5012098 sequences (400000040 bp)...
[0000] Reallocating initial memory allocations!!
[0000] Calling mem_process_seqs.., task: 0
[0000] 1. Calling kt_for - worker_bwt
[0000] 2. Calling kt_for - worker_aln
[0000] Inferring insert size distribution of PE reads from data, l_pac: 689690477, n: 5012098
[0000][PE] # candidate unique pairs for (FF, FR, RF, RR): (1948, 2024124, 3, 1980)
[0000][PE] analyzing insert size distribution for orientation FF...
[0000][PE] (25, 50, 75) percentile: (25, 34, 49)
[0000][PE] low and high boundaries for computing mean and std.dev: (1, 97)
[0000][PE] mean and std.dev: (38.41, 18.39)
[0000][PE] low and high boundaries for proper pairs: (1, 121)
[0000][PE] analyzing insert size distribution for orientation FR...
[0000][PE] (25, 50, 75) percentile: (53, 70, 92)
[0000][PE] low and high boundaries for computing mean and std.dev: (1, 170)
[0000][PE] mean and std.dev: (74.28, 28.56)
[0000][PE] low and high boundaries for proper pairs: (1, 209)
[0000][PE] skip orientation RF as there are not enough pairs
[0000][PE] analyzing insert size distribution for orientation RR...
[0000][PE] (25, 50, 75) percentile: (26, 33, 48)
[0000][PE] low and high boundaries for computing mean and std.dev: (1, 92)
[0000][PE] mean and std.dev: (37.67, 17.58)
[0000][PE] low and high boundaries for proper pairs: (1, 114)
[0000][PE] skip orientation FF
[0000][PE] skip orientation RR
[0000] 3. Calling kt_for - worker_sam
[0000] read_chunk: 400000000, work_chunk_size: 400000179, nseq: 4953958
	[0000][ M::kt_pipeline] read 4953958 sequences (400000179 bp)...
	[0000][ M::mem_process_seqs] Processed 5012098 reads in 357.697 CPU sec, 9.723 real sec
[0000] Calling mem_process_seqs.., task: 1
[0000] 1. Calling kt_for - worker_bwt
[0000] 2. Calling kt_for - worker_aln
[0000] Inferring insert size distribution of PE reads from data, l_pac: 689690477, n: 4953958
[0000][PE] # candidate unique pairs for (FF, FR, RF, RR): (1869, 1943247, 8, 1887)
[0000][PE] analyzing insert size distribution for orientation FF...
[0000][PE] (25, 50, 75) percentile: (25, 34, 48)
[0000][PE] low and high boundaries for computing mean and std.dev: (1, 94)
[0000][PE] mean and std.dev: (37.88, 18.18)
[0000][PE] low and high boundaries for proper pairs: (1, 117)
[0000][PE] analyzing insert size distribution for orientation FR...
[0000][PE] (25, 50, 75) percentile: (53, 70, 92)
[0000][PE] low and high boundaries for computing mean and std.dev: (1, 170)
[0000][PE] mean and std.dev: (74.34, 28.55)
[0000][PE] low and high boundaries for proper pairs: (1, 209)
[0000][PE] skip orientation RF as there are not enough pairs
[0000][PE] analyzing insert size distribution for orientation RR...
[0000][PE] (25, 50, 75) percentile: (25, 33, 48)
[0000][PE] low and high boundaries for computing mean and std.dev: (1, 94)
[0000][PE] mean and std.dev: (37.44, 17.66)
[0000][PE] low and high boundaries for proper pairs: (1, 117)
[0000][PE] skip orientation FF
[0000][PE] skip orientation RR
[0000] 3. Calling kt_for - worker_sam
	[0000][ M::mem_process_seqs] Processed 4953958 reads in 389.891 CPU sec, 10.893 real sec
[0000] read_chunk: 400000000, work_chunk_size: 400000154, nseq: 5023074
	[0000][ M::kt_pipeline] read 5023074 sequences (400000154 bp)...
[0000] Reallocating initial memory allocations!!
[0000] Calling mem_process_seqs.., task: 2
[0000] 1. Calling kt_for - worker_bwt
[0000] 2. Calling kt_for - worker_aln
[0000] read_chunk: 400000000, work_chunk_size: 400000117, nseq: 4941796
	[0000][ M::kt_pipeline] read 4941796 sequences (400000117 bp)...
[0000] Inferring insert size distribution of PE reads from data, l_pac: 689690477, n: 5023074
[0000][PE] # candidate unique pairs for (FF, FR, RF, RR): (1880, 2035372, 14, 2034)
[0000][PE] analyzing insert size distribution for orientation FF...
[0000][PE] (25, 50, 75) percentile: (26, 34, 50)
[0000][PE] low and high boundaries for computing mean and std.dev: (1, 98)
[0000][PE] mean and std.dev: (39.03, 18.69)
[0000][PE] low and high boundaries for proper pairs: (1, 122)
[0000][PE] analyzing insert size distribution for orientation FR...
[0000][PE] (25, 50, 75) percentile: (53, 70, 92)
[0000][PE] low and high boundaries for computing mean and std.dev: (1, 170)
[0000][PE] mean and std.dev: (74.26, 28.51)
[0000][PE] low and high boundaries for proper pairs: (1, 209)
[0000][PE] analyzing insert size distribution for orientation RF...
[0000][PE] (25, 50, 75) percentile: (33, 97, 370)
[0000][PE] low and high boundaries for computing mean and std.dev: (1, 1044)
[0000][PE] mean and std.dev: (157.25, 192.19)
[0000][PE] low and high boundaries for proper pairs: (1, 1381)
[0000][PE] analyzing insert size distribution for orientation RR...
[0000][PE] (25, 50, 75) percentile: (26, 34, 48)
[0000][PE] low and high boundaries for computing mean and std.dev: (1, 92)
[0000][PE] mean and std.dev: (38.16, 17.26)
[0000][PE] low and high boundaries for proper pairs: (1, 114)
[0000][PE] skip orientation FF
[0000][PE] skip orientation RF
[0000][PE] skip orientation RR
[0000] 3. Calling kt_for - worker_sam
	[0000][ M::mem_process_seqs] Processed 5023074 reads in 355.796 CPU sec, 9.714 real sec
[0000] Calling mem_process_seqs.., task: 3
[0000] 1. Calling kt_for - worker_bwt
[0000] 2. Calling kt_for - worker_aln
[0000] Inferring insert size distribution of PE reads from data, l_pac: 689690477, n: 4941796
[0000][PE] # candidate unique pairs for (FF, FR, RF, RR): (1852, 1927592, 17, 1901)
[0000][PE] analyzing insert size distribution for orientation FF...
[0000][PE] (25, 50, 75) percentile: (25, 33, 46)
[0000][PE] low and high boundaries for computing mean and std.dev: (1, 88)
[0000][PE] mean and std.dev: (36.27, 16.21)
[0000][PE] low and high boundaries for proper pairs: (1, 109)
[0000][PE] analyzing insert size distribution for orientation FR...
[0000][PE] (25, 50, 75) percentile: (53, 70, 92)
[0000][PE] low and high boundaries for computing mean and std.dev: (1, 170)
[0000][PE] mean and std.dev: (74.32, 28.57)
[0000][PE] low and high boundaries for proper pairs: (1, 209)
[0000][PE] analyzing insert size distribution for orientation RF...
[0000][PE] (25, 50, 75) percentile: (79, 172, 417)
[0000][PE] low and high boundaries for computing mean and std.dev: (1, 1093)
[0000][PE] mean and std.dev: (198.94, 207.31)
[0000][PE] low and high boundaries for proper pairs: (1, 1431)
[0000][PE] analyzing insert size distribution for orientation RR...
[0000][PE] (25, 50, 75) percentile: (26, 34, 47)
[0000][PE] low and high boundaries for computing mean and std.dev: (1, 89)
[0000][PE] mean and std.dev: (37.20, 16.46)
[0000][PE] low and high boundaries for proper pairs: (1, 110)
[0000][PE] skip orientation FF
[0000][PE] skip orientation RF
[0000][PE] skip orientation RR
[0000] 3. Calling kt_for - worker_sam
	[0000][ M::mem_process_seqs] Processed 4941796 reads in 410.830 CPU sec, 11.423 real sec
[0000] read_chunk: 400000000, work_chunk_size: 400000226, nseq: 4999640
	[0000][ M::kt_pipeline] read 4999640 sequences (400000226 bp)...
[0000] Calling mem_process_seqs.., task: 4
[0000] 1. Calling kt_for - worker_bwt
[0000] 2. Calling kt_for - worker_aln
[0000] Inferring insert size distribution of PE reads from data, l_pac: 689690477, n: 4999640
[0000][PE] # candidate unique pairs for (FF, FR, RF, RR): (1889, 1975839, 15, 1973)
[0000][PE] analyzing insert size distribution for orientation FF...
[0000][PE] (25, 50, 75) percentile: (25, 34, 50)
[0000][PE] low and high boundaries for computing mean and std.dev: (1, 100)
[0000][PE] mean and std.dev: (38.53, 19.22)
[0000][PE] low and high boundaries for proper pairs: (1, 125)
[0000][PE] analyzing insert size distribution for orientation FR...
[0000][PE] (25, 50, 75) percentile: (53, 70, 92)
[0000][PE] low and high boundaries for computing mean and std.dev: (1, 170)
[0000][PE] mean and std.dev: (74.27, 28.53)
[0000][PE] low and high boundaries for proper pairs: (1, 209)
[0000][PE] analyzing insert size distribution for orientation RF...
[0000][PE] (25, 50, 75) percentile: (19, 50, 94)
[0000][PE] low and high boundaries for computing mean and std.dev: (1, 244)
[0000][PE] mean and std.dev: (50.38, 46.82)
[0000][PE] low and high boundaries for proper pairs: (1, 319)
[0000][PE] analyzing insert size distribution for orientation RR...
[0000][PE] (25, 50, 75) percentile: (25, 33, 46)
[0000][PE] low and high boundaries for computing mean and std.dev: (1, 88)
[0000][PE] mean and std.dev: (36.13, 16.17)
[0000][PE] low and high boundaries for proper pairs: (1, 109)
[0000][PE] skip orientation FF
[0000][PE] skip orientation RF
[0000][PE] skip orientation RR
[0000] 3. Calling kt_for - worker_sam
	[0000][ M::mem_process_seqs] Processed 4999640 reads in 378.549 CPU sec, 10.341 real sec
[0000] read_chunk: 400000000, work_chunk_size: 400000045, nseq: 5029944
	[0000][ M::kt_pipeline] read 5029944 sequences (400000045 bp)...
[0000] Reallocating initial memory allocations!!
[0000] Calling mem_process_seqs.., task: 5
[0000] 1. Calling kt_for - worker_bwt
[0000] 2. Calling kt_for - worker_aln
[0000] read_chunk: 400000000, work_chunk_size: 349768102, nseq: 4395834
	[0000][ M::kt_pipeline] read 4395834 sequences (349768102 bp)...
[0000] Inferring insert size distribution of PE reads from data, l_pac: 689690477, n: 5029944
[0000][PE] # candidate unique pairs for (FF, FR, RF, RR): (1868, 2031259, 7, 2021)
[0000][PE] analyzing insert size distribution for orientation FF...
[0000][PE] (25, 50, 75) percentile: (26, 34, 47)
[0000][PE] low and high boundaries for computing mean and std.dev: (1, 89)
[0000][PE] mean and std.dev: (37.25, 16.54)
[0000][PE] low and high boundaries for proper pairs: (1, 110)
[0000][PE] analyzing insert size distribution for orientation FR...
[0000][PE] (25, 50, 75) percentile: (53, 70, 92)
[0000][PE] low and high boundaries for computing mean and std.dev: (1, 170)
[0000][PE] mean and std.dev: (74.25, 28.53)
[0000][PE] low and high boundaries for proper pairs: (1, 209)
[0000][PE] skip orientation RF as there are not enough pairs
[0000][PE] analyzing insert size distribution for orientation RR...
[0000][PE] (25, 50, 75) percentile: (26, 34, 49)
[0000][PE] low and high boundaries for computing mean and std.dev: (1, 95)
[0000][PE] mean and std.dev: (38.23, 17.98)
[0000][PE] low and high boundaries for proper pairs: (1, 118)
[0000][PE] skip orientation FF
[0000][PE] skip orientation RR
[0000] 3. Calling kt_for - worker_sam
	[0000][ M::mem_process_seqs] Processed 5029944 reads in 353.878 CPU sec, 9.656 real sec
[0000] Calling mem_process_seqs.., task: 6
[0000] 1. Calling kt_for - worker_bwt
[0000] 2. Calling kt_for - worker_aln
[0000] Inferring insert size distribution of PE reads from data, l_pac: 689690477, n: 4395834
[0000] read_chunk: 400000000, work_chunk_size: 0, nseq: 0
[0000][PE] # candidate unique pairs for (FF, FR, RF, RR): (1755, 1778137, 18, 1781)
[0000][PE] analyzing insert size distribution for orientation FF...
[0000][PE] (25, 50, 75) percentile: (26, 34, 49)
[0000][PE] low and high boundaries for computing mean and std.dev: (1, 95)
[0000][PE] mean and std.dev: (38.51, 18.49)
[0000][PE] low and high boundaries for proper pairs: (1, 118)
[0000][PE] analyzing insert size distribution for orientation FR...
[0000][PE] (25, 50, 75) percentile: (53, 70, 92)
[0000][PE] low and high boundaries for computing mean and std.dev: (1, 170)
[0000][PE] mean and std.dev: (74.24, 28.52)
[0000][PE] low and high boundaries for proper pairs: (1, 209)
[0000][PE] analyzing insert size distribution for orientation RF...
[0000][PE] (25, 50, 75) percentile: (18, 151, 191)
[0000][PE] low and high boundaries for computing mean and std.dev: (1, 537)
[0000][PE] mean and std.dev: (106.06, 90.60)
[0000][PE] low and high boundaries for proper pairs: (1, 710)
[0000][PE] analyzing insert size distribution for orientation RR...
[0000][PE] (25, 50, 75) percentile: (26, 34, 50)
[0000][PE] low and high boundaries for computing mean and std.dev: (1, 98)
[0000][PE] mean and std.dev: (38.85, 18.34)
[0000][PE] low and high boundaries for proper pairs: (1, 122)
[0000][PE] skip orientation FF
[0000][PE] skip orientation RF
[0000][PE] skip orientation RR
[0000] 3. Calling kt_for - worker_sam
	[0000][ M::mem_process_seqs] Processed 4395834 reads in 311.024 CPU sec, 8.830 real sec
[0000] read_chunk: 400000000, work_chunk_size: 0, nseq: 0
[0000] Computation ends..
No. of OMP threads: 40
Processor is running @2394.745452 MHz
Runtime profile:

	Time taken for main_mem function: 144.88 sec

	IO times (sec) :
	Reading IO time (reads) avg: 73.70, (73.70, 73.70)
	Writing IO time (SAM) avg: 30.43, (30.43, 30.43)
	Reading IO time (Reference Genome) avg: 0.66, (0.66, 0.66)
	Index read time avg: 0.24, (0.24, 0.24)

	Overall time (sec) (Excluding Index reading time):
	PROCESS() (Total compute time + (read + SAM) IO time) : 143.94
	MEM_PROCESS_SEQ() (Total compute time (Kernel + SAM)), avg: 70.57, (70.57, 70.57)

	 SAM Processing time (sec):
	--WORKER_SAM avg: 21.36, (21.36, 21.36)

	Kernels' compute time (sec):
	Total kernel (smem+sal+bsw) time avg: 45.76, (45.76, 45.76)
		MEM_ALN_CHAIN_FLT avg: 0.00, (0.00, 0.00)
		MEM_ALN_CHAIN_SEED avg: 0.00, (0.00, 0.00)
		ERT_SEED_CHAIN avg: 0.00, (0.00, 0.00)
	LEARNED_SEED_CHAIN avg: 20.79, (20.83, 20.74)
		SMEM compute avg: 0.00, (0.00, 0.00)
		SAL compute avg: 0.00, (0.00, 0.00)
				MEM_SA avg: 0.00, (0.00, 0.00)

		BSW time, avg: 23.42, (23.57, 23.20)

Important parameter settings: 
	BATCH_SIZE: 512
	MAX_SEQ_LEN_REF: 256
	MAX_SEQ_LEN_QER: 128
	MAX_SEQ_LEN8: 128
	SEEDS_PER_READ: 500
	SIMD_WIDTH8 X: 64
	SIMD_WIDTH16 X: 32
	AVG_SEEDS_PER_READ: 64
