Looking to launch executable "/opt/conda/bin/bwa-meme_mode3.avx512bw", simd = _mode3.avx512bw
Launching executable "/opt/conda/bin/bwa-meme_mode3.avx512bw"
-----------------------------
Executing in AVX512 mode!!
-----------------------------
* SA compression enabled with xfactor: 8
* Ref file: reference.genbank.Zdi.fasta
* Entering FMI_search
Reading other elements of the index from files reference.genbank.Zdi.fasta
* Index prefix: reference.genbank.Zdi.fasta
* Read 0 ALT contigs
* Reading reference genome..
* Binary seq file = reference.genbank.Zdi.fasta.0123
* Reference genome size: 1379380954 bp
* Done reading reference genome !!

------------------------------------------
1. Memory pre-allocation for Chaining: 5679.4903 MB
2. Memory pre-allocation for BSW: 9584.6810 MB
[M::memoryAllocLearned::MEME] Reading Learned-index models into memory
[Learned-Config] MODE:3 SEARCH_METHOD: 1 MEM_TRADEOFF:1 EXPONENTIAL_SMEMSEARCH: 1 DEBUG_MODE:0 Num 2nd Models:268435456 PWL Bits Used:28
[M::memoryAllocLearned::MEME] Loading RMI model and Pac reference file took 10.508 sec
[M::memoryAllocLearned::MEME] Reading suffix array into memory
[M::memoryAllocLearned::MEME] Loading pos_packed file took 13.604 sec
[M::memoryAllocLearned::MEME] Generating SA, 64-bit Suffix and ISA in memory
[M::memoryAllocLearned::MEME] Runtime-build-index took 16.138 sec
3. Memory pre-allocation for BWT: 7540.2955 MB
------------------------------------------
* Threads used (compute): 40
* No. of pipeline threads: 2

[0000] read_chunk: 400000000, work_chunk_size: 400000043, nseq: 5176124
	[0000][ M::kt_pipeline] read 5176124 sequences (400000043 bp)...
[0000] Reallocating initial memory allocations!!
[0000] Calling mem_process_seqs.., task: 0
[0000] 1. Calling kt_for - worker_bwt
[0000] 2. Calling kt_for - worker_aln
[0000] Inferring insert size distribution of PE reads from data, l_pac: 689690477, n: 5176124
[0000][PE] # candidate unique pairs for (FF, FR, RF, RR): (117, 2310359, 7, 113)
[0000][PE] analyzing insert size distribution for orientation FF...
[0000][PE] (25, 50, 75) percentile: (26, 35, 54)
[0000][PE] low and high boundaries for computing mean and std.dev: (1, 110)
[0000][PE] mean and std.dev: (39.69, 21.48)
[0000][PE] low and high boundaries for proper pairs: (1, 138)
[0000][PE] analyzing insert size distribution for orientation FR...
[0000][PE] (25, 50, 75) percentile: (54, 70, 92)
[0000][PE] low and high boundaries for computing mean and std.dev: (1, 168)
[0000][PE] mean and std.dev: (74.90, 28.00)
[0000][PE] low and high boundaries for proper pairs: (1, 206)
[0000][PE] skip orientation RF as there are not enough pairs
[0000][PE] analyzing insert size distribution for orientation RR...
[0000][PE] (25, 50, 75) percentile: (23, 36, 59)
[0000][PE] low and high boundaries for computing mean and std.dev: (1, 131)
[0000][PE] mean and std.dev: (42.56, 25.10)
[0000][PE] low and high boundaries for proper pairs: (1, 167)
[0000][PE] skip orientation FF
[0000][PE] skip orientation RR
[0000] 3. Calling kt_for - worker_sam
[0000] read_chunk: 400000000, work_chunk_size: 400000069, nseq: 5178534
	[0000][ M::kt_pipeline] read 5178534 sequences (400000069 bp)...
	[0000][ M::mem_process_seqs] Processed 5176124 reads in 248.245 CPU sec, 6.967 real sec
[0000] Reallocating initial memory allocations!!
[0000] Calling mem_process_seqs.., task: 1
[0000] 1. Calling kt_for - worker_bwt
[0000] 2. Calling kt_for - worker_aln
[0000] Inferring insert size distribution of PE reads from data, l_pac: 689690477, n: 5178534
[0000][PE] # candidate unique pairs for (FF, FR, RF, RR): (130, 2308840, 7, 105)
[0000][PE] analyzing insert size distribution for orientation FF...
[0000][PE] (25, 50, 75) percentile: (24, 36, 52)
[0000][PE] low and high boundaries for computing mean and std.dev: (1, 108)
[0000][PE] mean and std.dev: (38.22, 19.00)
[0000][PE] low and high boundaries for proper pairs: (1, 136)
[0000][PE] analyzing insert size distribution for orientation FR...
[0000][PE] (25, 50, 75) percentile: (53, 70, 92)
[0000][PE] low and high boundaries for computing mean and std.dev: (1, 170)
[0000][PE] mean and std.dev: (74.95, 28.15)
[0000][PE] low and high boundaries for proper pairs: (1, 209)
[0000][PE] skip orientation RF as there are not enough pairs
[0000][PE] analyzing insert size distribution for orientation RR...
[0000][PE] (25, 50, 75) percentile: (24, 34, 52)
[0000][PE] low and high boundaries for computing mean and std.dev: (1, 108)
[0000][PE] mean and std.dev: (38.06, 19.10)
[0000][PE] low and high boundaries for proper pairs: (1, 136)
[0000][PE] skip orientation FF
[0000][PE] skip orientation RR
[0000] 3. Calling kt_for - worker_sam
	[0000][ M::mem_process_seqs] Processed 5178534 reads in 249.632 CPU sec, 6.786 real sec
[0000] read_chunk: 400000000, work_chunk_size: 400000234, nseq: 5184028
	[0000][ M::kt_pipeline] read 5184028 sequences (400000234 bp)...
[0000] Reallocating initial memory allocations!!
[0000] Calling mem_process_seqs.., task: 2
[0000] 1. Calling kt_for - worker_bwt
[0000] read_chunk: 400000000, work_chunk_size: 81929692, nseq: 1063860
	[0000][ M::kt_pipeline] read 1063860 sequences (81929692 bp)...
[0000] 2. Calling kt_for - worker_aln
[0000] Inferring insert size distribution of PE reads from data, l_pac: 689690477, n: 5184028
[0000][PE] # candidate unique pairs for (FF, FR, RF, RR): (141, 2317671, 6, 99)
[0000][PE] analyzing insert size distribution for orientation FF...
[0000][PE] (25, 50, 75) percentile: (24, 38, 58)
[0000][PE] low and high boundaries for computing mean and std.dev: (1, 126)
[0000][PE] mean and std.dev: (41.90, 23.66)
[0000][PE] low and high boundaries for proper pairs: (1, 160)
[0000][PE] analyzing insert size distribution for orientation FR...
[0000][PE] (25, 50, 75) percentile: (53, 70, 92)
[0000][PE] low and high boundaries for computing mean and std.dev: (1, 170)
[0000][PE] mean and std.dev: (74.97, 28.17)
[0000][PE] low and high boundaries for proper pairs: (1, 209)
[0000][PE] skip orientation RF as there are not enough pairs
[0000][PE] analyzing insert size distribution for orientation RR...
[0000][PE] (25, 50, 75) percentile: (24, 33, 51)
[0000][PE] low and high boundaries for computing mean and std.dev: (1, 105)
[0000][PE] mean and std.dev: (38.97, 21.91)
[0000][PE] low and high boundaries for proper pairs: (1, 132)
[0000][PE] skip orientation FF
[0000][PE] skip orientation RR
[0000] 3. Calling kt_for - worker_sam
	[0000][ M::mem_process_seqs] Processed 5184028 reads in 240.455 CPU sec, 6.575 real sec
[0000] Calling mem_process_seqs.., task: 3
[0000] 1. Calling kt_for - worker_bwt
[0000] 2. Calling kt_for - worker_aln
[0000] Inferring insert size distribution of PE reads from data, l_pac: 689690477, n: 1063860
[0000][PE] # candidate unique pairs for (FF, FR, RF, RR): (21, 476550, 2, 12)
[0000][PE] analyzing insert size distribution for orientation FF...
[0000][PE] (25, 50, 75) percentile: (25, 35, 68)
[0000][PE] low and high boundaries for computing mean and std.dev: (1, 154)
[0000][PE] mean and std.dev: (44.90, 30.28)
[0000][PE] low and high boundaries for proper pairs: (1, 197)
[0000][PE] analyzing insert size distribution for orientation FR...
[0000][PE] (25, 50, 75) percentile: (53, 70, 92)
[0000][PE] low and high boundaries for computing mean and std.dev: (1, 170)
[0000][PE] mean and std.dev: (74.94, 28.12)
[0000][PE] low and high boundaries for proper pairs: (1, 209)
[0000][PE] skip orientation RF as there are not enough pairs
[0000][PE] analyzing insert size distribution for orientation RR...
[0000][PE] (25, 50, 75) percentile: (21, 31, 44)
[0000][PE] low and high boundaries for computing mean and std.dev: (1, 90)
[0000][PE] mean and std.dev: (30.50, 14.45)
[0000][PE] low and high boundaries for proper pairs: (1, 113)
[0000][PE] skip orientation FF
[0000][PE] skip orientation RR
[0000] 3. Calling kt_for - worker_sam
	[0000][ M::mem_process_seqs] Processed 1063860 reads in 50.150 CPU sec, 1.531 real sec
[0000] read_chunk: 400000000, work_chunk_size: 0, nseq: 0
[0000] read_chunk: 400000000, work_chunk_size: 0, nseq: 0
[0000] Computation ends..
No. of OMP threads: 40
Processor is running @2394.724010 MHz
Runtime profile:

	Time taken for main_mem function: 80.43 sec

	IO times (sec) :
	Reading IO time (reads) avg: 33.71, (33.71, 33.71)
	Writing IO time (SAM) avg: 8.31, (8.31, 8.31)
	Reading IO time (Reference Genome) avg: 0.63, (0.63, 0.63)
	Index read time avg: 0.24, (0.24, 0.24)

	Overall time (sec) (Excluding Index reading time):
	PROCESS() (Total compute time + (read + SAM) IO time) : 79.51
	MEM_PROCESS_SEQ() (Total compute time (Kernel + SAM)), avg: 21.86, (21.86, 21.86)

	 SAM Processing time (sec):
	--WORKER_SAM avg: 5.72, (5.72, 5.72)

	Kernels' compute time (sec):
	Total kernel (smem+sal+bsw) time avg: 14.58, (14.58, 14.58)
		MEM_ALN_CHAIN_FLT avg: 0.00, (0.00, 0.00)
		MEM_ALN_CHAIN_SEED avg: 0.00, (0.00, 0.00)
		ERT_SEED_CHAIN avg: 0.00, (0.00, 0.00)
	LEARNED_SEED_CHAIN avg: 7.60, (7.62, 7.57)
		SMEM compute avg: 0.00, (0.00, 0.00)
		SAL compute avg: 0.00, (0.00, 0.00)
				MEM_SA avg: 0.00, (0.00, 0.00)

		BSW time, avg: 6.59, (6.64, 6.49)

Important parameter settings: 
	BATCH_SIZE: 512
	MAX_SEQ_LEN_REF: 256
	MAX_SEQ_LEN_QER: 128
	MAX_SEQ_LEN8: 128
	SEEDS_PER_READ: 500
	SIMD_WIDTH8 X: 64
	SIMD_WIDTH16 X: 32
	AVG_SEEDS_PER_READ: 64
