Looking to launch executable "/opt/conda/bin/bwa-meme_mode3.avx512bw", simd = _mode3.avx512bw
Launching executable "/opt/conda/bin/bwa-meme_mode3.avx512bw"
-----------------------------
Executing in AVX512 mode!!
-----------------------------
* SA compression enabled with xfactor: 8
* Ref file: reference.genbank.Zdi.fasta
* Entering FMI_search
Reading other elements of the index from files reference.genbank.Zdi.fasta
* Index prefix: reference.genbank.Zdi.fasta
* Read 0 ALT contigs
* Reading reference genome..
* Binary seq file = reference.genbank.Zdi.fasta.0123
* Reference genome size: 1379380954 bp
* Done reading reference genome !!

------------------------------------------
1. Memory pre-allocation for Chaining: 5679.4903 MB
2. Memory pre-allocation for BSW: 9584.6810 MB
[M::memoryAllocLearned::MEME] Reading Learned-index models into memory
[Learned-Config] MODE:3 SEARCH_METHOD: 1 MEM_TRADEOFF:1 EXPONENTIAL_SMEMSEARCH: 1 DEBUG_MODE:0 Num 2nd Models:268435456 PWL Bits Used:28
[M::memoryAllocLearned::MEME] Loading RMI model and Pac reference file took 10.501 sec
[M::memoryAllocLearned::MEME] Reading suffix array into memory
[M::memoryAllocLearned::MEME] Loading pos_packed file took 13.576 sec
[M::memoryAllocLearned::MEME] Generating SA, 64-bit Suffix and ISA in memory
[M::memoryAllocLearned::MEME] Runtime-build-index took 16.098 sec
3. Memory pre-allocation for BWT: 7540.2955 MB
------------------------------------------
* Threads used (compute): 40
* No. of pipeline threads: 2

[0000] read_chunk: 400000000, work_chunk_size: 400000003, nseq: 3619722
	[0000][ M::kt_pipeline] read 3619722 sequences (400000003 bp)...
[0000] Reallocating initial memory allocations!!
[0000] Calling mem_process_seqs.., task: 0
[0000] 1. Calling kt_for - worker_bwt
[0000] read_chunk: 400000000, work_chunk_size: 177369586, nseq: 1602520
	[0000][ M::kt_pipeline] read 1602520 sequences (177369586 bp)...
[0000] 2. Calling kt_for - worker_aln
[0000] Inferring insert size distribution of PE reads from data, l_pac: 689690477, n: 3619722
[0000][PE] # candidate unique pairs for (FF, FR, RF, RR): (54, 1411120, 63, 59)
[0000][PE] analyzing insert size distribution for orientation FF...
[0000][PE] (25, 50, 75) percentile: (85, 149, 243)
[0000][PE] low and high boundaries for computing mean and std.dev: (1, 559)
[0000][PE] mean and std.dev: (148.40, 118.65)
[0000][PE] low and high boundaries for proper pairs: (1, 717)
[0000][PE] analyzing insert size distribution for orientation FR...
[0000][PE] (25, 50, 75) percentile: (75, 112, 161)
[0000][PE] low and high boundaries for computing mean and std.dev: (1, 333)
[0000][PE] mean and std.dev: (123.05, 62.77)
[0000][PE] low and high boundaries for proper pairs: (1, 419)
[0000][PE] analyzing insert size distribution for orientation RF...
[0000][PE] (25, 50, 75) percentile: (44, 141, 477)
[0000][PE] low and high boundaries for computing mean and std.dev: (1, 1343)
[0000][PE] mean and std.dev: (203.11, 284.60)
[0000][PE] low and high boundaries for proper pairs: (1, 1776)
[0000][PE] analyzing insert size distribution for orientation RR...
[0000][PE] (25, 50, 75) percentile: (90, 129, 275)
[0000][PE] low and high boundaries for computing mean and std.dev: (1, 645)
[0000][PE] mean and std.dev: (146.33, 111.83)
[0000][PE] low and high boundaries for proper pairs: (1, 830)
[0000][PE] skip orientation FF
[0000][PE] skip orientation RF
[0000][PE] skip orientation RR
[0000] 3. Calling kt_for - worker_sam
	[0000][ M::mem_process_seqs] Processed 3619722 reads in 664.529 CPU sec, 17.232 real sec
[0000] Calling mem_process_seqs.., task: 1
[0000] 1. Calling kt_for - worker_bwt
[0000] 2. Calling kt_for - worker_aln
[0000] Inferring insert size distribution of PE reads from data, l_pac: 689690477, n: 1602520
[0000][PE] # candidate unique pairs for (FF, FR, RF, RR): (23, 619391, 14, 21)
[0000][PE] analyzing insert size distribution for orientation FF...
[0000][PE] (25, 50, 75) percentile: (110, 155, 218)
[0000][PE] low and high boundaries for computing mean and std.dev: (1, 434)
[0000][PE] mean and std.dev: (159.22, 75.55)
[0000][PE] low and high boundaries for proper pairs: (1, 542)
[0000][PE] analyzing insert size distribution for orientation FR...
[0000][PE] (25, 50, 75) percentile: (75, 112, 160)
[0000][PE] low and high boundaries for computing mean and std.dev: (1, 330)
[0000][PE] mean and std.dev: (122.76, 62.46)
[0000][PE] low and high boundaries for proper pairs: (1, 415)
[0000][PE] analyzing insert size distribution for orientation RF...
[0000][PE] (25, 50, 75) percentile: (156, 525, 868)
[0000][PE] low and high boundaries for computing mean and std.dev: (1, 2292)
[0000][PE] mean and std.dev: (545.08, 599.48)
[0000][PE] low and high boundaries for proper pairs: (1, 3004)
[0000][PE] analyzing insert size distribution for orientation RR...
[0000][PE] (25, 50, 75) percentile: (96, 118, 228)
[0000][PE] low and high boundaries for computing mean and std.dev: (1, 492)
[0000][PE] mean and std.dev: (127.37, 69.24)
[0000][PE] low and high boundaries for proper pairs: (1, 624)
[0000][PE] skip orientation FF
[0000][PE] skip orientation RF
[0000][PE] skip orientation RR
[0000] 3. Calling kt_for - worker_sam
[0000] read_chunk: 400000000, work_chunk_size: 0, nseq: 0
	[0000][ M::mem_process_seqs] Processed 1602520 reads in 305.146 CPU sec, 8.230 real sec
[0000] read_chunk: 400000000, work_chunk_size: 0, nseq: 0
[0000] Computation ends..
No. of OMP threads: 40
Processor is running @2394.720326 MHz
Runtime profile:

	Time taken for main_mem function: 69.48 sec

	IO times (sec) :
	Reading IO time (reads) avg: 12.48, (12.48, 12.48)
	Writing IO time (SAM) avg: 6.14, (6.14, 6.14)
	Reading IO time (Reference Genome) avg: 0.65, (0.65, 0.65)
	Index read time avg: 0.24, (0.24, 0.24)

	Overall time (sec) (Excluding Index reading time):
	PROCESS() (Total compute time + (read + SAM) IO time) : 68.54
	MEM_PROCESS_SEQ() (Total compute time (Kernel + SAM)), avg: 25.46, (25.46, 25.46)

	 SAM Processing time (sec):
	--WORKER_SAM avg: 11.86, (11.86, 11.86)

	Kernels' compute time (sec):
	Total kernel (smem+sal+bsw) time avg: 13.03, (13.03, 13.03)
		MEM_ALN_CHAIN_FLT avg: 0.00, (0.00, 0.00)
		MEM_ALN_CHAIN_SEED avg: 0.00, (0.00, 0.00)
		ERT_SEED_CHAIN avg: 0.00, (0.00, 0.00)
	LEARNED_SEED_CHAIN avg: 5.67, (5.70, 5.64)
		SMEM compute avg: 0.00, (0.00, 0.00)
		SAL compute avg: 0.00, (0.00, 0.00)
				MEM_SA avg: 0.00, (0.00, 0.00)

		BSW time, avg: 7.08, (7.13, 7.01)

Important parameter settings: 
	BATCH_SIZE: 512
	MAX_SEQ_LEN_REF: 256
	MAX_SEQ_LEN_QER: 128
	MAX_SEQ_LEN8: 128
	SEEDS_PER_READ: 500
	SIMD_WIDTH8 X: 64
	SIMD_WIDTH16 X: 32
	AVG_SEEDS_PER_READ: 64
