Looking to launch executable "/opt/conda/bin/bwa-meme_mode3.avx512bw", simd = _mode3.avx512bw
Launching executable "/opt/conda/bin/bwa-meme_mode3.avx512bw"
-----------------------------
Executing in AVX512 mode!!
-----------------------------
* SA compression enabled with xfactor: 8
* Ref file: reference.genbank.Zdi.fasta
* Entering FMI_search
Reading other elements of the index from files reference.genbank.Zdi.fasta
* Index prefix: reference.genbank.Zdi.fasta
* Read 0 ALT contigs
* Reading reference genome..
* Binary seq file = reference.genbank.Zdi.fasta.0123
* Reference genome size: 1379380954 bp
* Done reading reference genome !!

------------------------------------------
1. Memory pre-allocation for Chaining: 5679.4903 MB
2. Memory pre-allocation for BSW: 9584.6810 MB
[M::memoryAllocLearned::MEME] Reading Learned-index models into memory
[Learned-Config] MODE:3 SEARCH_METHOD: 1 MEM_TRADEOFF:1 EXPONENTIAL_SMEMSEARCH: 1 DEBUG_MODE:0 Num 2nd Models:268435456 PWL Bits Used:28
[M::memoryAllocLearned::MEME] Loading RMI model and Pac reference file took 10.919 sec
[M::memoryAllocLearned::MEME] Reading suffix array into memory
[M::memoryAllocLearned::MEME] Loading pos_packed file took 15.673 sec
[M::memoryAllocLearned::MEME] Generating SA, 64-bit Suffix and ISA in memory
[M::memoryAllocLearned::MEME] Runtime-build-index took 14.315 sec
3. Memory pre-allocation for BWT: 7540.2955 MB
------------------------------------------
* Threads used (compute): 40
* No. of pipeline threads: 2

[0000] read_chunk: 400000000, work_chunk_size: 382067285, nseq: 4070294
	[0000][ M::kt_pipeline] read 4070294 sequences (382067285 bp)...
[0000] Reallocating initial memory allocations!!
[0000] read_chunk: 400000000, work_chunk_size: 0, nseq: 0
[0000] Calling mem_process_seqs.., task: 0
[0000] 1. Calling kt_for - worker_bwt
[0000] 2. Calling kt_for - worker_aln
[0000] Inferring insert size distribution of PE reads from data, l_pac: 689690477, n: 4070294
[0000][PE] # candidate unique pairs for (FF, FR, RF, RR): (541, 1469768, 7, 419)
[0000][PE] analyzing insert size distribution for orientation FF...
[0000][PE] (25, 50, 75) percentile: (32, 50, 71)
[0000][PE] low and high boundaries for computing mean and std.dev: (1, 149)
[0000][PE] mean and std.dev: (52.69, 27.46)
[0000][PE] low and high boundaries for proper pairs: (1, 188)
[0000][PE] analyzing insert size distribution for orientation FR...
[0000][PE] (25, 50, 75) percentile: (65, 85, 110)
[0000][PE] low and high boundaries for computing mean and std.dev: (1, 200)
[0000][PE] mean and std.dev: (89.42, 32.46)
[0000][PE] low and high boundaries for proper pairs: (1, 245)
[0000][PE] skip orientation RF as there are not enough pairs
[0000][PE] analyzing insert size distribution for orientation RR...
[0000][PE] (25, 50, 75) percentile: (33, 49, 72)
[0000][PE] low and high boundaries for computing mean and std.dev: (1, 150)
[0000][PE] mean and std.dev: (52.60, 26.32)
[0000][PE] low and high boundaries for proper pairs: (1, 189)
[0000][PE] skip orientation FF
[0000][PE] skip orientation RR
[0000] 3. Calling kt_for - worker_sam
	[0000][ M::mem_process_seqs] Processed 4070294 reads in 302.207 CPU sec, 8.051 real sec
[0000] read_chunk: 400000000, work_chunk_size: 0, nseq: 0
[0000] Computation ends..
No. of OMP threads: 40
Processor is running @2394.718570 MHz
Runtime profile:

	Time taken for main_mem function: 55.94 sec

	IO times (sec) :
	Reading IO time (reads) avg: 8.85, (8.85, 8.85)
	Writing IO time (SAM) avg: 2.03, (2.03, 2.03)
	Reading IO time (Reference Genome) avg: 0.63, (0.63, 0.63)
	Index read time avg: 0.24, (0.24, 0.24)

	Overall time (sec) (Excluding Index reading time):
	PROCESS() (Total compute time + (read + SAM) IO time) : 55.03
	MEM_PROCESS_SEQ() (Total compute time (Kernel + SAM)), avg: 8.05, (8.05, 8.05)

	 SAM Processing time (sec):
	--WORKER_SAM avg: 2.11, (2.11, 2.11)

	Kernels' compute time (sec):
	Total kernel (smem+sal+bsw) time avg: 5.61, (5.61, 5.61)
		MEM_ALN_CHAIN_FLT avg: 0.00, (0.00, 0.00)
		MEM_ALN_CHAIN_SEED avg: 0.00, (0.00, 0.00)
		ERT_SEED_CHAIN avg: 0.00, (0.00, 0.00)
	LEARNED_SEED_CHAIN avg: 3.06, (3.07, 3.05)
		SMEM compute avg: 0.00, (0.00, 0.00)
		SAL compute avg: 0.00, (0.00, 0.00)
				MEM_SA avg: 0.00, (0.00, 0.00)

		BSW time, avg: 2.45, (2.48, 2.39)

Important parameter settings: 
	BATCH_SIZE: 512
	MAX_SEQ_LEN_REF: 256
	MAX_SEQ_LEN_QER: 128
	MAX_SEQ_LEN8: 128
	SEEDS_PER_READ: 500
	SIMD_WIDTH8 X: 64
	SIMD_WIDTH16 X: 32
	AVG_SEEDS_PER_READ: 64
