Looking to launch executable "/opt/conda/bin/bwa-meme_mode3.avx512bw", simd = _mode3.avx512bw
Launching executable "/opt/conda/bin/bwa-meme_mode3.avx512bw"
-----------------------------
Executing in AVX512 mode!!
-----------------------------
* SA compression enabled with xfactor: 8
* Ref file: reference.genbank.Zdi.fasta
* Entering FMI_search
Reading other elements of the index from files reference.genbank.Zdi.fasta
* Index prefix: reference.genbank.Zdi.fasta
* Read 0 ALT contigs
* Reading reference genome..
* Binary seq file = reference.genbank.Zdi.fasta.0123
* Reference genome size: 1379380954 bp
* Done reading reference genome !!

------------------------------------------
1. Memory pre-allocation for Chaining: 5679.4903 MB
2. Memory pre-allocation for BSW: 9584.6810 MB
[M::memoryAllocLearned::MEME] Reading Learned-index models into memory
[Learned-Config] MODE:3 SEARCH_METHOD: 1 MEM_TRADEOFF:1 EXPONENTIAL_SMEMSEARCH: 1 DEBUG_MODE:0 Num 2nd Models:268435456 PWL Bits Used:28
[M::memoryAllocLearned::MEME] Loading RMI model and Pac reference file took 11.048 sec
[M::memoryAllocLearned::MEME] Reading suffix array into memory
[M::memoryAllocLearned::MEME] Loading pos_packed file took 15.914 sec
[M::memoryAllocLearned::MEME] Generating SA, 64-bit Suffix and ISA in memory
[M::memoryAllocLearned::MEME] Runtime-build-index took 14.319 sec
3. Memory pre-allocation for BWT: 7540.2955 MB
------------------------------------------
* Threads used (compute): 40
* No. of pipeline threads: 2

[0000] read_chunk: 400000000, work_chunk_size: 400000052, nseq: 3578526
	[0000][ M::kt_pipeline] read 3578526 sequences (400000052 bp)...
[0000] Reallocating initial memory allocations!!
[0000] Calling mem_process_seqs.., task: 0
[0000] 1. Calling kt_for - worker_bwt
[0000] read_chunk: 400000000, work_chunk_size: 96630031, nseq: 859060
	[0000][ M::kt_pipeline] read 859060 sequences (96630031 bp)...
[0000] 2. Calling kt_for - worker_aln
[0000] Inferring insert size distribution of PE reads from data, l_pac: 689690477, n: 3578526
[0000][PE] # candidate unique pairs for (FF, FR, RF, RR): (178, 1389664, 68, 183)
[0000][PE] analyzing insert size distribution for orientation FF...
[0000][PE] (25, 50, 75) percentile: (75, 120, 197)
[0000][PE] low and high boundaries for computing mean and std.dev: (1, 441)
[0000][PE] mean and std.dev: (129.04, 86.20)
[0000][PE] low and high boundaries for proper pairs: (1, 563)
[0000][PE] analyzing insert size distribution for orientation FR...
[0000][PE] (25, 50, 75) percentile: (79, 113, 154)
[0000][PE] low and high boundaries for computing mean and std.dev: (1, 304)
[0000][PE] mean and std.dev: (120.31, 54.88)
[0000][PE] low and high boundaries for proper pairs: (1, 379)
[0000][PE] analyzing insert size distribution for orientation RF...
[0000][PE] (25, 50, 75) percentile: (48, 286, 617)
[0000][PE] low and high boundaries for computing mean and std.dev: (1, 1755)
[0000][PE] mean and std.dev: (335.18, 402.46)
[0000][PE] low and high boundaries for proper pairs: (1, 2324)
[0000][PE] analyzing insert size distribution for orientation RR...
[0000][PE] (25, 50, 75) percentile: (78, 115, 163)
[0000][PE] low and high boundaries for computing mean and std.dev: (1, 333)
[0000][PE] mean and std.dev: (115.38, 59.41)
[0000][PE] low and high boundaries for proper pairs: (1, 418)
[0000][PE] skip orientation FF
[0000][PE] skip orientation RF
[0000][PE] skip orientation RR
[0000] 3. Calling kt_for - worker_sam
	[0000][ M::mem_process_seqs] Processed 3578526 reads in 730.837 CPU sec, 19.040 real sec
[0000] Calling mem_process_seqs.., task: 1
[0000] 1. Calling kt_for - worker_bwt
[0000] 2. Calling kt_for - worker_aln
[0000] Inferring insert size distribution of PE reads from data, l_pac: 689690477, n: 859060
[0000][PE] # candidate unique pairs for (FF, FR, RF, RR): (42, 323305, 12, 33)
[0000][PE] analyzing insert size distribution for orientation FF...
[0000][PE] (25, 50, 75) percentile: (77, 118, 171)
[0000][PE] low and high boundaries for computing mean and std.dev: (1, 359)
[0000][PE] mean and std.dev: (126.58, 72.14)
[0000][PE] low and high boundaries for proper pairs: (1, 453)
[0000][PE] analyzing insert size distribution for orientation FR...
[0000][PE] (25, 50, 75) percentile: (79, 112, 154)
[0000][PE] low and high boundaries for computing mean and std.dev: (1, 304)
[0000][PE] mean and std.dev: (120.25, 54.96)
[0000][PE] low and high boundaries for proper pairs: (1, 379)
[0000][PE] analyzing insert size distribution for orientation RF...
[0000][PE] (25, 50, 75) percentile: (16, 72, 133)
[0000][PE] low and high boundaries for computing mean and std.dev: (1, 367)
[0000][PE] mean and std.dev: (52.10, 47.70)
[0000][PE] low and high boundaries for proper pairs: (1, 484)
[0000][PE] analyzing insert size distribution for orientation RR...
[0000][PE] (25, 50, 75) percentile: (68, 98, 179)
[0000][PE] low and high boundaries for computing mean and std.dev: (1, 401)
[0000][PE] mean and std.dev: (111.40, 63.61)
[0000][PE] low and high boundaries for proper pairs: (1, 512)
[0000][PE] skip orientation FF
[0000][PE] skip orientation RF
[0000][PE] skip orientation RR
[0000] 3. Calling kt_for - worker_sam
	[0000][ M::mem_process_seqs] Processed 859060 reads in 194.109 CPU sec, 5.306 real sec
[0000] read_chunk: 400000000, work_chunk_size: 0, nseq: 0
[0000] read_chunk: 400000000, work_chunk_size: 0, nseq: 0
[0000] Computation ends..
No. of OMP threads: 40
Processor is running @2394.715868 MHz
Runtime profile:

	Time taken for main_mem function: 70.34 sec

	IO times (sec) :
	Reading IO time (reads) avg: 10.61, (10.61, 10.61)
	Writing IO time (SAM) avg: 5.92, (5.92, 5.92)
	Reading IO time (Reference Genome) avg: 0.65, (0.65, 0.65)
	Index read time avg: 0.24, (0.24, 0.24)

	Overall time (sec) (Excluding Index reading time):
	PROCESS() (Total compute time + (read + SAM) IO time) : 69.41
	MEM_PROCESS_SEQ() (Total compute time (Kernel + SAM)), avg: 24.34, (24.34, 24.34)

	 SAM Processing time (sec):
	--WORKER_SAM avg: 11.12, (11.12, 11.12)

	Kernels' compute time (sec):
	Total kernel (smem+sal+bsw) time avg: 12.74, (12.74, 12.74)
		MEM_ALN_CHAIN_FLT avg: 0.00, (0.00, 0.00)
		MEM_ALN_CHAIN_SEED avg: 0.00, (0.00, 0.00)
		ERT_SEED_CHAIN avg: 0.00, (0.00, 0.00)
	LEARNED_SEED_CHAIN avg: 5.79, (5.81, 5.77)
		SMEM compute avg: 0.00, (0.00, 0.00)
		SAL compute avg: 0.00, (0.00, 0.00)
				MEM_SA avg: 0.00, (0.00, 0.00)

		BSW time, avg: 6.65, (6.72, 6.58)

Important parameter settings: 
	BATCH_SIZE: 512
	MAX_SEQ_LEN_REF: 256
	MAX_SEQ_LEN_QER: 128
	MAX_SEQ_LEN8: 128
	SEEDS_PER_READ: 500
	SIMD_WIDTH8 X: 64
	SIMD_WIDTH16 X: 32
	AVG_SEEDS_PER_READ: 64
