Looking to launch executable "/opt/conda/bin/bwa-meme_mode3.avx512bw", simd = _mode3.avx512bw
Launching executable "/opt/conda/bin/bwa-meme_mode3.avx512bw"
-----------------------------
Executing in AVX512 mode!!
-----------------------------
* SA compression enabled with xfactor: 8
* Ref file: reference.genbank.Zdi.fasta
* Entering FMI_search
Reading other elements of the index from files reference.genbank.Zdi.fasta
* Index prefix: reference.genbank.Zdi.fasta
* Read 0 ALT contigs
* Reading reference genome..
* Binary seq file = reference.genbank.Zdi.fasta.0123
* Reference genome size: 1379380954 bp
* Done reading reference genome !!

------------------------------------------
1. Memory pre-allocation for Chaining: 5679.4903 MB
2. Memory pre-allocation for BSW: 9584.6810 MB
[M::memoryAllocLearned::MEME] Reading Learned-index models into memory
[Learned-Config] MODE:3 SEARCH_METHOD: 1 MEM_TRADEOFF:1 EXPONENTIAL_SMEMSEARCH: 1 DEBUG_MODE:0 Num 2nd Models:268435456 PWL Bits Used:28
[M::memoryAllocLearned::MEME] Loading RMI model and Pac reference file took 10.009 sec
[M::memoryAllocLearned::MEME] Reading suffix array into memory
[M::memoryAllocLearned::MEME] Loading pos_packed file took 12.640 sec
[M::memoryAllocLearned::MEME] Generating SA, 64-bit Suffix and ISA in memory
[M::memoryAllocLearned::MEME] Runtime-build-index took 12.118 sec
3. Memory pre-allocation for BWT: 7540.2955 MB
------------------------------------------
* Threads used (compute): 40
* No. of pipeline threads: 2

[0000] read_chunk: 400000000, work_chunk_size: 400000024, nseq: 4782274
	[0000][ M::kt_pipeline] read 4782274 sequences (400000024 bp)...
[0000] Reallocating initial memory allocations!!
[0000] Calling mem_process_seqs.., task: 0
[0000] 1. Calling kt_for - worker_bwt
[0000] 2. Calling kt_for - worker_aln
[0000] Inferring insert size distribution of PE reads from data, l_pac: 689690477, n: 4782274
[0000][PE] # candidate unique pairs for (FF, FR, RF, RR): (124, 2119057, 9, 94)
[0000][PE] analyzing insert size distribution for orientation FF...
[0000][PE] (25, 50, 75) percentile: (25, 37, 56)
[0000][PE] low and high boundaries for computing mean and std.dev: (1, 118)
[0000][PE] mean and std.dev: (41.27, 22.21)
[0000][PE] low and high boundaries for proper pairs: (1, 149)
[0000][PE] analyzing insert size distribution for orientation FR...
[0000][PE] (25, 50, 75) percentile: (59, 77, 100)
[0000][PE] low and high boundaries for computing mean and std.dev: (1, 182)
[0000][PE] mean and std.dev: (81.37, 29.79)
[0000][PE] low and high boundaries for proper pairs: (1, 223)
[0000][PE] skip orientation RF as there are not enough pairs
[0000][PE] analyzing insert size distribution for orientation RR...
[0000][PE] (25, 50, 75) percentile: (27, 40, 65)
[0000][PE] low and high boundaries for computing mean and std.dev: (1, 141)
[0000][PE] mean and std.dev: (46.45, 23.68)
[0000][PE] low and high boundaries for proper pairs: (1, 179)
[0000][PE] skip orientation FF
[0000][PE] skip orientation RR
[0000] 3. Calling kt_for - worker_sam
	[0000][ M::mem_process_seqs] Processed 4782274 reads in 258.131 CPU sec, 7.095 real sec
[0000] read_chunk: 400000000, work_chunk_size: 400000001, nseq: 4774392
	[0000][ M::kt_pipeline] read 4774392 sequences (400000001 bp)...
[0000] Calling mem_process_seqs.., task: 1
[0000] 1. Calling kt_for - worker_bwt
[0000] 2. Calling kt_for - worker_aln
[0000] Inferring insert size distribution of PE reads from data, l_pac: 689690477, n: 4774392
[0000][PE] # candidate unique pairs for (FF, FR, RF, RR): (160, 2102069, 14, 124)
[0000][PE] analyzing insert size distribution for orientation FF...
[0000][PE] (25, 50, 75) percentile: (26, 37, 60)
[0000][PE] low and high boundaries for computing mean and std.dev: (1, 128)
[0000][PE] mean and std.dev: (42.59, 23.25)
[0000][PE] low and high boundaries for proper pairs: (1, 162)
[0000][PE] analyzing insert size distribution for orientation FR...
[0000][PE] (25, 50, 75) percentile: (59, 77, 100)
[0000][PE] low and high boundaries for computing mean and std.dev: (1, 182)
[0000][PE] mean and std.dev: (81.31, 29.77)
[0000][PE] low and high boundaries for proper pairs: (1, 223)
[0000][PE] analyzing insert size distribution for orientation RF...
[0000][PE] (25, 50, 75) percentile: (27, 99, 203)
[0000][PE] low and high boundaries for computing mean and std.dev: (1, 555)
[0000][PE] mean and std.dev: (98.92, 93.21)
[0000][PE] low and high boundaries for proper pairs: (1, 731)
[0000][PE] analyzing insert size distribution for orientation RR...
[0000][PE] (25, 50, 75) percentile: (30, 42, 68)
[0000][PE] low and high boundaries for computing mean and std.dev: (1, 144)
[0000][PE] mean and std.dev: (49.95, 28.70)
[0000][PE] low and high boundaries for proper pairs: (1, 182)
[0000][PE] skip orientation FF
[0000][PE] skip orientation RF
[0000][PE] skip orientation RR
[0000] 3. Calling kt_for - worker_sam
	[0000][ M::mem_process_seqs] Processed 4774392 reads in 267.503 CPU sec, 7.322 real sec
[0000] read_chunk: 400000000, work_chunk_size: 400000202, nseq: 4766818
	[0000][ M::kt_pipeline] read 4766818 sequences (400000202 bp)...
[0000] Calling mem_process_seqs.., task: 2
[0000] 1. Calling kt_for - worker_bwt
[0000] 2. Calling kt_for - worker_aln
[0000] Inferring insert size distribution of PE reads from data, l_pac: 689690477, n: 4766818
[0000][PE] # candidate unique pairs for (FF, FR, RF, RR): (105, 2095506, 12, 97)
[0000][PE] analyzing insert size distribution for orientation FF...
[0000][PE] (25, 50, 75) percentile: (29, 44, 69)
[0000][PE] low and high boundaries for computing mean and std.dev: (1, 149)
[0000][PE] mean and std.dev: (48.70, 27.97)
[0000][PE] low and high boundaries for proper pairs: (1, 189)
[0000][PE] analyzing insert size distribution for orientation FR...
[0000][PE] (25, 50, 75) percentile: (59, 77, 100)
[0000][PE] low and high boundaries for computing mean and std.dev: (1, 182)
[0000][PE] mean and std.dev: (81.33, 29.79)
[0000][PE] low and high boundaries for proper pairs: (1, 223)
[0000][PE] analyzing insert size distribution for orientation RF...
[0000][PE] (25, 50, 75) percentile: (20, 152, 1040)
[0000][PE] low and high boundaries for computing mean and std.dev: (1, 3080)
[0000][PE] mean and std.dev: (411.08, 477.51)
[0000][PE] low and high boundaries for proper pairs: (1, 4100)
[0000][PE] analyzing insert size distribution for orientation RR...
[0000][PE] (25, 50, 75) percentile: (26, 43, 78)
[0000][PE] low and high boundaries for computing mean and std.dev: (1, 182)
[0000][PE] mean and std.dev: (52.99, 34.39)
[0000][PE] low and high boundaries for proper pairs: (1, 234)
[0000][PE] skip orientation FF
[0000][PE] skip orientation RF
[0000][PE] skip orientation RR
[0000] 3. Calling kt_for - worker_sam
	[0000][ M::mem_process_seqs] Processed 4766818 reads in 272.139 CPU sec, 7.406 real sec
[0000] read_chunk: 400000000, work_chunk_size: 400000057, nseq: 4782584
	[0000][ M::kt_pipeline] read 4782584 sequences (400000057 bp)...
[0000] Reallocating initial memory allocations!!
[0000] Calling mem_process_seqs.., task: 3
[0000] 1. Calling kt_for - worker_bwt
[0000] 2. Calling kt_for - worker_aln
[0000] read_chunk: 400000000, work_chunk_size: 400000111, nseq: 4790610
	[0000][ M::kt_pipeline] read 4790610 sequences (400000111 bp)...
[0000] Inferring insert size distribution of PE reads from data, l_pac: 689690477, n: 4782584
[0000][PE] # candidate unique pairs for (FF, FR, RF, RR): (130, 2111288, 5, 104)
[0000][PE] analyzing insert size distribution for orientation FF...
[0000][PE] (25, 50, 75) percentile: (25, 35, 58)
[0000][PE] low and high boundaries for computing mean and std.dev: (1, 124)
[0000][PE] mean and std.dev: (42.52, 25.50)
[0000][PE] low and high boundaries for proper pairs: (1, 157)
[0000][PE] analyzing insert size distribution for orientation FR...
[0000][PE] (25, 50, 75) percentile: (59, 77, 100)
[0000][PE] low and high boundaries for computing mean and std.dev: (1, 182)
[0000][PE] mean and std.dev: (81.33, 29.80)
[0000][PE] low and high boundaries for proper pairs: (1, 223)
[0000][PE] skip orientation RF as there are not enough pairs
[0000][PE] analyzing insert size distribution for orientation RR...
[0000][PE] (25, 50, 75) percentile: (26, 37, 62)
[0000][PE] low and high boundaries for computing mean and std.dev: (1, 134)
[0000][PE] mean and std.dev: (44.21, 25.30)
[0000][PE] low and high boundaries for proper pairs: (1, 170)
[0000][PE] skip orientation FF
[0000][PE] skip orientation RR
[0000] 3. Calling kt_for - worker_sam
	[0000][ M::mem_process_seqs] Processed 4782584 reads in 258.363 CPU sec, 6.989 real sec
[0000] Reallocating initial memory allocations!!
[0000] Calling mem_process_seqs.., task: 4
[0000] 1. Calling kt_for - worker_bwt
[0000] 2. Calling kt_for - worker_aln
[0000] Inferring insert size distribution of PE reads from data, l_pac: 689690477, n: 4790610
[0000][PE] # candidate unique pairs for (FF, FR, RF, RR): (122, 2123262, 9, 121)
[0000][PE] analyzing insert size distribution for orientation FF...
[0000][PE] (25, 50, 75) percentile: (25, 41, 61)
[0000][PE] low and high boundaries for computing mean and std.dev: (1, 133)
[0000][PE] mean and std.dev: (44.42, 24.45)
[0000][PE] low and high boundaries for proper pairs: (1, 169)
[0000][PE] analyzing insert size distribution for orientation FR...
[0000][PE] (25, 50, 75) percentile: (59, 77, 100)
[0000][PE] low and high boundaries for computing mean and std.dev: (1, 182)
[0000][PE] mean and std.dev: (81.32, 29.79)
[0000][PE] low and high boundaries for proper pairs: (1, 223)
[0000][PE] skip orientation RF as there are not enough pairs
[0000][PE] analyzing insert size distribution for orientation RR...
[0000][PE] (25, 50, 75) percentile: (28, 42, 69)
[0000][PE] low and high boundaries for computing mean and std.dev: (1, 151)
[0000][PE] mean and std.dev: (46.97, 27.74)
[0000][PE] low and high boundaries for proper pairs: (1, 192)
[0000][PE] skip orientation FF
[0000][PE] skip orientation RR
[0000] 3. Calling kt_for - worker_sam
[0000] read_chunk: 400000000, work_chunk_size: 267616025, nseq: 3202794
	[0000][ M::kt_pipeline] read 3202794 sequences (267616025 bp)...
	[0000][ M::mem_process_seqs] Processed 4790610 reads in 256.617 CPU sec, 6.961 real sec
[0000] Calling mem_process_seqs.., task: 5
[0000] 1. Calling kt_for - worker_bwt
[0000] 2. Calling kt_for - worker_aln
[0000] Inferring insert size distribution of PE reads from data, l_pac: 689690477, n: 3202794
[0000][PE] # candidate unique pairs for (FF, FR, RF, RR): (79, 1419232, 2, 87)
[0000][PE] analyzing insert size distribution for orientation FF...
[0000][PE] (25, 50, 75) percentile: (22, 34, 55)
[0000][PE] low and high boundaries for computing mean and std.dev: (1, 121)
[0000][PE] mean and std.dev: (39.49, 24.08)
[0000][PE] low and high boundaries for proper pairs: (1, 154)
[0000][PE] analyzing insert size distribution for orientation FR...
[0000][PE] (25, 50, 75) percentile: (59, 77, 100)
[0000][PE] low and high boundaries for computing mean and std.dev: (1, 182)
[0000][PE] mean and std.dev: (81.33, 29.80)
[0000][PE] low and high boundaries for proper pairs: (1, 223)
[0000][PE] skip orientation RF as there are not enough pairs
[0000][PE] analyzing insert size distribution for orientation RR...
[0000][PE] (25, 50, 75) percentile: (31, 40, 69)
[0000][PE] low and high boundaries for computing mean and std.dev: (1, 145)
[0000][PE] mean and std.dev: (47.97, 24.42)
[0000][PE] low and high boundaries for proper pairs: (1, 183)
[0000][PE] skip orientation FF
[0000][PE] skip orientation RR
[0000] 3. Calling kt_for - worker_sam
	[0000][ M::mem_process_seqs] Processed 3202794 reads in 172.658 CPU sec, 4.960 real sec
[0000] read_chunk: 400000000, work_chunk_size: 0, nseq: 0
[0000] read_chunk: 400000000, work_chunk_size: 0, nseq: 0
[0000] Computation ends..
No. of OMP threads: 40
Processor is running @2394.733112 MHz
Runtime profile:

	Time taken for main_mem function: 104.63 sec

	IO times (sec) :
	Reading IO time (reads) avg: 59.49, (59.49, 59.49)
	Writing IO time (SAM) avg: 17.25, (17.25, 17.25)
	Reading IO time (Reference Genome) avg: 0.54, (0.54, 0.54)
	Index read time avg: 0.22, (0.22, 0.22)

	Overall time (sec) (Excluding Index reading time):
	PROCESS() (Total compute time + (read + SAM) IO time) : 103.82
	MEM_PROCESS_SEQ() (Total compute time (Kernel + SAM)), avg: 40.73, (40.73, 40.73)

	 SAM Processing time (sec):
	--WORKER_SAM avg: 10.74, (10.74, 10.74)

	Kernels' compute time (sec):
	Total kernel (smem+sal+bsw) time avg: 27.51, (27.51, 27.51)
		MEM_ALN_CHAIN_FLT avg: 0.00, (0.00, 0.00)
		MEM_ALN_CHAIN_SEED avg: 0.00, (0.00, 0.00)
		ERT_SEED_CHAIN avg: 0.00, (0.00, 0.00)
	LEARNED_SEED_CHAIN avg: 14.54, (14.57, 14.48)
		SMEM compute avg: 0.00, (0.00, 0.00)
		SAL compute avg: 0.00, (0.00, 0.00)
				MEM_SA avg: 0.00, (0.00, 0.00)

		BSW time, avg: 12.34, (12.43, 12.12)

Important parameter settings: 
	BATCH_SIZE: 512
	MAX_SEQ_LEN_REF: 256
	MAX_SEQ_LEN_QER: 128
	MAX_SEQ_LEN8: 128
	SEEDS_PER_READ: 500
	SIMD_WIDTH8 X: 64
	SIMD_WIDTH16 X: 32
	AVG_SEEDS_PER_READ: 64
