Looking to launch executable "/opt/conda/bin/bwa-meme_mode3.avx512bw", simd = _mode3.avx512bw
Launching executable "/opt/conda/bin/bwa-meme_mode3.avx512bw"
-----------------------------
Executing in AVX512 mode!!
-----------------------------
* SA compression enabled with xfactor: 8
* Ref file: reference.genbank.Zdi.fasta
* Entering FMI_search
Reading other elements of the index from files reference.genbank.Zdi.fasta
* Index prefix: reference.genbank.Zdi.fasta
* Read 0 ALT contigs
* Reading reference genome..
* Binary seq file = reference.genbank.Zdi.fasta.0123
* Reference genome size: 1379380954 bp
* Done reading reference genome !!

------------------------------------------
1. Memory pre-allocation for Chaining: 5679.4903 MB
2. Memory pre-allocation for BSW: 9584.6810 MB
[M::memoryAllocLearned::MEME] Reading Learned-index models into memory
[Learned-Config] MODE:3 SEARCH_METHOD: 1 MEM_TRADEOFF:1 EXPONENTIAL_SMEMSEARCH: 1 DEBUG_MODE:0 Num 2nd Models:268435456 PWL Bits Used:28
[M::memoryAllocLearned::MEME] Loading RMI model and Pac reference file took 10.441 sec
[M::memoryAllocLearned::MEME] Reading suffix array into memory
[M::memoryAllocLearned::MEME] Loading pos_packed file took 13.455 sec
[M::memoryAllocLearned::MEME] Generating SA, 64-bit Suffix and ISA in memory
[M::memoryAllocLearned::MEME] Runtime-build-index took 16.172 sec
3. Memory pre-allocation for BWT: 7540.2955 MB
------------------------------------------
* Threads used (compute): 40
* No. of pipeline threads: 2

[0000] read_chunk: 400000000, work_chunk_size: 400000096, nseq: 3943860
	[0000][ M::kt_pipeline] read 3943860 sequences (400000096 bp)...
[0000] Reallocating initial memory allocations!!
[0000] Calling mem_process_seqs.., task: 0
[0000] 1. Calling kt_for - worker_bwt
[0000] read_chunk: 400000000, work_chunk_size: 138678942, nseq: 1363506
	[0000][ M::kt_pipeline] read 1363506 sequences (138678942 bp)...
[0000] 2. Calling kt_for - worker_aln
[0000] Inferring insert size distribution of PE reads from data, l_pac: 689690477, n: 3943860
[0000][PE] # candidate unique pairs for (FF, FR, RF, RR): (38, 1575709, 40, 36)
[0000][PE] analyzing insert size distribution for orientation FF...
[0000][PE] (25, 50, 75) percentile: (71, 131, 419)
[0000][PE] low and high boundaries for computing mean and std.dev: (1, 1115)
[0000][PE] mean and std.dev: (163.19, 163.76)
[0000][PE] low and high boundaries for proper pairs: (1, 1463)
[0000][PE] analyzing insert size distribution for orientation FR...
[0000][PE] (25, 50, 75) percentile: (67, 97, 139)
[0000][PE] low and high boundaries for computing mean and std.dev: (1, 283)
[0000][PE] mean and std.dev: (106.81, 52.13)
[0000][PE] low and high boundaries for proper pairs: (1, 355)
[0000][PE] analyzing insert size distribution for orientation RF...
[0000][PE] (25, 50, 75) percentile: (63, 227, 599)
[0000][PE] low and high boundaries for computing mean and std.dev: (1, 1671)
[0000][PE] mean and std.dev: (318.78, 350.13)
[0000][PE] low and high boundaries for proper pairs: (1, 2207)
[0000][PE] analyzing insert size distribution for orientation RR...
[0000][PE] (25, 50, 75) percentile: (47, 110, 365)
[0000][PE] low and high boundaries for computing mean and std.dev: (1, 1001)
[0000][PE] mean and std.dev: (132.48, 148.59)
[0000][PE] low and high boundaries for proper pairs: (1, 1319)
[0000][PE] skip orientation FF
[0000][PE] skip orientation RF
[0000][PE] skip orientation RR
[0000] 3. Calling kt_for - worker_sam
	[0000][ M::mem_process_seqs] Processed 3943860 reads in 615.647 CPU sec, 16.081 real sec
[0000] Calling mem_process_seqs.., task: 1
[0000] 1. Calling kt_for - worker_bwt
[0000] 2. Calling kt_for - worker_aln
[0000] Inferring insert size distribution of PE reads from data, l_pac: 689690477, n: 1363506
[0000][PE] # candidate unique pairs for (FF, FR, RF, RR): (12, 540854, 10, 11)
[0000][PE] analyzing insert size distribution for orientation FF...
[0000][PE] (25, 50, 75) percentile: (15, 89, 161)
[0000][PE] low and high boundaries for computing mean and std.dev: (1, 453)
[0000][PE] mean and std.dev: (66.90, 57.49)
[0000][PE] low and high boundaries for proper pairs: (1, 599)
[0000][PE] analyzing insert size distribution for orientation FR...
[0000][PE] (25, 50, 75) percentile: (67, 97, 139)
[0000][PE] low and high boundaries for computing mean and std.dev: (1, 283)
[0000][PE] mean and std.dev: (106.89, 52.19)
[0000][PE] low and high boundaries for proper pairs: (1, 355)
[0000][PE] analyzing insert size distribution for orientation RF...
[0000][PE] (25, 50, 75) percentile: (20, 38, 450)
[0000][PE] low and high boundaries for computing mean and std.dev: (1, 1310)
[0000][PE] mean and std.dev: (223.20, 341.10)
[0000][PE] low and high boundaries for proper pairs: (1, 1740)
[0000][PE] analyzing insert size distribution for orientation RR...
[0000][PE] (25, 50, 75) percentile: (38, 62, 140)
[0000][PE] low and high boundaries for computing mean and std.dev: (1, 344)
[0000][PE] mean and std.dev: (72.90, 50.62)
[0000][PE] low and high boundaries for proper pairs: (1, 446)
[0000][PE] skip orientation FF
[0000][PE] skip orientation RF
[0000][PE] skip orientation RR
[0000] 3. Calling kt_for - worker_sam
[0000] read_chunk: 400000000, work_chunk_size: 0, nseq: 0
	[0000][ M::mem_process_seqs] Processed 1363506 reads in 224.171 CPU sec, 6.167 real sec
[0000] read_chunk: 400000000, work_chunk_size: 0, nseq: 0
[0000] Computation ends..
No. of OMP threads: 40
Processor is running @2394.711278 MHz
Runtime profile:

	Time taken for main_mem function: 66.95 sec

	IO times (sec) :
	Reading IO time (reads) avg: 12.06, (12.06, 12.06)
	Writing IO time (SAM) avg: 6.56, (6.56, 6.56)
	Reading IO time (Reference Genome) avg: 0.64, (0.64, 0.64)
	Index read time avg: 0.24, (0.24, 0.24)

	Overall time (sec) (Excluding Index reading time):
	PROCESS() (Total compute time + (read + SAM) IO time) : 66.03
	MEM_PROCESS_SEQ() (Total compute time (Kernel + SAM)), avg: 22.25, (22.25, 22.25)

	 SAM Processing time (sec):
	--WORKER_SAM avg: 10.20, (10.20, 10.20)

	Kernels' compute time (sec):
	Total kernel (smem+sal+bsw) time avg: 11.46, (11.46, 11.46)
		MEM_ALN_CHAIN_FLT avg: 0.00, (0.00, 0.00)
		MEM_ALN_CHAIN_SEED avg: 0.00, (0.00, 0.00)
		ERT_SEED_CHAIN avg: 0.00, (0.00, 0.00)
	LEARNED_SEED_CHAIN avg: 5.03, (5.05, 5.02)
		SMEM compute avg: 0.00, (0.00, 0.00)
		SAL compute avg: 0.00, (0.00, 0.00)
				MEM_SA avg: 0.00, (0.00, 0.00)

		BSW time, avg: 6.12, (6.19, 6.06)

Important parameter settings: 
	BATCH_SIZE: 512
	MAX_SEQ_LEN_REF: 256
	MAX_SEQ_LEN_QER: 128
	MAX_SEQ_LEN8: 128
	SEEDS_PER_READ: 500
	SIMD_WIDTH8 X: 64
	SIMD_WIDTH16 X: 32
	AVG_SEEDS_PER_READ: 64
