[2024-09-08 20:24:28,775] multiqc                                            [DEBUG  ]  This is MultiQC v1.13
[2024-09-08 20:24:28,784] multiqc                                            [DEBUG  ]  Found command line config: {'max_table_rows': 3000}
[2024-09-08 20:24:28,785] multiqc                                            [DEBUG  ]  New config: {'max_table_rows': 3000}
[2024-09-08 20:24:28,785] multiqc                                            [DEBUG  ]  Command used: /opt/conda/bin/multiqc -v -p -ip -f --data-dir --data-format tsv --cl-config max_table_rows: 3000 --filename 1st_fastp_report --outdir fq_fp1 fq_fp1
[2024-09-08 20:24:29,515] multiqc                                            [WARNING]  MultiQC Version v1.24.1 now available!
[2024-09-08 20:24:29,515] multiqc                                            [DEBUG  ]  Working dir : /archive/carpenterlab/pire/pire_zenarchopterus_dispar_lcwgs/2nd_sequencing_run
[2024-09-08 20:24:29,515] multiqc                                            [DEBUG  ]  Template    : default
[2024-09-08 20:24:29,515] multiqc                                            [DEBUG  ]  Running Python 3.9.12 (main, Aug 29 2022, 00:54:58)  [GCC 11.2.0]
[2024-09-08 20:24:29,516] multiqc                                            [DEBUG  ]  Analysing modules: custom_content, ccs, ngsderive, purple, conpair, lima, peddy, somalier, methylQA, mosdepth, phantompeakqualtools, qualimap, preseq, quast, qorts, rna_seqc, rockhopper, rsem, rseqc, busco, bustools, goleft_indexcov, gffcompare, disambiguate, supernova, deeptools, sargasso, verifybamid, mirtrace, happy, mirtop, sambamba, homer, hops, macs2, theta2, snpeff, gatk, htseq, bcftools, featureCounts, fgbio, dragen, dedup, pbmarkdup, damageprofiler, biobambam2, jcvi, mtnucratio, picard, vep, sentieon, prokka, qc3C, nanostat, samblaster, samtools, sexdeterrmine, eigenstratdatabasetools, bamtools, jellyfish, vcftools, longranger, stacks, varscan2, snippy, bbmap, bismark, biscuit, hicexplorer, hicup, hicpro, salmon, kallisto, slamdunk, star, hisat2, tophat, bowtie2, bowtie1, snpsplit, odgi, pangolin, kat, leehom, adapterRemoval, clipandmerge, cutadapt, flexbar, kaiju, kraken, malt, trimmomatic, sickle, skewer, sortmerna, biobloomtools, fastq_screen, afterqc, fastp, fastqc, pychopper, pycoqc, minionqc, multivcfanalyzer, clusterflow, checkqc, bcl2fastq, bclconvert, interop, ivar, flash, seqyclean, optitype, whatshap
[2024-09-08 20:24:29,516] multiqc                                            [DEBUG  ]  Using temporary directory for creating report: /tmp/tmp87z69fil
[2024-09-08 20:24:29,745] multiqc                                            [INFO   ]  Search path : /archive/carpenterlab/pire/pire_zenarchopterus_dispar_lcwgs/2nd_sequencing_run/fq_fp1
[2024-09-08 20:24:51,275] multiqc                                            [DEBUG  ]  Summary of files that were skipped by the search: [skipped_module_specific_max_filesize: 576] // [skipped_no_match: 480] // [skipped_ignore_pattern: 384]
[2024-09-08 20:24:52,451] multiqc.plots.bargraph                             [DEBUG  ]  Using matplotlib version 3.1.2
[2024-09-08 20:24:52,452] multiqc.plots.linegraph                            [DEBUG  ]  Using matplotlib version 3.1.2
[2024-09-08 20:24:52,454] multiqc                                            [DEBUG  ]  No samples found: custom_content
[2024-09-08 20:24:55,216] multiqc.modules.fastp.fastp                        [INFO   ]  Found 96 reports
[2024-09-08 20:25:36,445] multiqc                                            [INFO   ]  Compressing plot data
[2024-09-08 20:25:44,606] multiqc                                            [INFO   ]  Report      : fq_fp1/1st_fastp_report.html
[2024-09-08 20:25:44,607] multiqc                                            [INFO   ]  Data        : fq_fp1/1st_fastp_report_data
[2024-09-08 20:25:44,607] multiqc                                            [DEBUG  ]  Moving data file from '/tmp/tmp87z69fil/multiqc_data' to 'fq_fp1/1st_fastp_report_data'
[2024-09-08 20:25:46,978] multiqc                                            [INFO   ]  Plots       : fq_fp1/1st_fastp_report_plots
[2024-09-08 20:25:46,978] multiqc                                            [DEBUG  ]  Moving plots directory from '/tmp/tmp87z69fil/multiqc_plots' to 'fq_fp1/1st_fastp_report_plots'
[2024-09-08 20:25:50,764] multiqc                                            [INFO   ]  MultiQC complete
